/*C4*/SET SCHEMA PUBLIC
DISCONNECT
/*C5*/SET SCHEMA PUBLIC
ALTER TABLE USUARIO DROP CONSTRAINT FK_USUARIO_FAV_ID
ALTER TABLE USUARIO DROP CONSTRAINT FK_USUARIO_SUSCRIPCION_ID
ALTER TABLE LISTAREPRODUCCION DROP CONSTRAINT FK_LISTAREPRODUCCION_GENERO_NOMBRE
ALTER TABLE LISTAREPRODUCCION DROP CONSTRAINT FK_LISTAREPRODUCCION_CLIENTE_NICKNAME
ALTER TABLE FAVORITOS DROP CONSTRAINT FK_FAVORITOS_CLIENTE_NICKNAME
ALTER TABLE SUSCRIPCION DROP CONSTRAINT FK_SUSCRIPCION_SUSCRIPTO_NICKNAME
ALTER TABLE ALBUM_FAVORITOS DROP CONSTRAINT FK_ALBUM_FAVORITOS_Album_NOMBRE
ALTER TABLE ALBUM_FAVORITOS DROP CONSTRAINT FK_ALBUM_FAVORITOS_listFavoritos_ID
ALTER TABLE ALBUM_GENERO DROP CONSTRAINT FK_ALBUM_GENERO_Album_NOMBRE
ALTER TABLE ALBUM_GENERO DROP CONSTRAINT FK_ALBUM_GENERO_listGenero_NOMBRE
ALTER TABLE ALBUM_TEMAS DROP CONSTRAINT FK_ALBUM_TEMAS_Album_NOMBRE
ALTER TABLE ALBUM_TEMAS DROP CONSTRAINT FK_ALBUM_TEMAS_listTemas_NOMBRE
ALTER TABLE USUARIO_LISTAREPRODUCCION DROP CONSTRAINT FK_USUARIO_LISTAREPRODUCCION_Cliente_NICKNAME
ALTER TABLE USUARIO_LISTAREPRODUCCION DROP CONSTRAINT USUARIOLISTAREPRODUCCIONlistasReprParticularNOMBRE
ALTER TABLE TEMAS_FAVORITOS DROP CONSTRAINT FK_TEMAS_FAVORITOS_Temas_NOMBRE
ALTER TABLE TEMAS_FAVORITOS DROP CONSTRAINT FK_TEMAS_FAVORITOS_listFavoritos_ID
ALTER TABLE TEMAS_LISTAREPRODUCCION DROP CONSTRAINT FK_TEMAS_LISTAREPRODUCCION_Temas_NOMBRE
ALTER TABLE TEMAS_LISTAREPRODUCCION DROP CONSTRAINT FK_TEMAS_LISTAREPRODUCCION_listaR_NOMBRE
ALTER TABLE USUARIO_ALBUM DROP CONSTRAINT FK_USUARIO_ALBUM_listAlbum_NOMBRE
ALTER TABLE USUARIO_ALBUM DROP CONSTRAINT FK_USUARIO_ALBUM_Artista_NICKNAME
ALTER TABLE USUARIO_USUARIO DROP CONSTRAINT FK_USUARIO_USUARIO_lstSeguidos_NICKNAME
ALTER TABLE USUARIO_USUARIO DROP CONSTRAINT FK_USUARIO_USUARIO_Usuario_NICKNAME
ALTER TABLE LISTAREPRODUCCION_FAVORITOS DROP CONSTRAINT FK_LISTAREPRODUCCION_FAVORITOS_listFavoritos_ID
ALTER TABLE LISTAREPRODUCCION_FAVORITOS DROP CONSTRAINT LISTAREPRODUCCIONFAVORITOSListaReproduccion_NOMBRE
ALTER TABLE LISTAREPRODUCCION_TEMAS DROP CONSTRAINT LISTAREPRODUCCION_TEMAS_ListaReproduccion_NOMBRE
ALTER TABLE LISTAREPRODUCCION_TEMAS DROP CONSTRAINT FK_LISTAREPRODUCCION_TEMAS_listaTemas_NOMBRE
ALTER TABLE FAVORITOS_ALBUM DROP CONSTRAINT FK_FAVORITOS_ALBUM_listAlbum_NOMBRE
ALTER TABLE FAVORITOS_ALBUM DROP CONSTRAINT FK_FAVORITOS_ALBUM_Favoritos_ID
ALTER TABLE FAVORITOS_LISTAREPRODUCCION DROP CONSTRAINT FK_FAVORITOS_LISTAREPRODUCCION_Favoritos_ID
ALTER TABLE FAVORITOS_LISTAREPRODUCCION DROP CONSTRAINT FK_FAVORITOS_LISTAREPRODUCCION_listRep_NOMBRE
ALTER TABLE FAVORITOS_TEMAS DROP CONSTRAINT FK_FAVORITOS_TEMAS_Favoritos_ID
ALTER TABLE FAVORITOS_TEMAS DROP CONSTRAINT FK_FAVORITOS_TEMAS_listTemas_NOMBRE
ALTER TABLE GENERO_ALBUM DROP CONSTRAINT FK_GENERO_ALBUM_listAlbum_NOMBRE
ALTER TABLE GENERO_ALBUM DROP CONSTRAINT FK_GENERO_ALBUM_Genero_NOMBRE
ALTER TABLE GENERO_GENERO DROP CONSTRAINT FK_GENERO_GENERO_listHijos_NOMBRE
ALTER TABLE GENERO_GENERO DROP CONSTRAINT FK_GENERO_GENERO_Genero_NOMBRE
ALTER TABLE GENERO_LISTAREPRODUCCION DROP CONSTRAINT FK_GENERO_LISTAREPRODUCCION_Genero_NOMBRE
ALTER TABLE GENERO_LISTAREPRODUCCION DROP CONSTRAINT GENERO_LISTAREPRODUCCION_listasReprGenero_NOMBRE
DROP TABLE ALBUM
DROP TABLE USUARIO
DROP TABLE TEMAS
DROP TABLE LISTAREPRODUCCION
DROP TABLE FAVORITOS
DROP TABLE GENERO
DROP TABLE SUSCRIPCION
DROP TABLE ALBUM_FAVORITOS
DROP TABLE ALBUM_GENERO
DROP TABLE ALBUM_TEMAS
DROP TABLE USUARIO_LISTAREPRODUCCION
DROP TABLE TEMAS_FAVORITOS
DROP TABLE TEMAS_LISTAREPRODUCCION
DROP TABLE USUARIO_ALBUM
DROP TABLE USUARIO_USUARIO
DROP TABLE LISTAREPRODUCCION_FAVORITOS
DROP TABLE LISTAREPRODUCCION_TEMAS
DROP TABLE FAVORITOS_ALBUM
DROP TABLE FAVORITOS_LISTAREPRODUCCION
DROP TABLE FAVORITOS_TEMAS
DROP TABLE GENERO_ALBUM
DROP TABLE GENERO_GENERO
DROP TABLE GENERO_LISTAREPRODUCCION
DELETE FROM SEQUENCE WHERE SEQ_NAME='SEQ_GEN'
COMMIT
CREATE TABLE ALBUM (NOMBRE VARCHAR(255) NOT NULL, ANIOCREADO INTEGER, IMAGENALBUM VARCHAR(255), PRIMARY KEY (NOMBRE))
CREATE TABLE USUARIO (NICKNAME VARCHAR(255) NOT NULL, DTYPE VARCHAR(31), APELLIDO VARCHAR(255), CONTRASENIA VARCHAR(255), F_NAC LONGVARBINARY, IMAGEN VARCHAR(255), MAIL VARCHAR(255), NOMBRE VARCHAR(255), FAV_ID BIGINT, SUSCRIPCION_ID BIGINT, BIOGRAFIA VARCHAR(255), LINK VARCHAR(255), PRIMARY KEY (NICKNAME))
CREATE TABLE TEMAS (NOMBRE VARCHAR(255) NOT NULL, ARCHIVO VARCHAR(255), DURACION VARCHAR(255), POSICION INTEGER, PRIMARY KEY (NOMBRE))
CREATE TABLE LISTAREPRODUCCION (NOMBRE VARCHAR(255) NOT NULL, DTYPE VARCHAR(31), IMAGEN VARCHAR(255), GENERO_NOMBRE VARCHAR(255), ESPRIVADA BOOLEAN, CLIENTE_NICKNAME VARCHAR(255), PRIMARY KEY (NOMBRE))
CREATE TABLE FAVORITOS (ID BIGINT NOT NULL, CLIENTE_NICKNAME VARCHAR(255), PRIMARY KEY (ID))
CREATE TABLE GENERO (NOMBRE VARCHAR(255) NOT NULL, PADRE VARCHAR(255), PRIMARY KEY (NOMBRE))
CREATE TABLE SUSCRIPCION (ID BIGINT NOT NULL, CUOTA INTEGER, F_VENCE LONGVARBINARY, STATUS INTEGER, SUSCRIPTO_NICKNAME VARCHAR(255), PRIMARY KEY (ID))
CREATE TABLE ALBUM_FAVORITOS (Album_NOMBRE VARCHAR(255) NOT NULL, listFavoritos_ID BIGINT NOT NULL, PRIMARY KEY (Album_NOMBRE, listFavoritos_ID))
CREATE TABLE ALBUM_GENERO (Album_NOMBRE VARCHAR(255) NOT NULL, listGenero_NOMBRE VARCHAR(255) NOT NULL, PRIMARY KEY (Album_NOMBRE, listGenero_NOMBRE))
CREATE TABLE ALBUM_TEMAS (Album_NOMBRE VARCHAR(255) NOT NULL, listTemas_NOMBRE VARCHAR(255) NOT NULL, PRIMARY KEY (Album_NOMBRE, listTemas_NOMBRE))
CREATE TABLE USUARIO_LISTAREPRODUCCION (Cliente_NICKNAME VARCHAR(255) NOT NULL, listasReprParticular_NOMBRE VARCHAR(255) NOT NULL, PRIMARY KEY (Cliente_NICKNAME, listasReprParticular_NOMBRE))
CREATE TABLE TEMAS_FAVORITOS (Temas_NOMBRE VARCHAR(255) NOT NULL, listFavoritos_ID BIGINT NOT NULL, PRIMARY KEY (Temas_NOMBRE, listFavoritos_ID))
CREATE TABLE TEMAS_LISTAREPRODUCCION (Temas_NOMBRE VARCHAR(255) NOT NULL, listaR_NOMBRE VARCHAR(255) NOT NULL, LISTAR_KEY VARCHAR(255), PRIMARY KEY (Temas_NOMBRE, listaR_NOMBRE))
CREATE TABLE USUARIO_ALBUM (Artista_NICKNAME VARCHAR(255) NOT NULL, listAlbum_NOMBRE VARCHAR(255) NOT NULL, PRIMARY KEY (Artista_NICKNAME, listAlbum_NOMBRE))
CREATE TABLE USUARIO_USUARIO (Usuario_NICKNAME VARCHAR(255) NOT NULL, lstSeguidos_NICKNAME VARCHAR(255) NOT NULL, PRIMARY KEY (Usuario_NICKNAME, lstSeguidos_NICKNAME))
CREATE TABLE LISTAREPRODUCCION_FAVORITOS (ListaReproduccion_NOMBRE VARCHAR(255) NOT NULL, listFavoritos_ID BIGINT NOT NULL, PRIMARY KEY (ListaReproduccion_NOMBRE, listFavoritos_ID))
CREATE TABLE LISTAREPRODUCCION_TEMAS (ListaReproduccion_NOMBRE VARCHAR(255) NOT NULL, listaTemas_NOMBRE VARCHAR(255) NOT NULL, PRIMARY KEY (ListaReproduccion_NOMBRE, listaTemas_NOMBRE))
CREATE TABLE FAVORITOS_ALBUM (Favoritos_ID BIGINT NOT NULL, listAlbum_NOMBRE VARCHAR(255) NOT NULL, PRIMARY KEY (Favoritos_ID, listAlbum_NOMBRE))
CREATE TABLE FAVORITOS_LISTAREPRODUCCION (Favoritos_ID BIGINT NOT NULL, listRep_NOMBRE VARCHAR(255) NOT NULL, PRIMARY KEY (Favoritos_ID, listRep_NOMBRE))
CREATE TABLE FAVORITOS_TEMAS (Favoritos_ID BIGINT NOT NULL, listTemas_NOMBRE VARCHAR(255) NOT NULL, PRIMARY KEY (Favoritos_ID, listTemas_NOMBRE))
CREATE TABLE GENERO_ALBUM (Genero_NOMBRE VARCHAR(255) NOT NULL, listAlbum_NOMBRE VARCHAR(255) NOT NULL, PRIMARY KEY (Genero_NOMBRE, listAlbum_NOMBRE))
CREATE TABLE GENERO_GENERO (Genero_NOMBRE VARCHAR(255) NOT NULL, listHijos_NOMBRE VARCHAR(255) NOT NULL, PRIMARY KEY (Genero_NOMBRE, listHijos_NOMBRE))
CREATE TABLE GENERO_LISTAREPRODUCCION (Genero_NOMBRE VARCHAR(255) NOT NULL, listasReprGenero_NOMBRE VARCHAR(255) NOT NULL, LISTASREPRGENERO_KEY VARCHAR(255), PRIMARY KEY (Genero_NOMBRE, listasReprGenero_NOMBRE))
ALTER TABLE USUARIO ADD CONSTRAINT FK_USUARIO_FAV_ID FOREIGN KEY (FAV_ID) REFERENCES FAVORITOS (ID)
ALTER TABLE USUARIO ADD CONSTRAINT FK_USUARIO_SUSCRIPCION_ID FOREIGN KEY (SUSCRIPCION_ID) REFERENCES SUSCRIPCION (ID)
ALTER TABLE LISTAREPRODUCCION ADD CONSTRAINT FK_LISTAREPRODUCCION_GENERO_NOMBRE FOREIGN KEY (GENERO_NOMBRE) REFERENCES GENERO (NOMBRE)
ALTER TABLE LISTAREPRODUCCION ADD CONSTRAINT FK_LISTAREPRODUCCION_CLIENTE_NICKNAME FOREIGN KEY (CLIENTE_NICKNAME) REFERENCES USUARIO (NICKNAME)
ALTER TABLE FAVORITOS ADD CONSTRAINT FK_FAVORITOS_CLIENTE_NICKNAME FOREIGN KEY (CLIENTE_NICKNAME) REFERENCES USUARIO (NICKNAME)
ALTER TABLE SUSCRIPCION ADD CONSTRAINT FK_SUSCRIPCION_SUSCRIPTO_NICKNAME FOREIGN KEY (SUSCRIPTO_NICKNAME) REFERENCES USUARIO (NICKNAME)
ALTER TABLE ALBUM_FAVORITOS ADD CONSTRAINT FK_ALBUM_FAVORITOS_Album_NOMBRE FOREIGN KEY (Album_NOMBRE) REFERENCES ALBUM (NOMBRE)
ALTER TABLE ALBUM_FAVORITOS ADD CONSTRAINT FK_ALBUM_FAVORITOS_listFavoritos_ID FOREIGN KEY (listFavoritos_ID) REFERENCES FAVORITOS (ID)
ALTER TABLE ALBUM_GENERO ADD CONSTRAINT FK_ALBUM_GENERO_Album_NOMBRE FOREIGN KEY (Album_NOMBRE) REFERENCES ALBUM (NOMBRE)
ALTER TABLE ALBUM_GENERO ADD CONSTRAINT FK_ALBUM_GENERO_listGenero_NOMBRE FOREIGN KEY (listGenero_NOMBRE) REFERENCES GENERO (NOMBRE)
ALTER TABLE ALBUM_TEMAS ADD CONSTRAINT FK_ALBUM_TEMAS_Album_NOMBRE FOREIGN KEY (Album_NOMBRE) REFERENCES ALBUM (NOMBRE)
ALTER TABLE ALBUM_TEMAS ADD CONSTRAINT FK_ALBUM_TEMAS_listTemas_NOMBRE FOREIGN KEY (listTemas_NOMBRE) REFERENCES TEMAS (NOMBRE)
ALTER TABLE USUARIO_LISTAREPRODUCCION ADD CONSTRAINT FK_USUARIO_LISTAREPRODUCCION_Cliente_NICKNAME FOREIGN KEY (Cliente_NICKNAME) REFERENCES USUARIO (NICKNAME)
ALTER TABLE USUARIO_LISTAREPRODUCCION ADD CONSTRAINT USUARIOLISTAREPRODUCCIONlistasReprParticularNOMBRE FOREIGN KEY (listasReprParticular_NOMBRE) REFERENCES LISTAREPRODUCCION (NOMBRE)
ALTER TABLE TEMAS_FAVORITOS ADD CONSTRAINT FK_TEMAS_FAVORITOS_Temas_NOMBRE FOREIGN KEY (Temas_NOMBRE) REFERENCES TEMAS (NOMBRE)
ALTER TABLE TEMAS_FAVORITOS ADD CONSTRAINT FK_TEMAS_FAVORITOS_listFavoritos_ID FOREIGN KEY (listFavoritos_ID) REFERENCES FAVORITOS (ID)
ALTER TABLE TEMAS_LISTAREPRODUCCION ADD CONSTRAINT FK_TEMAS_LISTAREPRODUCCION_Temas_NOMBRE FOREIGN KEY (Temas_NOMBRE) REFERENCES TEMAS (NOMBRE)
ALTER TABLE TEMAS_LISTAREPRODUCCION ADD CONSTRAINT FK_TEMAS_LISTAREPRODUCCION_listaR_NOMBRE FOREIGN KEY (listaR_NOMBRE) REFERENCES LISTAREPRODUCCION (NOMBRE)
ALTER TABLE USUARIO_ALBUM ADD CONSTRAINT FK_USUARIO_ALBUM_listAlbum_NOMBRE FOREIGN KEY (listAlbum_NOMBRE) REFERENCES ALBUM (NOMBRE)
ALTER TABLE USUARIO_ALBUM ADD CONSTRAINT FK_USUARIO_ALBUM_Artista_NICKNAME FOREIGN KEY (Artista_NICKNAME) REFERENCES USUARIO (NICKNAME)
ALTER TABLE USUARIO_USUARIO ADD CONSTRAINT FK_USUARIO_USUARIO_lstSeguidos_NICKNAME FOREIGN KEY (lstSeguidos_NICKNAME) REFERENCES USUARIO (NICKNAME)
ALTER TABLE USUARIO_USUARIO ADD CONSTRAINT FK_USUARIO_USUARIO_Usuario_NICKNAME FOREIGN KEY (Usuario_NICKNAME) REFERENCES USUARIO (NICKNAME)
ALTER TABLE LISTAREPRODUCCION_FAVORITOS ADD CONSTRAINT FK_LISTAREPRODUCCION_FAVORITOS_listFavoritos_ID FOREIGN KEY (listFavoritos_ID) REFERENCES FAVORITOS (ID)
ALTER TABLE LISTAREPRODUCCION_FAVORITOS ADD CONSTRAINT LISTAREPRODUCCIONFAVORITOSListaReproduccion_NOMBRE FOREIGN KEY (ListaReproduccion_NOMBRE) REFERENCES LISTAREPRODUCCION (NOMBRE)
ALTER TABLE LISTAREPRODUCCION_TEMAS ADD CONSTRAINT LISTAREPRODUCCION_TEMAS_ListaReproduccion_NOMBRE FOREIGN KEY (ListaReproduccion_NOMBRE) REFERENCES LISTAREPRODUCCION (NOMBRE)
ALTER TABLE LISTAREPRODUCCION_TEMAS ADD CONSTRAINT FK_LISTAREPRODUCCION_TEMAS_listaTemas_NOMBRE FOREIGN KEY (listaTemas_NOMBRE) REFERENCES TEMAS (NOMBRE)
ALTER TABLE FAVORITOS_ALBUM ADD CONSTRAINT FK_FAVORITOS_ALBUM_listAlbum_NOMBRE FOREIGN KEY (listAlbum_NOMBRE) REFERENCES ALBUM (NOMBRE)
ALTER TABLE FAVORITOS_ALBUM ADD CONSTRAINT FK_FAVORITOS_ALBUM_Favoritos_ID FOREIGN KEY (Favoritos_ID) REFERENCES FAVORITOS (ID)
ALTER TABLE FAVORITOS_LISTAREPRODUCCION ADD CONSTRAINT FK_FAVORITOS_LISTAREPRODUCCION_Favoritos_ID FOREIGN KEY (Favoritos_ID) REFERENCES FAVORITOS (ID)
ALTER TABLE FAVORITOS_LISTAREPRODUCCION ADD CONSTRAINT FK_FAVORITOS_LISTAREPRODUCCION_listRep_NOMBRE FOREIGN KEY (listRep_NOMBRE) REFERENCES LISTAREPRODUCCION (NOMBRE)
ALTER TABLE FAVORITOS_TEMAS ADD CONSTRAINT FK_FAVORITOS_TEMAS_Favoritos_ID FOREIGN KEY (Favoritos_ID) REFERENCES FAVORITOS (ID)
ALTER TABLE FAVORITOS_TEMAS ADD CONSTRAINT FK_FAVORITOS_TEMAS_listTemas_NOMBRE FOREIGN KEY (listTemas_NOMBRE) REFERENCES TEMAS (NOMBRE)
ALTER TABLE GENERO_ALBUM ADD CONSTRAINT FK_GENERO_ALBUM_listAlbum_NOMBRE FOREIGN KEY (listAlbum_NOMBRE) REFERENCES ALBUM (NOMBRE)
ALTER TABLE GENERO_ALBUM ADD CONSTRAINT FK_GENERO_ALBUM_Genero_NOMBRE FOREIGN KEY (Genero_NOMBRE) REFERENCES GENERO (NOMBRE)
ALTER TABLE GENERO_GENERO ADD CONSTRAINT FK_GENERO_GENERO_listHijos_NOMBRE FOREIGN KEY (listHijos_NOMBRE) REFERENCES GENERO (NOMBRE)
ALTER TABLE GENERO_GENERO ADD CONSTRAINT FK_GENERO_GENERO_Genero_NOMBRE FOREIGN KEY (Genero_NOMBRE) REFERENCES GENERO (NOMBRE)
ALTER TABLE GENERO_LISTAREPRODUCCION ADD CONSTRAINT FK_GENERO_LISTAREPRODUCCION_Genero_NOMBRE FOREIGN KEY (Genero_NOMBRE) REFERENCES GENERO (NOMBRE)
ALTER TABLE GENERO_LISTAREPRODUCCION ADD CONSTRAINT GENERO_LISTAREPRODUCCION_listasReprGenero_NOMBRE FOREIGN KEY (listasReprGenero_NOMBRE) REFERENCES LISTAREPRODUCCION (NOMBRE)
INSERT INTO SEQUENCE VALUES('SEQ_GEN',0)
COMMIT
INSERT INTO USUARIO VALUES('ji','Artista','Iglesias','ji','aced0005737200236564752e7465636e6f706f746966792e6461746174797065732e646174614665636861ff670060076a6daa020003490004616e696f4900036469614900036d65737870000007bc0000000100000001','','ji@tecnopotify.java','Julio',NULL,NULL,'axaxaxa','www.ji.com')
COMMIT
INSERT INTO USUARIO VALUES('ei','Artista','Iglesias','ei','aced0005737200236564752e7465636e6f706f746966792e6461746174797065732e646174614665636861ff670060076a6daa020003490004616e696f4900036469614900036d65737870000007bc0000000100000001','','ei@tecnopotify.java','Enrique',NULL,NULL,'sxsxsxx','www.ei.com')
COMMIT
INSERT INTO USUARIO VALUES('rm','Artista','Martin','rm','aced0005737200236564752e7465636e6f706f746966792e6461746174797065732e646174614665636861ff670060076a6daa020003490004616e696f4900036469614900036d65737870000007bc0000000100000001','','rm@tecnopotify.java','Ricky',NULL,NULL,'dxdxdxx','www.rm.com')
COMMIT
INSERT INTO USUARIO VALUES('er','Artista','Reja','er','aced0005737200236564752e7465636e6f706f746966792e6461746174797065732e646174614665636861ff670060076a6daa020003490004616e696f4900036469614900036d65737870000007bc0000000100000001','','er@tecnopotify.java','El',NULL,NULL,'ffxfxfx','www.er.com')
COMMIT
DELETE FROM SEQUENCE WHERE SEQ_NAME='SEQ_GEN'
INSERT INTO SEQUENCE VALUES('SEQ_GEN',50)
COMMIT
INSERT INTO SUSCRIPCION VALUES(1,0,'aced0005737200236564752e7465636e6f706f746966792e6461746174797065732e646174614665636861ff670060076a6daa020003490004616e696f4900036469614900036d6573787000000d050000001f0000000c',0,NULL)
COMMIT
INSERT INTO USUARIO VALUES('discoteishon','Cliente','Nu\u00f1ez','discoteishon','aced0005737200236564752e7465636e6f706f746966792e6461746174797065732e646174614665636861ff670060076a6daa020003490004616e696f4900036469614900036d65737870000007bc0000000100000001','','cn@tecnopotify.java','Carlos',NULL,1,NULL,NULL)
DELETE FROM SUSCRIPCION WHERE ID=1
INSERT INTO SUSCRIPCION VALUES(1,0,'aced0005737200236564752e7465636e6f706f746966792e6461746174797065732e646174614665636861ff670060076a6daa020003490004616e696f4900036469614900036d6573787000000d050000001f0000000c',0,'discoteishon')
COMMIT
INSERT INTO SUSCRIPCION VALUES(2,0,'aced0005737200236564752e7465636e6f706f746966792e6461746174797065732e646174614665636861ff670060076a6daa020003490004616e696f4900036469614900036d6573787000000d050000001f0000000c',0,NULL)
COMMIT
INSERT INTO USUARIO VALUES('md','Cliente','Dolgay','md','aced0005737200236564752e7465636e6f706f746966792e6461746174797065732e646174614665636861ff670060076a6daa020003490004616e696f4900036469614900036d65737870000007bc0000000100000001','','md@tecnopotify.java','Melany',NULL,2,NULL,NULL)
DELETE FROM SUSCRIPCION WHERE ID=2
INSERT INTO SUSCRIPCION VALUES(2,0,'aced0005737200236564752e7465636e6f706f746966792e6461746174797065732e646174614665636861ff670060076a6daa020003490004616e696f4900036469614900036d6573787000000d050000001f0000000c',0,'md')
COMMIT
INSERT INTO SUSCRIPCION VALUES(3,0,'aced0005737200236564752e7465636e6f706f746966792e6461746174797065732e646174614665636861ff670060076a6daa020003490004616e696f4900036469614900036d6573787000000d050000001f0000000c',0,NULL)
COMMIT
INSERT INTO USUARIO VALUES('db','Cliente','Barreto','db','aced0005737200236564752e7465636e6f706f746966792e6461746174797065732e646174614665636861ff670060076a6daa020003490004616e696f4900036469614900036d65737870000007bc0000000100000001','home/diego-lucia/Im\u00e1genes/Modelo.png','db@tecnopotify.java','Diego',NULL,3,NULL,NULL)
DELETE FROM SUSCRIPCION WHERE ID=3
INSERT INTO SUSCRIPCION VALUES(3,0,'aced0005737200236564752e7465636e6f706f746966792e6461746174797065732e646174614665636861ff670060076a6daa020003490004616e696f4900036469614900036d6573787000000d050000001f0000000c',0,'db')
COMMIT
INSERT INTO GENERO VALUES('Genero','')
COMMIT
INSERT INTO GENERO VALUES('Genero2','Genero')
INSERT INTO GENERO_GENERO VALUES('Genero','Genero2')
COMMIT
INSERT INTO GENERO VALUES('Genero3','Genero')
INSERT INTO GENERO_GENERO VALUES('Genero','Genero3')
COMMIT
INSERT INTO ALBUM VALUES('album1',1990,'')
COMMIT
INSERT INTO USUARIO_ALBUM VALUES('ji','album1')
COMMIT
INSERT INTO ALBUM VALUES('album2',1991,'')
COMMIT
INSERT INTO USUARIO_ALBUM VALUES('ei','album2')
COMMIT
INSERT INTO ALBUM VALUES('album3',1992,'')
COMMIT
INSERT INTO USUARIO_ALBUM VALUES('rm','album3')
COMMIT
INSERT INTO ALBUM VALUES('album4',1993,'')
COMMIT
INSERT INTO USUARIO_ALBUM VALUES('er','album4')
COMMIT
INSERT INTO TEMAS VALUES('tema1','www.youtube.com','2:30',1)
INSERT INTO ALBUM_TEMAS VALUES('album1','tema1')
COMMIT
INSERT INTO TEMAS VALUES('tema2','www.youtube.com','2:31',2)
INSERT INTO ALBUM_TEMAS VALUES('album1','tema2')
COMMIT
INSERT INTO TEMAS VALUES('tema3','www.youtube.com','2:32',3)
INSERT INTO ALBUM_TEMAS VALUES('album1','tema3')
COMMIT
INSERT INTO TEMAS VALUES('tema4','www.youtube.com','2:33',4)
INSERT INTO ALBUM_TEMAS VALUES('album1','tema4')
COMMIT
INSERT INTO TEMAS VALUES('tema5','www.youtube.com','2:35',1)
INSERT INTO ALBUM_TEMAS VALUES('album2','tema5')
COMMIT
INSERT INTO TEMAS VALUES('tema6','www.youtube.com','2:36',2)
INSERT INTO ALBUM_TEMAS VALUES('album2','tema6')
COMMIT
INSERT INTO TEMAS VALUES('tema7','www.youtube.com','2:38',3)
INSERT INTO ALBUM_TEMAS VALUES('album3','tema7')
COMMIT
INSERT INTO TEMAS VALUES('tema8','www.youtube.com','2:39',4)
INSERT INTO ALBUM_TEMAS VALUES('album4','tema8')
COMMIT
INSERT INTO FAVORITOS VALUES(5,'discoteishon')
DELETE FROM USUARIO WHERE NICKNAME='discoteishon'
INSERT INTO USUARIO VALUES('discoteishon','Cliente','Nu\u00f1ez','discoteishon','aced0005737200236564752e7465636e6f706f746966792e6461746174797065732e646174614665636861ff670060076a6daa020003490004616e696f4900036469614900036d65737870000007bc0000000100000001','','cn@tecnopotify.java','Carlos',5,1,NULL,NULL)
INSERT INTO FAVORITOS_TEMAS VALUES(5,'tema2')
COMMIT
INSERT INTO FAVORITOS_TEMAS VALUES(5,'tema3')
COMMIT
INSERT INTO FAVORITOS_TEMAS VALUES(5,'tema4')
COMMIT
INSERT INTO FAVORITOS_ALBUM VALUES(5,'album1')
COMMIT
INSERT INTO FAVORITOS VALUES(7,'db')
DELETE FROM USUARIO WHERE NICKNAME='db'
INSERT INTO USUARIO VALUES('db','Cliente','Barreto','db','aced0005737200236564752e7465636e6f706f746966792e6461746174797065732e646174614665636861ff670060076a6daa020003490004616e696f4900036469614900036d65737870000007bc0000000100000001','home/diego-lucia/Im\u00e1genes/Modelo.png','db@tecnopotify.java','Diego',7,3,NULL,NULL)
INSERT INTO FAVORITOS_ALBUM VALUES(7,'album3')
COMMIT
INSERT INTO FAVORITOS VALUES(9,'md')
DELETE FROM USUARIO WHERE NICKNAME='md'
INSERT INTO USUARIO VALUES('md','Cliente','Dolgay','md','aced0005737200236564752e7465636e6f706f746966792e6461746174797065732e646174614665636861ff670060076a6daa020003490004616e696f4900036469614900036d65737870000007bc0000000100000001','','md@tecnopotify.java','Melany',9,2,NULL,NULL)
INSERT INTO FAVORITOS_TEMAS VALUES(9,'tema3')
COMMIT
INSERT INTO LISTAREPRODUCCION VALUES('lista1','ListaParticular','',NULL,TRUE,'db')
INSERT INTO USUARIO_LISTAREPRODUCCION VALUES('db','lista1')
COMMIT
INSERT INTO LISTAREPRODUCCION VALUES('lista2','ListaParticular','',NULL,TRUE,'db')
INSERT INTO USUARIO_LISTAREPRODUCCION VALUES('db','lista2')
COMMIT
