17-Oct-2017 17:31:39.453 INFORMACIÓN [http-nio-8080-exec-8] org.apache.catalina.core.ApplicationContext.log Manager: init: Associated with Deployer 'Catalina:type=Deployer,host=localhost'
17-Oct-2017 17:31:39.467 INFORMACIÓN [http-nio-8080-exec-8] org.apache.catalina.core.ApplicationContext.log Manager: init: Global resources are available
17-Oct-2017 17:31:39.470 INFORMACIÓN [http-nio-8080-exec-8] org.apache.catalina.core.ApplicationContext.log Manager: list: Listing contexts for virtual host 'localhost'
17-Oct-2017 17:31:39.505 INFORMACIÓN [http-nio-8080-exec-7] org.apache.catalina.core.ApplicationContext.log Manager: list: Listing contexts for virtual host 'localhost'
17-Oct-2017 17:31:39.605 INFORMACIÓN [http-nio-8080-exec-6] org.apache.catalina.core.ApplicationContext.log Manager: undeploy: Undeploying web application at '/Tecnopotify'
17-Oct-2017 17:31:40.879 INFORMACIÓN [http-nio-8080-exec-4] org.apache.catalina.core.ApplicationContext.log Manager: install: Installing context configuration at 'file:/tmp/context8332057121707724285.xml'
17-Oct-2017 17:31:47.354 INFORMACIÓN [http-nio-8080-exec-5] org.apache.catalina.core.ApplicationContext.log Manager: start: Starting web application '/Tecnopotify'
17-Oct-2017 17:51:54.431 INFORMACIÓN [http-nio-8080-exec-15] org.apache.catalina.core.ApplicationContext.log Manager: list: Listing contexts for virtual host 'localhost'
17-Oct-2017 17:51:54.454 INFORMACIÓN [http-nio-8080-exec-12] org.apache.catalina.core.ApplicationContext.log Manager: list: Listing contexts for virtual host 'localhost'
17-Oct-2017 17:51:54.491 INFORMACIÓN [http-nio-8080-exec-13] org.apache.catalina.core.ApplicationContext.log Manager: undeploy: Undeploying web application at '/Tecnopotify'
17-Oct-2017 17:51:55.109 INFORMACIÓN [http-nio-8080-exec-15] org.apache.catalina.core.ApplicationContext.log Manager: install: Installing context configuration at 'file:/tmp/context921284723842867316.xml'
17-Oct-2017 17:52:00.277 INFORMACIÓN [http-nio-8080-exec-12] org.apache.catalina.core.ApplicationContext.log Manager: start: Starting web application '/Tecnopotify'
17-Oct-2017 18:00:26.267 INFORMACIÓN [http-nio-8080-exec-30] org.apache.catalina.core.ApplicationContext.log Manager: list: Listing contexts for virtual host 'localhost'
17-Oct-2017 18:00:26.281 INFORMACIÓN [http-nio-8080-exec-21] org.apache.catalina.core.ApplicationContext.log Manager: list: Listing contexts for virtual host 'localhost'
17-Oct-2017 18:00:26.310 INFORMACIÓN [http-nio-8080-exec-22] org.apache.catalina.core.ApplicationContext.log Manager: undeploy: Undeploying web application at '/Tecnopotify'
17-Oct-2017 18:00:26.896 INFORMACIÓN [http-nio-8080-exec-26] org.apache.catalina.core.ApplicationContext.log Manager: install: Installing context configuration at 'file:/tmp/context3095500659862633822.xml'
17-Oct-2017 18:00:30.972 INFORMACIÓN [http-nio-8080-exec-21] org.apache.catalina.core.ApplicationContext.log Manager: start: Starting web application '/Tecnopotify'
17-Oct-2017 18:01:57.838 INFORMACIÓN [http-nio-8080-exec-33] org.apache.catalina.core.ApplicationContext.log Manager: list: Listing contexts for virtual host 'localhost'
17-Oct-2017 18:01:57.855 INFORMACIÓN [http-nio-8080-exec-34] org.apache.catalina.core.ApplicationContext.log Manager: list: Listing contexts for virtual host 'localhost'
17-Oct-2017 18:01:57.885 INFORMACIÓN [http-nio-8080-exec-35] org.apache.catalina.core.ApplicationContext.log Manager: undeploy: Undeploying web application at '/Tecnopotify'
17-Oct-2017 18:01:58.459 INFORMACIÓN [http-nio-8080-exec-40] org.apache.catalina.core.ApplicationContext.log Manager: install: Installing context configuration at 'file:/tmp/context7572920055294401510.xml'
17-Oct-2017 18:02:01.944 INFORMACIÓN [http-nio-8080-exec-36] org.apache.catalina.core.ApplicationContext.log Manager: start: Starting web application '/Tecnopotify'
17-Oct-2017 18:04:02.854 INFORMACIÓN [http-nio-8080-exec-43] org.apache.catalina.core.ApplicationContext.log Manager: list: Listing contexts for virtual host 'localhost'
17-Oct-2017 18:04:02.880 INFORMACIÓN [http-nio-8080-exec-44] org.apache.catalina.core.ApplicationContext.log Manager: list: Listing contexts for virtual host 'localhost'
17-Oct-2017 18:04:02.921 INFORMACIÓN [http-nio-8080-exec-45] org.apache.catalina.core.ApplicationContext.log Manager: undeploy: Undeploying web application at '/Tecnopotify'
17-Oct-2017 18:04:03.484 INFORMACIÓN [http-nio-8080-exec-48] org.apache.catalina.core.ApplicationContext.log Manager: install: Installing context configuration at 'file:/tmp/context2231808391505371288.xml'
17-Oct-2017 18:04:07.174 INFORMACIÓN [http-nio-8080-exec-50] org.apache.catalina.core.ApplicationContext.log Manager: start: Starting web application '/Tecnopotify'
17-Oct-2017 18:09:09.700 INFORMACIÓN [http-nio-8080-exec-58] org.apache.catalina.core.ApplicationContext.log Manager: list: Listing contexts for virtual host 'localhost'
17-Oct-2017 18:09:09.724 INFORMACIÓN [http-nio-8080-exec-59] org.apache.catalina.core.ApplicationContext.log Manager: list: Listing contexts for virtual host 'localhost'
17-Oct-2017 18:09:09.768 INFORMACIÓN [http-nio-8080-exec-51] org.apache.catalina.core.ApplicationContext.log Manager: install: Installing context configuration at 'file:/tmp/context1535412319725359802.xml'
17-Oct-2017 18:09:09.935 INFORMACIÓN [http-nio-8080-exec-52] org.apache.catalina.core.ApplicationContext.log Manager: start: Starting web application '/AplicacionWebPrueba'
17-Oct-2017 18:11:48.135 INFORMACIÓN [http-nio-8080-exec-59] org.apache.catalina.core.ApplicationContext.log Manager: list: Listing contexts for virtual host 'localhost'
17-Oct-2017 18:11:48.165 INFORMACIÓN [http-nio-8080-exec-52] org.apache.catalina.core.ApplicationContext.log Manager: list: Listing contexts for virtual host 'localhost'
17-Oct-2017 18:11:48.226 INFORMACIÓN [http-nio-8080-exec-51] org.apache.catalina.core.ApplicationContext.log Manager: undeploy: Undeploying web application at '/Tecnopotify'
17-Oct-2017 18:11:48.860 INFORMACIÓN [http-nio-8080-exec-58] org.apache.catalina.core.ApplicationContext.log Manager: install: Installing context configuration at 'file:/tmp/context4716587785440218847.xml'
17-Oct-2017 18:11:52.797 INFORMACIÓN [http-nio-8080-exec-54] org.apache.catalina.core.ApplicationContext.log Manager: start: Starting web application '/Tecnopotify'
17-Oct-2017 18:18:53.705 INFORMACIÓN [http-nio-8080-exec-67] org.apache.catalina.core.ApplicationContext.log Manager: list: Listing contexts for virtual host 'localhost'
17-Oct-2017 18:18:53.929 INFORMACIÓN [http-nio-8080-exec-68] org.apache.catalina.core.ApplicationContext.log Manager: restart: Reloading web application '/Tecnopotify'
17-Oct-2017 18:19:01.712 INFORMACIÓN [http-nio-8080-exec-62] org.apache.catalina.core.ApplicationContext.log Manager: list: Listing contexts for virtual host 'localhost'
17-Oct-2017 18:19:01.733 INFORMACIÓN [http-nio-8080-exec-65] org.apache.catalina.core.ApplicationContext.log Manager: restart: Reloading web application '/Tecnopotify'
17-Oct-2017 18:20:05.944 INFORMACIÓN [http-nio-8080-exec-73] org.apache.catalina.core.ApplicationContext.log Manager: list: Listing contexts for virtual host 'localhost'
17-Oct-2017 18:20:05.966 INFORMACIÓN [http-nio-8080-exec-75] org.apache.catalina.core.ApplicationContext.log Manager: list: Listing contexts for virtual host 'localhost'
17-Oct-2017 18:20:06.011 INFORMACIÓN [http-nio-8080-exec-66] org.apache.catalina.core.ApplicationContext.log Manager: undeploy: Undeploying web application at '/Tecnopotify'
17-Oct-2017 18:20:06.598 INFORMACIÓN [http-nio-8080-exec-64] org.apache.catalina.core.ApplicationContext.log Manager: install: Installing context configuration at 'file:/tmp/context994592546302273363.xml'
17-Oct-2017 18:20:10.319 INFORMACIÓN [http-nio-8080-exec-75] org.apache.catalina.core.ApplicationContext.log Manager: start: Starting web application '/Tecnopotify'
17-Oct-2017 18:30:55.429 INFORMACIÓN [http-nio-8080-exec-76] org.apache.catalina.core.ApplicationContext.log Manager: list: Listing contexts for virtual host 'localhost'
17-Oct-2017 18:30:55.459 INFORMACIÓN [http-nio-8080-exec-84] org.apache.catalina.core.ApplicationContext.log Manager: list: Listing contexts for virtual host 'localhost'
17-Oct-2017 18:31:28.654 INFORMACIÓN [http-nio-8080-exec-84] org.apache.catalina.core.ApplicationContext.log Manager: list: Listing contexts for virtual host 'localhost'
17-Oct-2017 18:31:28.662 INFORMACIÓN [http-nio-8080-exec-82] org.apache.catalina.core.ApplicationContext.log Manager: list: Listing contexts for virtual host 'localhost'
17-Oct-2017 19:52:28.740 INFORMACIÓN [http-nio-8080-exec-76] org.apache.catalina.core.ApplicationContext.log Manager: list: Listing contexts for virtual host 'localhost'
17-Oct-2017 19:52:28.866 INFORMACIÓN [http-nio-8080-exec-84] org.apache.catalina.core.ApplicationContext.log Manager: restart: Reloading web application '/Tecnopotify'
17-Oct-2017 19:52:36.895 INFORMACIÓN [http-nio-8080-exec-78] org.apache.catalina.core.ApplicationContext.log Manager: list: Listing contexts for virtual host 'localhost'
17-Oct-2017 19:52:36.911 INFORMACIÓN [http-nio-8080-exec-86] org.apache.catalina.core.ApplicationContext.log Manager: restart: Reloading web application '/Tecnopotify'
17-Oct-2017 20:13:36.201 INFORMACIÓN [http-nio-8080-exec-94] org.apache.catalina.core.ApplicationContext.log Manager: list: Listing contexts for virtual host 'localhost'
17-Oct-2017 20:13:37.213 INFORMACIÓN [http-nio-8080-exec-91] org.apache.catalina.core.ApplicationContext.log Manager: list: Listing contexts for virtual host 'localhost'
17-Oct-2017 20:13:37.323 INFORMACIÓN [http-nio-8080-exec-92] org.apache.catalina.core.ApplicationContext.log Manager: restart: Reloading web application '/Tecnopotify'
17-Oct-2017 20:34:38.960 INFORMACIÓN [http-nio-8080-exec-104] org.apache.catalina.core.ApplicationContext.log Manager: list: Listing contexts for virtual host 'localhost'
17-Oct-2017 20:34:40.415 INFORMACIÓN [http-nio-8080-exec-102] org.apache.catalina.core.ApplicationContext.log Manager: list: Listing contexts for virtual host 'localhost'
17-Oct-2017 20:34:40.473 INFORMACIÓN [http-nio-8080-exec-101] org.apache.catalina.core.ApplicationContext.log Manager: restart: Reloading web application '/Tecnopotify'
17-Oct-2017 20:34:58.329 INFORMACIÓN [http-nio-8080-exec-103] org.apache.catalina.core.ApplicationContext.log Manager: list: Listing contexts for virtual host 'localhost'
17-Oct-2017 20:34:58.341 INFORMACIÓN [http-nio-8080-exec-106] org.apache.catalina.core.ApplicationContext.log Manager: restart: Reloading web application '/Tecnopotify'
17-Oct-2017 20:35:43.928 INFORMACIÓN [http-nio-8080-exec-109] org.apache.catalina.core.ApplicationContext.log Manager: list: Listing contexts for virtual host 'localhost'
17-Oct-2017 20:35:43.970 INFORMACIÓN [http-nio-8080-exec-107] org.apache.catalina.core.ApplicationContext.log Manager: restart: Reloading web application '/Tecnopotify'
17-Oct-2017 20:36:37.874 INFORMACIÓN [http-nio-8080-exec-108] org.apache.catalina.core.ApplicationContext.log Manager: list: Listing contexts for virtual host 'localhost'
17-Oct-2017 20:36:37.960 INFORMACIÓN [http-nio-8080-exec-112] org.apache.catalina.core.ApplicationContext.log Manager: list: Listing contexts for virtual host 'localhost'
17-Oct-2017 20:36:38.203 INFORMACIÓN [http-nio-8080-exec-113] org.apache.catalina.core.ApplicationContext.log Manager: undeploy: Undeploying web application at '/Tecnopotify'
17-Oct-2017 20:36:42.119 INFORMACIÓN [http-nio-8080-exec-115] org.apache.catalina.core.ApplicationContext.log Manager: install: Installing context configuration at 'file:/tmp/context5885868730298917644.xml'
17-Oct-2017 20:41:40.107 INFORMACIÓN [http-nio-8080-exec-122] org.apache.catalina.core.ApplicationContext.log Manager: list: Listing contexts for virtual host 'localhost'
17-Oct-2017 20:41:40.116 INFORMACIÓN [http-nio-8080-exec-118] org.apache.catalina.core.ApplicationContext.log Manager: list: Listing contexts for virtual host 'localhost'
17-Oct-2017 20:41:40.223 INFORMACIÓN [http-nio-8080-exec-120] org.apache.catalina.core.ApplicationContext.log Manager: undeploy: Undeploying web application at '/Tecnopotify'
17-Oct-2017 20:41:40.970 INFORMACIÓN [http-nio-8080-exec-116] org.apache.catalina.core.ApplicationContext.log Manager: install: Installing context configuration at 'file:/tmp/context6059271962561654264.xml'
17-Oct-2017 20:41:48.820 INFORMACIÓN [http-nio-8080-exec-125] org.apache.catalina.core.ApplicationContext.log Manager: start: Starting web application '/Tecnopotify'
17-Oct-2017 20:41:58.275 INFORMACIÓN [http-nio-8080-exec-125] org.apache.catalina.core.ApplicationContext.log Manager: list: Listing contexts for virtual host 'localhost'
17-Oct-2017 20:41:58.309 INFORMACIÓN [http-nio-8080-exec-117] org.apache.catalina.core.ApplicationContext.log Manager: list: Listing contexts for virtual host 'localhost'
17-Oct-2017 20:51:27.329 INFORMACIÓN [http-nio-8080-exec-135] org.apache.catalina.core.ApplicationContext.log Manager: list: Listing contexts for virtual host 'localhost'
17-Oct-2017 20:51:30.142 INFORMACIÓN [http-nio-8080-exec-133] org.apache.catalina.core.ApplicationContext.log Manager: restart: Reloading web application '/Tecnopotify'
17-Oct-2017 21:42:08.921 INFORMACIÓN [http-nio-8080-exec-143] org.apache.catalina.core.ApplicationContext.log Manager: list: Listing contexts for virtual host 'localhost'
17-Oct-2017 21:42:09.025 INFORMACIÓN [http-nio-8080-exec-144] org.apache.catalina.core.ApplicationContext.log Manager: restart: Reloading web application '/Tecnopotify'
17-Oct-2017 21:42:42.266 INFORMACIÓN [http-nio-8080-exec-142] org.apache.catalina.core.ApplicationContext.log Manager: list: Listing contexts for virtual host 'localhost'
17-Oct-2017 21:42:42.748 INFORMACIÓN [http-nio-8080-exec-136] org.apache.catalina.core.ApplicationContext.log Manager: list: Listing contexts for virtual host 'localhost'
17-Oct-2017 21:42:42.813 INFORMACIÓN [http-nio-8080-exec-145] org.apache.catalina.core.ApplicationContext.log Manager: restart: Reloading web application '/Tecnopotify'
17-Oct-2017 21:42:47.539 INFORMACIÓN [http-nio-8080-exec-141] org.apache.catalina.core.ApplicationContext.log Manager: list: Listing contexts for virtual host 'localhost'
17-Oct-2017 21:42:47.558 INFORMACIÓN [http-nio-8080-exec-136] org.apache.catalina.core.ApplicationContext.log Manager: restart: Reloading web application '/Tecnopotify'
17-Oct-2017 22:05:30.696 INFORMACIÓN [http-nio-8080-exec-156] org.apache.catalina.core.ApplicationContext.log Manager: list: Listing contexts for virtual host 'localhost'
17-Oct-2017 22:05:32.124 INFORMACIÓN [http-nio-8080-exec-154] org.apache.catalina.core.ApplicationContext.log Manager: list: Listing contexts for virtual host 'localhost'
17-Oct-2017 22:05:32.149 INFORMACIÓN [http-nio-8080-exec-155] org.apache.catalina.core.ApplicationContext.log Manager: restart: Reloading web application '/Tecnopotify'
17-Oct-2017 22:29:36.010 INFORMACIÓN [http-nio-8080-exec-166] org.apache.catalina.core.ApplicationContext.log Manager: list: Listing contexts for virtual host 'localhost'
17-Oct-2017 22:29:36.127 INFORMACIÓN [http-nio-8080-exec-163] org.apache.catalina.core.ApplicationContext.log Manager: list: Listing contexts for virtual host 'localhost'
17-Oct-2017 22:29:36.196 INFORMACIÓN [http-nio-8080-exec-164] org.apache.catalina.core.ApplicationContext.log Manager: restart: Reloading web application '/Tecnopotify'
17-Oct-2017 22:38:38.735 INFORMACIÓN [http-nio-8080-exec-176] org.apache.catalina.core.ApplicationContext.log Manager: list: Listing contexts for virtual host 'localhost'
17-Oct-2017 22:42:24.895 INFORMACIÓN [http-nio-8080-exec-176] org.apache.catalina.core.ApplicationContext.log Manager: list: Listing contexts for virtual host 'localhost'
17-Oct-2017 22:42:39.173 INFORMACIÓN [http-nio-8080-exec-178] org.apache.catalina.core.ApplicationContext.log Manager: list: Listing contexts for virtual host 'localhost'
17-Oct-2017 22:42:39.181 INFORMACIÓN [http-nio-8080-exec-179] org.apache.catalina.core.ApplicationContext.log Manager: list: Listing contexts for virtual host 'localhost'
17-Oct-2017 22:42:39.263 INFORMACIÓN [http-nio-8080-exec-170] org.apache.catalina.core.ApplicationContext.log Manager: restart: Reloading web application '/Tecnopotify'
17-Oct-2017 22:52:42.046 INFORMACIÓN [http-nio-8080-exec-182] org.apache.catalina.core.ApplicationContext.log Manager: list: Listing contexts for virtual host 'localhost'
17-Oct-2017 22:52:42.109 INFORMACIÓN [http-nio-8080-exec-185] org.apache.catalina.core.ApplicationContext.log Manager: undeploy: Undeploying web application at '/Tecnopotify'
17-Oct-2017 22:53:04.093 INFORMACIÓN [http-nio-8080-exec-190] org.apache.catalina.core.ApplicationContext.log Manager: list: Listing contexts for virtual host 'localhost'
17-Oct-2017 22:53:04.106 INFORMACIÓN [http-nio-8080-exec-191] org.apache.catalina.core.ApplicationContext.log Manager: list: Listing contexts for virtual host 'localhost'
17-Oct-2017 22:53:04.236 INFORMACIÓN [http-nio-8080-exec-181] org.apache.catalina.core.ApplicationContext.log Manager: install: Installing context configuration at 'file:/tmp/context3063171290379003542.xml'
17-Oct-2017 22:53:08.948 INFORMACIÓN [http-nio-8080-exec-187] org.apache.catalina.core.ApplicationContext.log Manager: start: Starting web application '/Tecnopotify'
17-Oct-2017 22:56:46.424 INFORMACIÓN [http-nio-8080-exec-198] org.apache.catalina.core.ApplicationContext.log Manager: list: Listing contexts for virtual host 'localhost'
17-Oct-2017 22:56:46.445 INFORMACIÓN [http-nio-8080-exec-199] org.apache.catalina.core.ApplicationContext.log Manager: list: Listing contexts for virtual host 'localhost'
17-Oct-2017 22:56:46.581 INFORMACIÓN [http-nio-8080-exec-193] org.apache.catalina.core.ApplicationContext.log Manager: restart: Reloading web application '/Tecnopotify'
17-Oct-2017 22:56:56.497 INFORMACIÓN [http-nio-8080-exec-198] org.apache.catalina.core.ApplicationContext.log Manager: list: Listing contexts for virtual host 'localhost'
17-Oct-2017 22:56:56.510 INFORMACIÓN [http-nio-8080-exec-191] org.apache.catalina.core.ApplicationContext.log Manager: list: Listing contexts for virtual host 'localhost'
17-Oct-2017 22:56:56.584 INFORMACIÓN [http-nio-8080-exec-195] org.apache.catalina.core.ApplicationContext.log Manager: undeploy: Undeploying web application at '/Tecnopotify'
17-Oct-2017 22:56:57.239 INFORMACIÓN [http-nio-8080-exec-192] org.apache.catalina.core.ApplicationContext.log Manager: install: Installing context configuration at 'file:/tmp/context3740759190117531876.xml'
17-Oct-2017 22:57:00.713 INFORMACIÓN [http-nio-8080-exec-193] org.apache.catalina.core.ApplicationContext.log Manager: start: Starting web application '/Tecnopotify'
17-Oct-2017 22:59:25.047 INFORMACIÓN [http-nio-8080-exec-204] org.apache.catalina.core.ApplicationContext.log Manager: list: Listing contexts for virtual host 'localhost'
17-Oct-2017 22:59:25.077 INFORMACIÓN [http-nio-8080-exec-205] org.apache.catalina.core.ApplicationContext.log Manager: list: Listing contexts for virtual host 'localhost'
17-Oct-2017 22:59:25.119 INFORMACIÓN [http-nio-8080-exec-209] org.apache.catalina.core.ApplicationContext.log Manager: undeploy: Undeploying web application at '/Tecnopotify'
17-Oct-2017 22:59:25.760 INFORMACIÓN [http-nio-8080-exec-205] org.apache.catalina.core.ApplicationContext.log Manager: install: Installing context configuration at 'file:/tmp/context9016614740219858016.xml'
17-Oct-2017 22:59:28.920 INFORMACIÓN [http-nio-8080-exec-211] org.apache.catalina.core.ApplicationContext.log Manager: start: Starting web application '/Tecnopotify'
17-Oct-2017 23:00:53.054 INFORMACIÓN [http-nio-8080-exec-218] org.apache.catalina.core.ApplicationContext.log Manager: list: Listing contexts for virtual host 'localhost'
17-Oct-2017 23:00:55.622 INFORMACIÓN [http-nio-8080-exec-214] org.apache.catalina.core.ApplicationContext.log Manager: list: Listing contexts for virtual host 'localhost'
17-Oct-2017 23:00:55.671 INFORMACIÓN [http-nio-8080-exec-218] org.apache.catalina.core.ApplicationContext.log Manager: restart: Reloading web application '/Tecnopotify'
17-Oct-2017 23:03:38.039 INFORMACIÓN [http-nio-8080-exec-222] org.apache.catalina.core.ApplicationContext.log Manager: list: Listing contexts for virtual host 'localhost'
17-Oct-2017 23:03:38.056 INFORMACIÓN [http-nio-8080-exec-223] org.apache.catalina.core.ApplicationContext.log Manager: list: Listing contexts for virtual host 'localhost'
17-Oct-2017 23:03:38.109 INFORMACIÓN [http-nio-8080-exec-224] org.apache.catalina.core.ApplicationContext.log Manager: undeploy: Undeploying web application at '/Tecnopotify'
17-Oct-2017 23:03:38.673 INFORMACIÓN [http-nio-8080-exec-231] org.apache.catalina.core.ApplicationContext.log Manager: install: Installing context configuration at 'file:/tmp/context8158980185844873107.xml'
17-Oct-2017 23:03:41.892 INFORMACIÓN [423] org.apache.catalina.core.ApplicationContext.log Manager: start: Starting web application '/Tecnopotify'
17-Oct-2017 23:16:27.900 INFORMACIÓN [http-nio-8080-exec-237] org.apache.catalina.core.ApplicationContext.log Manager: list: Listing contexts for virtual host 'localhost'
17-Oct-2017 23:16:28.083 INFORMACIÓN [http-nio-8080-exec-238] org.apache.catalina.core.ApplicationContext.log Manager: undeploy: Undeploying web application at '/Tecnopotify'
17-Oct-2017 23:17:03.676 INFORMACIÓN [http-nio-8080-exec-242] org.apache.catalina.core.ApplicationContext.log Manager: list: Listing contexts for virtual host 'localhost'
17-Oct-2017 23:17:03.880 INFORMACIÓN [http-nio-8080-exec-243] org.apache.catalina.core.ApplicationContext.log Manager: list: Listing contexts for virtual host 'localhost'
17-Oct-2017 23:17:04.379 INFORMACIÓN [http-nio-8080-exec-244] org.apache.catalina.core.ApplicationContext.log Manager: install: Installing context configuration at 'file:/tmp/context704052963591692294.xml'
17-Oct-2017 23:17:10.444 INFORMACIÓN [http-nio-8080-exec-237] org.apache.catalina.core.ApplicationContext.log Manager: start: Starting web application '/Tecnopotify'
17-Oct-2017 23:18:39.394 INFORMACIÓN [http-nio-8080-exec-250] org.apache.catalina.core.ApplicationContext.log Manager: list: Listing contexts for virtual host 'localhost'
17-Oct-2017 23:18:39.401 INFORMACIÓN [http-nio-8080-exec-251] org.apache.catalina.core.ApplicationContext.log Manager: list: Listing contexts for virtual host 'localhost'
17-Oct-2017 23:18:39.597 INFORMACIÓN [http-nio-8080-exec-242] org.apache.catalina.core.ApplicationContext.log Manager: undeploy: Undeploying web application at '/Tecnopotify'
17-Oct-2017 23:18:40.609 INFORMACIÓN [http-nio-8080-exec-250] org.apache.catalina.core.ApplicationContext.log Manager: install: Installing context configuration at 'file:/tmp/context1515231123470825496.xml'
17-Oct-2017 23:18:58.370 INFORMACIÓN [http-nio-8080-exec-243] org.apache.catalina.core.ApplicationContext.log Manager: start: Starting web application '/Tecnopotify'
17-Oct-2017 23:23:12.170 INFORMACIÓN [http-nio-8080-exec-259] org.apache.catalina.core.ApplicationContext.log Manager: list: Listing contexts for virtual host 'localhost'
17-Oct-2017 23:23:12.194 INFORMACIÓN [http-nio-8080-exec-260] org.apache.catalina.core.ApplicationContext.log Manager: list: Listing contexts for virtual host 'localhost'
17-Oct-2017 23:23:12.302 INFORMACIÓN [http-nio-8080-exec-257] org.apache.catalina.core.ApplicationContext.log Manager: undeploy: Undeploying web application at '/Tecnopotify'
17-Oct-2017 23:23:12.993 INFORMACIÓN [http-nio-8080-exec-252] org.apache.catalina.core.ApplicationContext.log Manager: install: Installing context configuration at 'file:/tmp/context6881208499528792367.xml'
17-Oct-2017 23:23:27.295 INFORMACIÓN [http-nio-8080-exec-258] org.apache.catalina.core.ApplicationContext.log Manager: start: Starting web application '/Tecnopotify'
17-Oct-2017 23:24:31.567 INFORMACIÓN [http-nio-8080-exec-256] org.apache.catalina.core.ApplicationContext.log Manager: list: Listing contexts for virtual host 'localhost'
17-Oct-2017 23:24:39.149 INFORMACIÓN [http-nio-8080-exec-270] org.apache.catalina.core.ApplicationContext.log Manager: list: Listing contexts for virtual host 'localhost'
17-Oct-2017 23:24:39.169 INFORMACIÓN [http-nio-8080-exec-253] org.apache.catalina.core.ApplicationContext.log Manager: restart: Reloading web application '/Tecnopotify'
17-Oct-2017 23:26:12.907 INFORMACIÓN [http-nio-8080-exec-273] org.apache.catalina.core.ApplicationContext.log Manager: list: Listing contexts for virtual host 'localhost'
17-Oct-2017 23:26:12.951 INFORMACIÓN [http-nio-8080-exec-271] org.apache.catalina.core.ApplicationContext.log Manager: list: Listing contexts for virtual host 'localhost'
17-Oct-2017 23:26:13.143 INFORMACIÓN [http-nio-8080-exec-265] org.apache.catalina.core.ApplicationContext.log Manager: undeploy: Undeploying web application at '/Tecnopotify'
17-Oct-2017 23:26:14.400 INFORMACIÓN [http-nio-8080-exec-264] org.apache.catalina.core.ApplicationContext.log Manager: install: Installing context configuration at 'file:/tmp/context8958287838154975264.xml'
17-Oct-2017 23:26:20.039 INFORMACIÓN [http-nio-8080-exec-274] org.apache.catalina.core.ApplicationContext.log Manager: start: Starting web application '/Tecnopotify'
17-Oct-2017 23:30:06.061 INFORMACIÓN [http-nio-8080-exec-286] org.apache.catalina.core.ApplicationContext.log Manager: list: Listing contexts for virtual host 'localhost'
17-Oct-2017 23:30:06.071 INFORMACIÓN [http-nio-8080-exec-281] org.apache.catalina.core.ApplicationContext.log Manager: list: Listing contexts for virtual host 'localhost'
17-Oct-2017 23:42:19.848 INFORMACIÓN [http-nio-8080-exec-283] org.apache.catalina.core.ApplicationContext.log Manager: list: Listing contexts for virtual host 'localhost'
17-Oct-2017 23:42:19.858 INFORMACIÓN [http-nio-8080-exec-277] org.apache.catalina.core.ApplicationContext.log Manager: list: Listing contexts for virtual host 'localhost'
17-Oct-2017 23:42:19.935 INFORMACIÓN [http-nio-8080-exec-278] org.apache.catalina.core.ApplicationContext.log Manager: restart: Reloading web application '/Tecnopotify'
17-Oct-2017 23:46:23.262 INFORMACIÓN [http-nio-8080-exec-295] org.apache.catalina.core.ApplicationContext.log Manager: list: Listing contexts for virtual host 'localhost'
17-Oct-2017 23:46:23.275 INFORMACIÓN [http-nio-8080-exec-283] org.apache.catalina.core.ApplicationContext.log Manager: list: Listing contexts for virtual host 'localhost'
17-Oct-2017 23:46:23.329 INFORMACIÓN [http-nio-8080-exec-290] org.apache.catalina.core.ApplicationContext.log Manager: restart: Reloading web application '/Tecnopotify'
17-Oct-2017 23:50:34.808 INFORMACIÓN [http-nio-8080-exec-305] org.apache.catalina.core.ApplicationContext.log Manager: list: Listing contexts for virtual host 'localhost'
17-Oct-2017 23:50:34.821 INFORMACIÓN [http-nio-8080-exec-306] org.apache.catalina.core.ApplicationContext.log Manager: list: Listing contexts for virtual host 'localhost'
17-Oct-2017 23:50:54.877 INFORMACIÓN [http-nio-8080-exec-297] org.apache.catalina.core.ApplicationContext.log Manager: list: Listing contexts for virtual host 'localhost'
17-Oct-2017 23:50:54.883 INFORMACIÓN [http-nio-8080-exec-299] org.apache.catalina.core.ApplicationContext.log Manager: list: Listing contexts for virtual host 'localhost'
17-Oct-2017 23:55:08.368 INFORMACIÓN [http-nio-8080-exec-305] org.apache.catalina.core.ApplicationContext.log Manager: list: Listing contexts for virtual host 'localhost'
17-Oct-2017 23:55:08.381 INFORMACIÓN [http-nio-8080-exec-298] org.apache.catalina.core.ApplicationContext.log Manager: list: Listing contexts for virtual host 'localhost'
17-Oct-2017 23:55:08.438 INFORMACIÓN [http-nio-8080-exec-306] org.apache.catalina.core.ApplicationContext.log Manager: undeploy: Undeploying web application at '/Tecnopotify'
17-Oct-2017 23:55:09.109 INFORMACIÓN [http-nio-8080-exec-297] org.apache.catalina.core.ApplicationContext.log Manager: install: Installing context configuration at 'file:/tmp/context5368499658783980709.xml'
17-Oct-2017 23:55:15.197 INFORMACIÓN [http-nio-8080-exec-302] org.apache.catalina.core.ApplicationContext.log Manager: start: Starting web application '/Tecnopotify'
17-Oct-2017 23:57:03.782 INFORMACIÓN [http-nio-8080-exec-307] org.apache.catalina.core.ApplicationContext.log Manager: list: Listing contexts for virtual host 'localhost'
17-Oct-2017 23:57:03.820 INFORMACIÓN [http-nio-8080-exec-308] org.apache.catalina.core.ApplicationContext.log Manager: list: Listing contexts for virtual host 'localhost'
17-Oct-2017 23:57:03.968 INFORMACIÓN [http-nio-8080-exec-313] org.apache.catalina.core.ApplicationContext.log Manager: undeploy: Undeploying web application at '/Tecnopotify'
17-Oct-2017 23:57:04.554 INFORMACIÓN [http-nio-8080-exec-314] org.apache.catalina.core.ApplicationContext.log Manager: install: Installing context configuration at 'file:/tmp/context3765838211399018330.xml'
17-Oct-2017 23:57:19.921 INFORMACIÓN [http-nio-8080-exec-307] org.apache.catalina.core.ApplicationContext.log Manager: start: Starting web application '/Tecnopotify'
