18-Oct-2017 00:08:03.167 INFORMACIÓN [http-nio-8080-exec-318] org.apache.catalina.core.ApplicationContext.log Manager: list: Listing contexts for virtual host 'localhost'
18-Oct-2017 00:08:03.175 INFORMACIÓN [http-nio-8080-exec-324] org.apache.catalina.core.ApplicationContext.log Manager: list: Listing contexts for virtual host 'localhost'
18-Oct-2017 00:08:03.269 INFORMACIÓN [http-nio-8080-exec-320] org.apache.catalina.core.ApplicationContext.log Manager: undeploy: Undeploying web application at '/Tecnopotify'
18-Oct-2017 00:08:04.080 INFORMACIÓN [http-nio-8080-exec-318] org.apache.catalina.core.ApplicationContext.log Manager: install: Installing context configuration at 'file:/tmp/context8651471519191505856.xml'
18-Oct-2017 00:08:10.137 INFORMACIÓN [http-nio-8080-exec-319] org.apache.catalina.core.ApplicationContext.log Manager: start: Starting web application '/Tecnopotify'
18-Oct-2017 00:13:55.000 INFORMACIÓN [http-nio-8080-exec-328] org.apache.catalina.core.ApplicationContext.log Manager: list: Listing contexts for virtual host 'localhost'
18-Oct-2017 00:13:55.007 INFORMACIÓN [http-nio-8080-exec-336] org.apache.catalina.core.ApplicationContext.log Manager: list: Listing contexts for virtual host 'localhost'
18-Oct-2017 00:13:55.071 INFORMACIÓN [http-nio-8080-exec-332] org.apache.catalina.core.ApplicationContext.log Manager: restart: Reloading web application '/Tecnopotify'
18-Oct-2017 00:14:40.157 INFORMACIÓN [http-nio-8080-exec-334] org.apache.catalina.core.ApplicationContext.log Manager: list: Listing contexts for virtual host 'localhost'
18-Oct-2017 00:14:40.170 INFORMACIÓN [http-nio-8080-exec-340] org.apache.catalina.core.ApplicationContext.log Manager: list: Listing contexts for virtual host 'localhost'
18-Oct-2017 00:14:40.219 INFORMACIÓN [http-nio-8080-exec-341] org.apache.catalina.core.ApplicationContext.log Manager: restart: Reloading web application '/Tecnopotify'
18-Oct-2017 00:16:22.109 INFORMACIÓN [http-nio-8080-exec-344] org.apache.catalina.core.ApplicationContext.log Manager: list: Listing contexts for virtual host 'localhost'
18-Oct-2017 00:16:22.120 INFORMACIÓN [http-nio-8080-exec-345] org.apache.catalina.core.ApplicationContext.log Manager: list: Listing contexts for virtual host 'localhost'
18-Oct-2017 00:16:22.201 INFORMACIÓN [http-nio-8080-exec-337] org.apache.catalina.core.ApplicationContext.log Manager: undeploy: Undeploying web application at '/Tecnopotify'
18-Oct-2017 00:16:22.954 INFORMACIÓN [http-nio-8080-exec-349] org.apache.catalina.core.ApplicationContext.log Manager: install: Installing context configuration at 'file:/tmp/context3544402550122854362.xml'
18-Oct-2017 00:16:28.341 INFORMACIÓN [http-nio-8080-exec-345] org.apache.catalina.core.ApplicationContext.log Manager: start: Starting web application '/Tecnopotify'
18-Oct-2017 00:19:12.603 INFORMACIÓN [http-nio-8080-exec-348] org.apache.catalina.core.ApplicationContext.log Manager: list: Listing contexts for virtual host 'localhost'
18-Oct-2017 00:19:12.620 INFORMACIÓN [http-nio-8080-exec-353] org.apache.catalina.core.ApplicationContext.log Manager: list: Listing contexts for virtual host 'localhost'
18-Oct-2017 00:19:12.681 INFORMACIÓN [http-nio-8080-exec-354] org.apache.catalina.core.ApplicationContext.log Manager: restart: Reloading web application '/Tecnopotify'
18-Oct-2017 00:19:42.692 INFORMACIÓN [http-nio-8080-exec-360] org.apache.catalina.core.ApplicationContext.log Manager: list: Listing contexts for virtual host 'localhost'
18-Oct-2017 00:19:42.705 INFORMACIÓN [http-nio-8080-exec-362] org.apache.catalina.core.ApplicationContext.log Manager: list: Listing contexts for virtual host 'localhost'
18-Oct-2017 00:19:42.804 INFORMACIÓN [http-nio-8080-exec-359] org.apache.catalina.core.ApplicationContext.log Manager: undeploy: Undeploying web application at '/Tecnopotify'
18-Oct-2017 00:19:43.522 INFORMACIÓN [http-nio-8080-exec-361] org.apache.catalina.core.ApplicationContext.log Manager: install: Installing context configuration at 'file:/tmp/context7187698986988619735.xml'
18-Oct-2017 00:19:47.758 INFORMACIÓN [http-nio-8080-exec-366] org.apache.catalina.core.ApplicationContext.log Manager: start: Starting web application '/Tecnopotify'
18-Oct-2017 00:24:50.011 INFORMACIÓN [http-nio-8080-exec-376] org.apache.catalina.core.ApplicationContext.log Manager: list: Listing contexts for virtual host 'localhost'
18-Oct-2017 00:24:50.026 INFORMACIÓN [http-nio-8080-exec-367] org.apache.catalina.core.ApplicationContext.log Manager: list: Listing contexts for virtual host 'localhost'
18-Oct-2017 00:24:50.098 INFORMACIÓN [http-nio-8080-exec-368] org.apache.catalina.core.ApplicationContext.log Manager: restart: Reloading web application '/Tecnopotify'
18-Oct-2017 00:27:05.120 INFORMACIÓN [http-nio-8080-exec-369] org.apache.catalina.core.ApplicationContext.log Manager: list: Listing contexts for virtual host 'localhost'
18-Oct-2017 00:27:05.127 INFORMACIÓN [http-nio-8080-exec-384] org.apache.catalina.core.ApplicationContext.log Manager: list: Listing contexts for virtual host 'localhost'
18-Oct-2017 00:35:17.265 INFORMACIÓN [http-nio-8080-exec-380] org.apache.catalina.core.ApplicationContext.log Manager: list: Listing contexts for virtual host 'localhost'
18-Oct-2017 00:35:17.276 INFORMACIÓN [http-nio-8080-exec-386] org.apache.catalina.core.ApplicationContext.log Manager: list: Listing contexts for virtual host 'localhost'
18-Oct-2017 00:39:55.910 INFORMACIÓN [http-nio-8080-exec-384] org.apache.catalina.core.ApplicationContext.log Manager: list: Listing contexts for virtual host 'localhost'
18-Oct-2017 00:39:55.920 INFORMACIÓN [http-nio-8080-exec-377] org.apache.catalina.core.ApplicationContext.log Manager: list: Listing contexts for virtual host 'localhost'
18-Oct-2017 00:40:19.281 INFORMACIÓN [http-nio-8080-exec-381] org.apache.catalina.core.ApplicationContext.log Manager: list: Listing contexts for virtual host 'localhost'
18-Oct-2017 00:40:19.299 INFORMACIÓN [http-nio-8080-exec-383] org.apache.catalina.core.ApplicationContext.log Manager: list: Listing contexts for virtual host 'localhost'
18-Oct-2017 00:40:19.408 INFORMACIÓN [http-nio-8080-exec-382] org.apache.catalina.core.ApplicationContext.log Manager: undeploy: Undeploying web application at '/Tecnopotify'
18-Oct-2017 00:40:20.427 INFORMACIÓN [http-nio-8080-exec-381] org.apache.catalina.core.ApplicationContext.log Manager: install: Installing context configuration at 'file:/tmp/context4817288673520445091.xml'
18-Oct-2017 00:40:32.337 INFORMACIÓN [http-nio-8080-exec-383] org.apache.catalina.core.ApplicationContext.log Manager: start: Starting web application '/Tecnopotify'
18-Oct-2017 00:41:52.234 INFORMACIÓN [http-nio-8080-exec-392] org.apache.catalina.core.ApplicationContext.log Manager: list: Listing contexts for virtual host 'localhost'
18-Oct-2017 00:41:52.284 INFORMACIÓN [http-nio-8080-exec-395] org.apache.catalina.core.ApplicationContext.log Manager: list: Listing contexts for virtual host 'localhost'
18-Oct-2017 00:41:52.419 INFORMACIÓN [http-nio-8080-exec-379] org.apache.catalina.core.ApplicationContext.log Manager: undeploy: Undeploying web application at '/Tecnopotify'
18-Oct-2017 00:41:53.023 INFORMACIÓN [http-nio-8080-exec-391] org.apache.catalina.core.ApplicationContext.log Manager: install: Installing context configuration at 'file:/tmp/context5551750023317280708.xml'
18-Oct-2017 00:41:59.041 INFORMACIÓN [http-nio-8080-exec-390] org.apache.catalina.core.ApplicationContext.log Manager: start: Starting web application '/Tecnopotify'
18-Oct-2017 00:51:50.037 INFORMACIÓN [http-nio-8080-exec-8] org.apache.catalina.core.ApplicationContext.log Manager: init: Associated with Deployer 'Catalina:type=Deployer,host=localhost'
18-Oct-2017 00:51:50.037 INFORMACIÓN [http-nio-8080-exec-8] org.apache.catalina.core.ApplicationContext.log Manager: init: Global resources are available
18-Oct-2017 00:51:50.057 INFORMACIÓN [http-nio-8080-exec-8] org.apache.catalina.core.ApplicationContext.log Manager: list: Listing contexts for virtual host 'localhost'
18-Oct-2017 00:51:50.099 INFORMACIÓN [http-nio-8080-exec-9] org.apache.catalina.core.ApplicationContext.log Manager: list: Listing contexts for virtual host 'localhost'
18-Oct-2017 00:51:50.290 INFORMACIÓN [http-nio-8080-exec-1] org.apache.catalina.core.ApplicationContext.log Manager: restart: Reloading web application '/Tecnopotify'
18-Oct-2017 00:52:13.321 INFORMACIÓN [http-nio-8080-exec-11] org.apache.catalina.core.ApplicationContext.log Manager: list: Listing contexts for virtual host 'localhost'
18-Oct-2017 00:52:13.370 INFORMACIÓN [http-nio-8080-exec-12] org.apache.catalina.core.ApplicationContext.log Manager: stop: Stopping web application '/Tecnopotify'
18-Oct-2017 00:52:15.576 INFORMACIÓN [http-nio-8080-exec-8] org.apache.catalina.core.ApplicationContext.log Manager: start: Starting web application '/Tecnopotify'
18-Oct-2017 00:52:36.597 INFORMACIÓN [http-nio-8080-exec-9] org.apache.catalina.core.ApplicationContext.log Manager: list: Listing contexts for virtual host 'localhost'
18-Oct-2017 00:52:36.678 INFORMACIÓN [http-nio-8080-exec-13] org.apache.catalina.core.ApplicationContext.log Manager: restart: Reloading web application '/Tecnopotify'
18-Oct-2017 00:52:54.234 INFORMACIÓN [http-nio-8080-exec-21] org.apache.catalina.core.ApplicationContext.log Manager: list: Listing contexts for virtual host 'localhost'
18-Oct-2017 00:52:54.302 INFORMACIÓN [http-nio-8080-exec-19] org.apache.catalina.core.ApplicationContext.log Manager: restart: Reloading web application '/Tecnopotify'
18-Oct-2017 00:55:18.298 INFORMACIÓN [http-nio-8080-exec-23] org.apache.catalina.core.ApplicationContext.log Manager: list: Listing contexts for virtual host 'localhost'
18-Oct-2017 00:55:18.358 INFORMACIÓN [http-nio-8080-exec-4] org.apache.catalina.core.ApplicationContext.log Manager: restart: Reloading web application '/Tecnopotify'
18-Oct-2017 00:56:12.181 INFORMACIÓN [http-nio-8080-exec-25] org.apache.catalina.core.ApplicationContext.log Manager: list: Listing contexts for virtual host 'localhost'
18-Oct-2017 00:56:12.245 INFORMACIÓN [http-nio-8080-exec-26] org.apache.catalina.core.ApplicationContext.log Manager: restart: Reloading web application '/Tecnopotify'
18-Oct-2017 00:56:51.572 INFORMACIÓN [http-nio-8080-exec-23] org.apache.catalina.core.ApplicationContext.log Manager: list: Listing contexts for virtual host 'localhost'
18-Oct-2017 00:56:51.583 INFORMACIÓN [http-nio-8080-exec-34] org.apache.catalina.core.ApplicationContext.log Manager: list: Listing contexts for virtual host 'localhost'
18-Oct-2017 00:56:51.635 INFORMACIÓN [http-nio-8080-exec-35] org.apache.catalina.core.ApplicationContext.log Manager: stop: Stopping web application '/Tecnopotify'
18-Oct-2017 00:56:51.711 INFORMACIÓN [http-nio-8080-exec-33] org.apache.catalina.core.ApplicationContext.log Manager: start: Starting web application '/Tecnopotify'
18-Oct-2017 00:57:50.749 INFORMACIÓN [http-nio-8080-exec-34] org.apache.catalina.core.ApplicationContext.log Manager: list: Listing contexts for virtual host 'localhost'
18-Oct-2017 00:57:50.762 INFORMACIÓN [http-nio-8080-exec-39] org.apache.catalina.core.ApplicationContext.log Manager: list: Listing contexts for virtual host 'localhost'
18-Oct-2017 01:00:23.275 INFORMACIÓN [http-nio-8080-exec-38] org.apache.catalina.core.ApplicationContext.log Manager: list: Listing contexts for virtual host 'localhost'
18-Oct-2017 18:00:34.503 INFORMACIÓN [http-nio-8080-exec-3] org.apache.catalina.core.ApplicationContext.log Manager: init: Associated with Deployer 'Catalina:type=Deployer,host=localhost'
18-Oct-2017 18:00:34.518 INFORMACIÓN [http-nio-8080-exec-3] org.apache.catalina.core.ApplicationContext.log Manager: init: Global resources are available
18-Oct-2017 18:00:34.520 INFORMACIÓN [http-nio-8080-exec-3] org.apache.catalina.core.ApplicationContext.log Manager: list: Listing contexts for virtual host 'localhost'
18-Oct-2017 18:00:34.591 INFORMACIÓN [http-nio-8080-exec-5] org.apache.catalina.core.ApplicationContext.log Manager: list: Listing contexts for virtual host 'localhost'
18-Oct-2017 18:34:10.760 INFORMACIÓN [http-nio-8080-exec-1] org.apache.catalina.core.ApplicationContext.log Manager: list: Listing contexts for virtual host 'localhost'
18-Oct-2017 18:34:10.782 INFORMACIÓN [http-nio-8080-exec-9] org.apache.catalina.core.ApplicationContext.log Manager: list: Listing contexts for virtual host 'localhost'
18-Oct-2017 18:35:12.703 INFORMACIÓN [http-nio-8080-exec-3] org.apache.catalina.core.ApplicationContext.log Manager: list: Listing contexts for virtual host 'localhost'
18-Oct-2017 18:35:12.714 INFORMACIÓN [http-nio-8080-exec-5] org.apache.catalina.core.ApplicationContext.log Manager: list: Listing contexts for virtual host 'localhost'
18-Oct-2017 18:41:43.400 INFORMACIÓN [http-nio-8080-exec-8] org.apache.catalina.core.ApplicationContext.log Manager: list: Listing contexts for virtual host 'localhost'
18-Oct-2017 18:41:43.426 INFORMACIÓN [http-nio-8080-exec-6] org.apache.catalina.core.ApplicationContext.log Manager: list: Listing contexts for virtual host 'localhost'
18-Oct-2017 18:41:43.530 INFORMACIÓN [http-nio-8080-exec-4] org.apache.catalina.core.ApplicationContext.log Manager: restart: Reloading web application '/Tecnopotify'
18-Oct-2017 18:42:58.128 INFORMACIÓN [http-nio-8080-exec-16] org.apache.catalina.core.ApplicationContext.log Manager: list: Listing contexts for virtual host 'localhost'
18-Oct-2017 18:42:58.142 INFORMACIÓN [http-nio-8080-exec-17] org.apache.catalina.core.ApplicationContext.log Manager: list: Listing contexts for virtual host 'localhost'
18-Oct-2017 18:47:46.014 INFORMACIÓN [http-nio-8080-exec-19] org.apache.catalina.core.ApplicationContext.log Manager: list: Listing contexts for virtual host 'localhost'
18-Oct-2017 18:47:46.025 INFORMACIÓN [http-nio-8080-exec-20] org.apache.catalina.core.ApplicationContext.log Manager: list: Listing contexts for virtual host 'localhost'
18-Oct-2017 18:48:47.418 INFORMACIÓN [http-nio-8080-exec-9] org.apache.catalina.core.ApplicationContext.log Manager: init: Associated with Deployer 'Catalina:type=Deployer,host=localhost'
18-Oct-2017 18:48:47.423 INFORMACIÓN [http-nio-8080-exec-9] org.apache.catalina.core.ApplicationContext.log Manager: init: Global resources are available
18-Oct-2017 18:48:47.428 INFORMACIÓN [http-nio-8080-exec-9] org.apache.catalina.core.ApplicationContext.log Manager: list: Listing contexts for virtual host 'localhost'
18-Oct-2017 18:48:47.457 INFORMACIÓN [http-nio-8080-exec-10] org.apache.catalina.core.ApplicationContext.log Manager: list: Listing contexts for virtual host 'localhost'
18-Oct-2017 18:48:47.525 INFORMACIÓN [http-nio-8080-exec-3] org.apache.catalina.core.ApplicationContext.log Manager: undeploy: Undeploying web application at '/Tecnopotify'
18-Oct-2017 18:48:48.230 INFORMACIÓN [http-nio-8080-exec-10] org.apache.catalina.core.ApplicationContext.log Manager: install: Installing context configuration at 'file:/tmp/context1682873165070982752.xml'
18-Oct-2017 18:48:53.270 INFORMACIÓN [http-nio-8080-exec-4] org.apache.catalina.core.ApplicationContext.log Manager: start: Starting web application '/Tecnopotify'
18-Oct-2017 18:50:07.043 INFORMACIÓN [http-nio-8080-exec-14] org.apache.catalina.core.ApplicationContext.log Manager: list: Listing contexts for virtual host 'localhost'
18-Oct-2017 18:50:07.053 INFORMACIÓN [http-nio-8080-exec-16] org.apache.catalina.core.ApplicationContext.log Manager: list: Listing contexts for virtual host 'localhost'
18-Oct-2017 18:50:07.083 INFORMACIÓN [http-nio-8080-exec-15] org.apache.catalina.core.ApplicationContext.log Manager: undeploy: Undeploying web application at '/Tecnopotify'
18-Oct-2017 18:50:07.666 INFORMACIÓN [http-nio-8080-exec-20] org.apache.catalina.core.ApplicationContext.log Manager: install: Installing context configuration at 'file:/tmp/context7241745874441813226.xml'
18-Oct-2017 18:50:12.197 INFORMACIÓN [http-nio-8080-exec-14] org.apache.catalina.core.ApplicationContext.log Manager: start: Starting web application '/Tecnopotify'
18-Oct-2017 19:04:09.817 INFORMACIÓN [http-nio-8080-exec-29] org.apache.catalina.core.ApplicationContext.log Manager: list: Listing contexts for virtual host 'localhost'
18-Oct-2017 19:04:09.830 INFORMACIÓN [http-nio-8080-exec-30] org.apache.catalina.core.ApplicationContext.log Manager: list: Listing contexts for virtual host 'localhost'
18-Oct-2017 19:04:09.871 INFORMACIÓN [http-nio-8080-exec-25] org.apache.catalina.core.ApplicationContext.log Manager: restart: Reloading web application '/Tecnopotify'
18-Oct-2017 19:05:43.602 INFORMACIÓN [http-nio-8080-exec-24] org.apache.catalina.core.ApplicationContext.log Manager: list: Listing contexts for virtual host 'localhost'
18-Oct-2017 19:05:43.621 INFORMACIÓN [http-nio-8080-exec-37] org.apache.catalina.core.ApplicationContext.log Manager: list: Listing contexts for virtual host 'localhost'
18-Oct-2017 19:05:43.704 INFORMACIÓN [http-nio-8080-exec-31] org.apache.catalina.core.ApplicationContext.log Manager: restart: Reloading web application '/Tecnopotify'
18-Oct-2017 19:06:07.327 INFORMACIÓN [http-nio-8080-exec-38] org.apache.catalina.core.ApplicationContext.log Manager: list: Listing contexts for virtual host 'localhost'
18-Oct-2017 19:06:07.379 INFORMACIÓN [http-nio-8080-exec-39] org.apache.catalina.core.ApplicationContext.log Manager: undeploy: Undeploying web application at '/Tecnopotify'
18-Oct-2017 19:06:28.379 INFORMACIÓN [http-nio-8080-exec-39] org.apache.catalina.core.ApplicationContext.log Manager: list: Listing contexts for virtual host 'localhost'
18-Oct-2017 19:06:28.397 INFORMACIÓN [http-nio-8080-exec-44] org.apache.catalina.core.ApplicationContext.log Manager: list: Listing contexts for virtual host 'localhost'
18-Oct-2017 19:06:28.433 INFORMACIÓN [http-nio-8080-exec-45] org.apache.catalina.core.ApplicationContext.log Manager: install: Installing context configuration at 'file:/tmp/context5976162556281838331.xml'
18-Oct-2017 19:06:33.233 INFORMACIÓN [http-nio-8080-exec-42] org.apache.catalina.core.ApplicationContext.log Manager: start: Starting web application '/Tecnopotify'
18-Oct-2017 19:07:27.365 INFORMACIÓN [63] org.apache.catalina.core.ApplicationContext.log Manager: list: Listing contexts for virtual host 'localhost'
18-Oct-2017 19:07:27.467 INFORMACIÓN [http-nio-8080-exec-49] org.apache.catalina.core.ApplicationContext.log Manager: undeploy: Undeploying web application at '/Tecnopotify'
18-Oct-2017 19:07:40.898 INFORMACIÓN [http-nio-8080-exec-49] org.apache.catalina.core.ApplicationContext.log Manager: list: Listing contexts for virtual host 'localhost'
18-Oct-2017 19:07:40.910 INFORMACIÓN [http-nio-8080-exec-53] org.apache.catalina.core.ApplicationContext.log Manager: list: Listing contexts for virtual host 'localhost'
18-Oct-2017 19:07:40.936 INFORMACIÓN [http-nio-8080-exec-48] org.apache.catalina.core.ApplicationContext.log Manager: install: Installing context configuration at 'file:/tmp/context7924216861253003233.xml'
18-Oct-2017 19:07:44.701 INFORMACIÓN [http-nio-8080-exec-50] org.apache.catalina.core.ApplicationContext.log Manager: start: Starting web application '/Tecnopotify'
18-Oct-2017 19:11:55.586 INFORMACIÓN [http-nio-8080-exec-57] org.apache.catalina.core.ApplicationContext.log Manager: list: Listing contexts for virtual host 'localhost'
18-Oct-2017 19:11:55.611 INFORMACIÓN [http-nio-8080-exec-54] org.apache.catalina.core.ApplicationContext.log Manager: list: Listing contexts for virtual host 'localhost'
18-Oct-2017 19:11:55.700 INFORMACIÓN [http-nio-8080-exec-58] org.apache.catalina.core.ApplicationContext.log Manager: undeploy: Undeploying web application at '/Tecnopotify'
18-Oct-2017 19:11:56.266 INFORMACIÓN [http-nio-8080-exec-54] org.apache.catalina.core.ApplicationContext.log Manager: install: Installing context configuration at 'file:/tmp/context1233936060059037987.xml'
18-Oct-2017 19:11:59.529 INFORMACIÓN [http-nio-8080-exec-55] org.apache.catalina.core.ApplicationContext.log Manager: start: Starting web application '/Tecnopotify'
18-Oct-2017 19:15:54.129 INFORMACIÓN [http-nio-8080-exec-69] org.apache.catalina.core.ApplicationContext.log Manager: list: Listing contexts for virtual host 'localhost'
18-Oct-2017 19:16:50.012 INFORMACIÓN [http-nio-8080-exec-69] org.apache.catalina.core.ApplicationContext.log Manager: list: Listing contexts for virtual host 'localhost'
18-Oct-2017 19:17:15.482 INFORMACIÓN [http-nio-8080-exec-69] org.apache.catalina.core.ApplicationContext.log Manager: list: Listing contexts for virtual host 'localhost'
18-Oct-2017 19:17:36.333 INFORMACIÓN [http-nio-8080-exec-69] org.apache.catalina.core.ApplicationContext.log Manager: list: Listing contexts for virtual host 'localhost'
18-Oct-2017 19:18:19.144 INFORMACIÓN [http-nio-8080-exec-64] org.apache.catalina.core.ApplicationContext.log Manager: list: Listing contexts for virtual host 'localhost'
18-Oct-2017 19:18:19.182 INFORMACIÓN [http-nio-8080-exec-66] org.apache.catalina.core.ApplicationContext.log Manager: list: Listing contexts for virtual host 'localhost'
18-Oct-2017 19:18:19.236 INFORMACIÓN [http-nio-8080-exec-65] org.apache.catalina.core.ApplicationContext.log Manager: undeploy: Undeploying web application at '/Tecnopotify'
18-Oct-2017 19:18:19.847 INFORMACIÓN [http-nio-8080-exec-64] org.apache.catalina.core.ApplicationContext.log Manager: install: Installing context configuration at 'file:/tmp/context7268817561718493818.xml'
18-Oct-2017 19:18:22.744 INFORMACIÓN [http-nio-8080-exec-71] org.apache.catalina.core.ApplicationContext.log Manager: start: Starting web application '/Tecnopotify'
18-Oct-2017 19:21:17.634 INFORMACIÓN [http-nio-8080-exec-77] org.apache.catalina.core.ApplicationContext.log Manager: list: Listing contexts for virtual host 'localhost'
18-Oct-2017 19:21:17.672 INFORMACIÓN [http-nio-8080-exec-78] org.apache.catalina.core.ApplicationContext.log Manager: undeploy: Undeploying web application at '/Tecnopotify'
18-Oct-2017 19:21:33.690 INFORMACIÓN [http-nio-8080-exec-77] org.apache.catalina.core.ApplicationContext.log Manager: list: Listing contexts for virtual host 'localhost'
18-Oct-2017 19:21:33.705 INFORMACIÓN [http-nio-8080-exec-82] org.apache.catalina.core.ApplicationContext.log Manager: list: Listing contexts for virtual host 'localhost'
18-Oct-2017 19:21:33.746 INFORMACIÓN [http-nio-8080-exec-76] org.apache.catalina.core.ApplicationContext.log Manager: install: Installing context configuration at 'file:/tmp/context4354373272563173746.xml'
18-Oct-2017 19:21:37.294 INFORMACIÓN [http-nio-8080-exec-80] org.apache.catalina.core.ApplicationContext.log Manager: start: Starting web application '/Tecnopotify'
18-Oct-2017 19:22:35.136 INFORMACIÓN [http-nio-8080-exec-81] org.apache.catalina.core.ApplicationContext.log Manager: list: Listing contexts for virtual host 'localhost'
18-Oct-2017 19:22:35.199 INFORMACIÓN [http-nio-8080-exec-88] org.apache.catalina.core.ApplicationContext.log Manager: list: Listing contexts for virtual host 'localhost'
18-Oct-2017 19:22:35.233 INFORMACIÓN [http-nio-8080-exec-83] org.apache.catalina.core.ApplicationContext.log Manager: undeploy: Undeploying web application at '/Tecnopotify'
18-Oct-2017 19:22:35.816 INFORMACIÓN [http-nio-8080-exec-91] org.apache.catalina.core.ApplicationContext.log Manager: install: Installing context configuration at 'file:/tmp/context1186187551860863894.xml'
18-Oct-2017 19:22:38.982 INFORMACIÓN [http-nio-8080-exec-90] org.apache.catalina.core.ApplicationContext.log Manager: start: Starting web application '/Tecnopotify'
18-Oct-2017 19:23:23.348 INFORMACIÓN [http-nio-8080-exec-96] org.apache.catalina.core.ApplicationContext.log Manager: list: Listing contexts for virtual host 'localhost'
18-Oct-2017 19:23:23.365 INFORMACIÓN [http-nio-8080-exec-89] org.apache.catalina.core.ApplicationContext.log Manager: list: Listing contexts for virtual host 'localhost'
18-Oct-2017 19:23:23.433 INFORMACIÓN [http-nio-8080-exec-99] org.apache.catalina.core.ApplicationContext.log Manager: undeploy: Undeploying web application at '/Tecnopotify'
18-Oct-2017 19:23:23.994 INFORMACIÓN [http-nio-8080-exec-93] org.apache.catalina.core.ApplicationContext.log Manager: install: Installing context configuration at 'file:/tmp/context9081054064149571839.xml'
18-Oct-2017 19:23:27.512 INFORMACIÓN [http-nio-8080-exec-94] org.apache.catalina.core.ApplicationContext.log Manager: start: Starting web application '/Tecnopotify'
18-Oct-2017 19:28:02.685 INFORMACIÓN [http-nio-8080-exec-107] org.apache.catalina.core.ApplicationContext.log Manager: list: Listing contexts for virtual host 'localhost'
18-Oct-2017 19:28:02.733 INFORMACIÓN [http-nio-8080-exec-102] org.apache.catalina.core.ApplicationContext.log Manager: undeploy: Undeploying web application at '/Tecnopotify'
18-Oct-2017 19:28:13.515 INFORMACIÓN [http-nio-8080-exec-107] org.apache.catalina.core.ApplicationContext.log Manager: list: Listing contexts for virtual host 'localhost'
18-Oct-2017 19:28:13.527 INFORMACIÓN [http-nio-8080-exec-111] org.apache.catalina.core.ApplicationContext.log Manager: list: Listing contexts for virtual host 'localhost'
18-Oct-2017 19:28:13.563 INFORMACIÓN [http-nio-8080-exec-104] org.apache.catalina.core.ApplicationContext.log Manager: install: Installing context configuration at 'file:/tmp/context5885180201078976733.xml'
18-Oct-2017 19:28:18.264 INFORMACIÓN [http-nio-8080-exec-103] org.apache.catalina.core.ApplicationContext.log Manager: start: Starting web application '/Tecnopotify'
18-Oct-2017 19:28:51.839 INFORMACIÓN [http-nio-8080-exec-118] org.apache.catalina.core.ApplicationContext.log Manager: list: Listing contexts for virtual host 'localhost'
18-Oct-2017 19:28:51.853 INFORMACIÓN [http-nio-8080-exec-119] org.apache.catalina.core.ApplicationContext.log Manager: list: Listing contexts for virtual host 'localhost'
18-Oct-2017 19:29:05.896 INFORMACIÓN [http-nio-8080-exec-118] org.apache.catalina.core.ApplicationContext.log Manager: list: Listing contexts for virtual host 'localhost'
18-Oct-2017 19:29:05.994 INFORMACIÓN [http-nio-8080-exec-119] org.apache.catalina.core.ApplicationContext.log Manager: undeploy: Undeploying web application at '/Tecnopotify'
18-Oct-2017 19:29:17.527 INFORMACIÓN [http-nio-8080-exec-121] org.apache.catalina.core.ApplicationContext.log Manager: list: Listing contexts for virtual host 'localhost'
18-Oct-2017 19:29:17.558 INFORMACIÓN [http-nio-8080-exec-123] org.apache.catalina.core.ApplicationContext.log Manager: list: Listing contexts for virtual host 'localhost'
18-Oct-2017 19:29:17.619 INFORMACIÓN [http-nio-8080-exec-112] org.apache.catalina.core.ApplicationContext.log Manager: install: Installing context configuration at 'file:/tmp/context566279373880051169.xml'
18-Oct-2017 19:29:22.765 INFORMACIÓN [http-nio-8080-exec-113] org.apache.catalina.core.ApplicationContext.log Manager: start: Starting web application '/Tecnopotify'
18-Oct-2017 19:30:22.279 INFORMACIÓN [http-nio-8080-exec-123] org.apache.catalina.core.ApplicationContext.log Manager: list: Listing contexts for virtual host 'localhost'
18-Oct-2017 19:30:22.288 INFORMACIÓN [http-nio-8080-exec-124] org.apache.catalina.core.ApplicationContext.log Manager: list: Listing contexts for virtual host 'localhost'
18-Oct-2017 19:30:22.318 INFORMACIÓN [http-nio-8080-exec-120] org.apache.catalina.core.ApplicationContext.log Manager: undeploy: Undeploying web application at '/Tecnopotify'
18-Oct-2017 19:30:22.893 INFORMACIÓN [http-nio-8080-exec-124] org.apache.catalina.core.ApplicationContext.log Manager: install: Installing context configuration at 'file:/tmp/context2839050774732553510.xml'
18-Oct-2017 19:30:26.228 INFORMACIÓN [http-nio-8080-exec-128] org.apache.catalina.core.ApplicationContext.log Manager: start: Starting web application '/Tecnopotify'
18-Oct-2017 19:31:34.331 INFORMACIÓN [http-nio-8080-exec-134] org.apache.catalina.core.ApplicationContext.log Manager: list: Listing contexts for virtual host 'localhost'
18-Oct-2017 19:31:34.408 INFORMACIÓN [http-nio-8080-exec-126] org.apache.catalina.core.ApplicationContext.log Manager: undeploy: Undeploying web application at '/Tecnopotify'
18-Oct-2017 19:31:47.161 INFORMACIÓN [http-nio-8080-exec-136] org.apache.catalina.core.ApplicationContext.log Manager: list: Listing contexts for virtual host 'localhost'
18-Oct-2017 19:31:47.179 INFORMACIÓN [http-nio-8080-exec-140] org.apache.catalina.core.ApplicationContext.log Manager: list: Listing contexts for virtual host 'localhost'
18-Oct-2017 19:31:47.212 INFORMACIÓN [http-nio-8080-exec-130] org.apache.catalina.core.ApplicationContext.log Manager: install: Installing context configuration at 'file:/tmp/context4712599565751567432.xml'
18-Oct-2017 19:31:50.622 INFORMACIÓN [http-nio-8080-exec-122] org.apache.catalina.core.ApplicationContext.log Manager: start: Starting web application '/Tecnopotify'
18-Oct-2017 19:32:21.623 INFORMACIÓN [http-nio-8080-exec-146] org.apache.catalina.core.ApplicationContext.log Manager: list: Listing contexts for virtual host 'localhost'
18-Oct-2017 19:32:21.635 INFORMACIÓN [http-nio-8080-exec-143] org.apache.catalina.core.ApplicationContext.log Manager: list: Listing contexts for virtual host 'localhost'
18-Oct-2017 19:32:21.695 INFORMACIÓN [http-nio-8080-exec-144] org.apache.catalina.core.ApplicationContext.log Manager: undeploy: Undeploying web application at '/Tecnopotify'
18-Oct-2017 19:32:22.320 INFORMACIÓN [http-nio-8080-exec-142] org.apache.catalina.core.ApplicationContext.log Manager: install: Installing context configuration at 'file:/tmp/context8148730750018842293.xml'
18-Oct-2017 19:32:25.574 INFORMACIÓN [http-nio-8080-exec-143] org.apache.catalina.core.ApplicationContext.log Manager: start: Starting web application '/Tecnopotify'
18-Oct-2017 19:33:54.650 INFORMACIÓN [http-nio-8080-exec-150] org.apache.catalina.core.ApplicationContext.log Manager: list: Listing contexts for virtual host 'localhost'
18-Oct-2017 19:33:54.672 INFORMACIÓN [http-nio-8080-exec-151] org.apache.catalina.core.ApplicationContext.log Manager: list: Listing contexts for virtual host 'localhost'
18-Oct-2017 19:33:54.698 INFORMACIÓN [http-nio-8080-exec-152] org.apache.catalina.core.ApplicationContext.log Manager: undeploy: Undeploying web application at '/Tecnopotify'
18-Oct-2017 19:33:55.333 INFORMACIÓN [http-nio-8080-exec-157] org.apache.catalina.core.ApplicationContext.log Manager: install: Installing context configuration at 'file:/tmp/context6229835067192560461.xml'
18-Oct-2017 19:33:58.771 INFORMACIÓN [http-nio-8080-exec-149] org.apache.catalina.core.ApplicationContext.log Manager: start: Starting web application '/Tecnopotify'
18-Oct-2017 19:37:50.220 INFORMACIÓN [http-nio-8080-exec-158] org.apache.catalina.core.ApplicationContext.log Manager: list: Listing contexts for virtual host 'localhost'
18-Oct-2017 19:37:50.230 INFORMACIÓN [http-nio-8080-exec-163] org.apache.catalina.core.ApplicationContext.log Manager: list: Listing contexts for virtual host 'localhost'
18-Oct-2017 19:37:50.273 INFORMACIÓN [http-nio-8080-exec-164] org.apache.catalina.core.ApplicationContext.log Manager: undeploy: Undeploying web application at '/Tecnopotify'
18-Oct-2017 19:37:50.839 INFORMACIÓN [http-nio-8080-exec-159] org.apache.catalina.core.ApplicationContext.log Manager: install: Installing context configuration at 'file:/tmp/context4568786018319111459.xml'
18-Oct-2017 19:37:53.705 INFORMACIÓN [http-nio-8080-exec-158] org.apache.catalina.core.ApplicationContext.log Manager: start: Starting web application '/Tecnopotify'
18-Oct-2017 19:38:54.066 INFORMACIÓN [http-nio-8080-exec-171] org.apache.catalina.core.ApplicationContext.log Manager: list: Listing contexts for virtual host 'localhost'
18-Oct-2017 19:38:54.099 INFORMACIÓN [http-nio-8080-exec-172] org.apache.catalina.core.ApplicationContext.log Manager: undeploy: Undeploying web application at '/Tecnopotify'
18-Oct-2017 19:39:06.828 INFORMACIÓN [http-nio-8080-exec-174] org.apache.catalina.core.ApplicationContext.log Manager: list: Listing contexts for virtual host 'localhost'
18-Oct-2017 19:39:06.845 INFORMACIÓN [http-nio-8080-exec-165] org.apache.catalina.core.ApplicationContext.log Manager: list: Listing contexts for virtual host 'localhost'
18-Oct-2017 19:39:06.910 INFORMACIÓN [http-nio-8080-exec-168] org.apache.catalina.core.ApplicationContext.log Manager: install: Installing context configuration at 'file:/tmp/context7354756000773840483.xml'
18-Oct-2017 19:39:10.592 INFORMACIÓN [http-nio-8080-exec-170] org.apache.catalina.core.ApplicationContext.log Manager: start: Starting web application '/Tecnopotify'
18-Oct-2017 19:47:22.915 INFORMACIÓN [http-nio-8080-exec-178] org.apache.catalina.core.ApplicationContext.log Manager: list: Listing contexts for virtual host 'localhost'
18-Oct-2017 19:47:22.922 INFORMACIÓN [http-nio-8080-exec-175] org.apache.catalina.core.ApplicationContext.log Manager: list: Listing contexts for virtual host 'localhost'
18-Oct-2017 19:47:22.959 INFORMACIÓN [http-nio-8080-exec-179] org.apache.catalina.core.ApplicationContext.log Manager: undeploy: Undeploying web application at '/Tecnopotify'
18-Oct-2017 19:47:23.516 INFORMACIÓN [http-nio-8080-exec-184] org.apache.catalina.core.ApplicationContext.log Manager: install: Installing context configuration at 'file:/tmp/context8551780009977557164.xml'
18-Oct-2017 19:47:27.417 INFORMACIÓN [http-nio-8080-exec-180] org.apache.catalina.core.ApplicationContext.log Manager: start: Starting web application '/Tecnopotify'
18-Oct-2017 19:49:37.648 INFORMACIÓN [http-nio-8080-exec-193] org.apache.catalina.core.ApplicationContext.log Manager: list: Listing contexts for virtual host 'localhost'
18-Oct-2017 19:49:37.656 INFORMACIÓN [http-nio-8080-exec-194] org.apache.catalina.core.ApplicationContext.log Manager: list: Listing contexts for virtual host 'localhost'
18-Oct-2017 19:54:29.250 INFORMACIÓN [http-nio-8080-exec-187] org.apache.catalina.core.ApplicationContext.log Manager: list: Listing contexts for virtual host 'localhost'
18-Oct-2017 19:54:29.269 INFORMACIÓN [http-nio-8080-exec-188] org.apache.catalina.core.ApplicationContext.log Manager: list: Listing contexts for virtual host 'localhost'
18-Oct-2017 19:54:29.296 INFORMACIÓN [http-nio-8080-exec-189] org.apache.catalina.core.ApplicationContext.log Manager: undeploy: Undeploying web application at '/Tecnopotify'
18-Oct-2017 19:54:29.870 INFORMACIÓN [http-nio-8080-exec-192] org.apache.catalina.core.ApplicationContext.log Manager: install: Installing context configuration at 'file:/tmp/context4043698443509030887.xml'
18-Oct-2017 19:54:32.853 INFORMACIÓN [http-nio-8080-exec-185] org.apache.catalina.core.ApplicationContext.log Manager: start: Starting web application '/Tecnopotify'
18-Oct-2017 19:55:52.487 INFORMACIÓN [http-nio-8080-exec-200] org.apache.catalina.core.ApplicationContext.log Manager: list: Listing contexts for virtual host 'localhost'
18-Oct-2017 19:55:52.523 INFORMACIÓN [http-nio-8080-exec-197] org.apache.catalina.core.ApplicationContext.log Manager: undeploy: Undeploying web application at '/Tecnopotify'
18-Oct-2017 19:56:20.594 INFORMACIÓN [http-nio-8080-exec-206] org.apache.catalina.core.ApplicationContext.log Manager: list: Listing contexts for virtual host 'localhost'
18-Oct-2017 19:56:20.620 INFORMACIÓN [http-nio-8080-exec-195] org.apache.catalina.core.ApplicationContext.log Manager: list: Listing contexts for virtual host 'localhost'
18-Oct-2017 19:56:20.657 INFORMACIÓN [http-nio-8080-exec-199] org.apache.catalina.core.ApplicationContext.log Manager: install: Installing context configuration at 'file:/tmp/context4687533172652585363.xml'
18-Oct-2017 19:56:23.850 INFORMACIÓN [http-nio-8080-exec-202] org.apache.catalina.core.ApplicationContext.log Manager: start: Starting web application '/Tecnopotify'
18-Oct-2017 19:58:11.725 INFORMACIÓN [http-nio-8080-exec-205] org.apache.catalina.core.ApplicationContext.log Manager: list: Listing contexts for virtual host 'localhost'
18-Oct-2017 19:58:11.732 INFORMACIÓN [http-nio-8080-exec-206] org.apache.catalina.core.ApplicationContext.log Manager: list: Listing contexts for virtual host 'localhost'
18-Oct-2017 19:58:11.755 INFORMACIÓN [http-nio-8080-exec-208] org.apache.catalina.core.ApplicationContext.log Manager: undeploy: Undeploying web application at '/Tecnopotify'
18-Oct-2017 19:58:12.317 INFORMACIÓN [http-nio-8080-exec-212] org.apache.catalina.core.ApplicationContext.log Manager: install: Installing context configuration at 'file:/tmp/context1627240401043480077.xml'
18-Oct-2017 19:58:15.353 INFORMACIÓN [http-nio-8080-exec-204] org.apache.catalina.core.ApplicationContext.log Manager: start: Starting web application '/Tecnopotify'
18-Oct-2017 20:04:12.513 INFORMACIÓN [http-nio-8080-exec-216] org.apache.catalina.core.ApplicationContext.log Manager: list: Listing contexts for virtual host 'localhost'
18-Oct-2017 20:04:12.558 INFORMACIÓN [http-nio-8080-exec-219] org.apache.catalina.core.ApplicationContext.log Manager: undeploy: Undeploying web application at '/Tecnopotify'
18-Oct-2017 20:04:32.260 INFORMACIÓN [http-nio-8080-exec-226] org.apache.catalina.core.ApplicationContext.log Manager: list: Listing contexts for virtual host 'localhost'
18-Oct-2017 20:04:32.269 INFORMACIÓN [http-nio-8080-exec-216] org.apache.catalina.core.ApplicationContext.log Manager: list: Listing contexts for virtual host 'localhost'
18-Oct-2017 20:04:32.290 INFORMACIÓN [http-nio-8080-exec-214] org.apache.catalina.core.ApplicationContext.log Manager: install: Installing context configuration at 'file:/tmp/context7212294761294058188.xml'
18-Oct-2017 20:04:35.724 INFORMACIÓN [http-nio-8080-exec-222] org.apache.catalina.core.ApplicationContext.log Manager: start: Starting web application '/Tecnopotify'
18-Oct-2017 20:28:01.926 INFORMACIÓN [http-nio-8080-exec-230] org.apache.catalina.core.ApplicationContext.log Manager: list: Listing contexts for virtual host 'localhost'
18-Oct-2017 20:28:02.006 INFORMACIÓN [http-nio-8080-exec-226] org.apache.catalina.core.ApplicationContext.log Manager: undeploy: Undeploying web application at '/Tecnopotify'
18-Oct-2017 20:28:09.471 INFORMACIÓN [http-nio-8080-exec-228] org.apache.catalina.core.ApplicationContext.log Manager: list: Listing contexts for virtual host 'localhost'
18-Oct-2017 20:28:27.270 INFORMACIÓN [http-nio-8080-exec-235] org.apache.catalina.core.ApplicationContext.log Manager: list: Listing contexts for virtual host 'localhost'
18-Oct-2017 20:28:27.287 INFORMACIÓN [http-nio-8080-exec-232] org.apache.catalina.core.ApplicationContext.log Manager: list: Listing contexts for virtual host 'localhost'
18-Oct-2017 20:28:27.331 INFORMACIÓN [http-nio-8080-exec-228] org.apache.catalina.core.ApplicationContext.log Manager: install: Installing context configuration at 'file:/tmp/context448831615399962876.xml'
18-Oct-2017 20:28:30.850 INFORMACIÓN [http-nio-8080-exec-238] org.apache.catalina.core.ApplicationContext.log Manager: start: Starting web application '/Tecnopotify'
18-Oct-2017 20:29:38.847 INFORMACIÓN [http-nio-8080-exec-237] org.apache.catalina.core.ApplicationContext.log Manager: list: Listing contexts for virtual host 'localhost'
18-Oct-2017 20:29:51.884 INFORMACIÓN [http-nio-8080-exec-237] org.apache.catalina.core.ApplicationContext.log Manager: list: Listing contexts for virtual host 'localhost'
18-Oct-2017 20:34:13.738 INFORMACIÓN [http-nio-8080-exec-237] org.apache.catalina.core.ApplicationContext.log Manager: list: Listing contexts for virtual host 'localhost'
18-Oct-2017 20:34:15.725 INFORMACIÓN [http-nio-8080-exec-236] org.apache.catalina.core.ApplicationContext.log Manager: list: Listing contexts for virtual host 'localhost'
18-Oct-2017 20:34:15.764 INFORMACIÓN [http-nio-8080-exec-240] org.apache.catalina.core.ApplicationContext.log Manager: restart: Reloading web application '/Tecnopotify'
18-Oct-2017 20:34:21.287 INFORMACIÓN [http-nio-8080-exec-243] org.apache.catalina.core.ApplicationContext.log Manager: list: Listing contexts for virtual host 'localhost'
18-Oct-2017 20:34:21.294 INFORMACIÓN [http-nio-8080-exec-235] org.apache.catalina.core.ApplicationContext.log Manager: list: Listing contexts for virtual host 'localhost'
18-Oct-2017 20:34:21.325 INFORMACIÓN [http-nio-8080-exec-245] org.apache.catalina.core.ApplicationContext.log Manager: restart: Reloading web application '/Tecnopotify'
18-Oct-2017 20:34:37.156 INFORMACIÓN [http-nio-8080-exec-239] org.apache.catalina.core.ApplicationContext.log Manager: list: Listing contexts for virtual host 'localhost'
18-Oct-2017 20:34:37.185 INFORMACIÓN [http-nio-8080-exec-246] org.apache.catalina.core.ApplicationContext.log Manager: undeploy: Undeploying web application at '/Tecnopotify'
18-Oct-2017 20:34:44.976 INFORMACIÓN [http-nio-8080-exec-246] org.apache.catalina.core.ApplicationContext.log Manager: list: Listing contexts for virtual host 'localhost'
18-Oct-2017 20:34:44.990 INFORMACIÓN [http-nio-8080-exec-247] org.apache.catalina.core.ApplicationContext.log Manager: list: Listing contexts for virtual host 'localhost'
18-Oct-2017 20:34:45.008 INFORMACIÓN [http-nio-8080-exec-251] org.apache.catalina.core.ApplicationContext.log Manager: install: Installing context configuration at 'file:/tmp/context8558428893057550966.xml'
18-Oct-2017 20:34:48.272 INFORMACIÓN [http-nio-8080-exec-249] org.apache.catalina.core.ApplicationContext.log Manager: start: Starting web application '/Tecnopotify'
18-Oct-2017 20:37:32.226 INFORMACIÓN [http-nio-8080-exec-257] org.apache.catalina.core.ApplicationContext.log Manager: list: Listing contexts for virtual host 'localhost'
18-Oct-2017 20:37:32.261 INFORMACIÓN [http-nio-8080-exec-258] org.apache.catalina.core.ApplicationContext.log Manager: restart: Reloading web application '/Tecnopotify'
18-Oct-2017 20:37:37.013 INFORMACIÓN [http-nio-8080-exec-257] org.apache.catalina.core.ApplicationContext.log Manager: list: Listing contexts for virtual host 'localhost'
18-Oct-2017 20:37:37.040 INFORMACIÓN [http-nio-8080-exec-253] org.apache.catalina.core.ApplicationContext.log Manager: restart: Reloading web application '/Tecnopotify'
18-Oct-2017 20:38:12.912 INFORMACIÓN [http-nio-8080-exec-254] org.apache.catalina.core.ApplicationContext.log Manager: list: Listing contexts for virtual host 'localhost'
18-Oct-2017 20:38:12.919 INFORMACIÓN [http-nio-8080-exec-263] org.apache.catalina.core.ApplicationContext.log Manager: list: Listing contexts for virtual host 'localhost'
18-Oct-2017 20:38:12.992 INFORMACIÓN [http-nio-8080-exec-264] org.apache.catalina.core.ApplicationContext.log Manager: restart: Reloading web application '/Tecnopotify'
18-Oct-2017 20:41:15.693 INFORMACIÓN [http-nio-8080-exec-265] org.apache.catalina.core.ApplicationContext.log Manager: list: Listing contexts for virtual host 'localhost'
18-Oct-2017 20:41:15.780 INFORMACIÓN [http-nio-8080-exec-266] org.apache.catalina.core.ApplicationContext.log Manager: undeploy: Undeploying web application at '/Tecnopotify'
18-Oct-2017 20:41:28.136 INFORMACIÓN [http-nio-8080-exec-275] org.apache.catalina.core.ApplicationContext.log Manager: list: Listing contexts for virtual host 'localhost'
18-Oct-2017 20:41:28.148 INFORMACIÓN [http-nio-8080-exec-276] org.apache.catalina.core.ApplicationContext.log Manager: list: Listing contexts for virtual host 'localhost'
18-Oct-2017 20:41:28.176 INFORMACIÓN [http-nio-8080-exec-270] org.apache.catalina.core.ApplicationContext.log Manager: install: Installing context configuration at 'file:/tmp/context5746354882588456212.xml'
18-Oct-2017 20:41:31.503 INFORMACIÓN [http-nio-8080-exec-274] org.apache.catalina.core.ApplicationContext.log Manager: start: Starting web application '/Tecnopotify'
18-Oct-2017 20:43:35.624 INFORMACIÓN [http-nio-8080-exec-278] org.apache.catalina.core.ApplicationContext.log Manager: list: Listing contexts for virtual host 'localhost'
18-Oct-2017 20:43:35.689 INFORMACIÓN [http-nio-8080-exec-282] org.apache.catalina.core.ApplicationContext.log Manager: undeploy: Undeploying web application at '/Tecnopotify'
18-Oct-2017 20:43:45.806 INFORMACIÓN [http-nio-8080-exec-285] org.apache.catalina.core.ApplicationContext.log Manager: list: Listing contexts for virtual host 'localhost'
18-Oct-2017 20:43:45.814 INFORMACIÓN [http-nio-8080-exec-286] org.apache.catalina.core.ApplicationContext.log Manager: list: Listing contexts for virtual host 'localhost'
18-Oct-2017 20:43:45.834 INFORMACIÓN [http-nio-8080-exec-276] org.apache.catalina.core.ApplicationContext.log Manager: install: Installing context configuration at 'file:/tmp/context4475906132762153166.xml'
18-Oct-2017 20:43:48.749 INFORMACIÓN [http-nio-8080-exec-275] org.apache.catalina.core.ApplicationContext.log Manager: start: Starting web application '/Tecnopotify'
18-Oct-2017 20:45:03.136 INFORMACIÓN [http-nio-8080-exec-288] org.apache.catalina.core.ApplicationContext.log Manager: list: Listing contexts for virtual host 'localhost'
18-Oct-2017 20:45:03.155 INFORMACIÓN [http-nio-8080-exec-289] org.apache.catalina.core.ApplicationContext.log Manager: undeploy: Undeploying web application at '/Tecnopotify'
18-Oct-2017 20:45:12.215 INFORMACIÓN [http-nio-8080-exec-295] org.apache.catalina.core.ApplicationContext.log Manager: list: Listing contexts for virtual host 'localhost'
18-Oct-2017 20:45:12.223 INFORMACIÓN [http-nio-8080-exec-288] org.apache.catalina.core.ApplicationContext.log Manager: list: Listing contexts for virtual host 'localhost'
18-Oct-2017 20:45:12.242 INFORMACIÓN [http-nio-8080-exec-296] org.apache.catalina.core.ApplicationContext.log Manager: install: Installing context configuration at 'file:/tmp/context8793039262523690631.xml'
18-Oct-2017 20:45:15.249 INFORMACIÓN [http-nio-8080-exec-291] org.apache.catalina.core.ApplicationContext.log Manager: start: Starting web application '/Tecnopotify'
18-Oct-2017 20:49:19.497 INFORMACIÓN [http-nio-8080-exec-300] org.apache.catalina.core.ApplicationContext.log Manager: list: Listing contexts for virtual host 'localhost'
18-Oct-2017 20:49:19.691 INFORMACIÓN [http-nio-8080-exec-302] org.apache.catalina.core.ApplicationContext.log Manager: list: Listing contexts for virtual host 'localhost'
18-Oct-2017 20:49:27.802 INFORMACIÓN [http-nio-8080-exec-302] org.apache.catalina.core.ApplicationContext.log Manager: list: Listing contexts for virtual host 'localhost'
18-Oct-2017 20:49:27.845 INFORMACIÓN [http-nio-8080-exec-296] org.apache.catalina.core.ApplicationContext.log Manager: restart: Reloading web application '/Tecnopotify'
18-Oct-2017 20:50:42.813 INFORMACIÓN [http-nio-8080-exec-300] org.apache.catalina.core.ApplicationContext.log Manager: list: Listing contexts for virtual host 'localhost'
18-Oct-2017 20:50:42.830 INFORMACIÓN [http-nio-8080-exec-308] org.apache.catalina.core.ApplicationContext.log Manager: list: Listing contexts for virtual host 'localhost'
18-Oct-2017 20:50:42.898 INFORMACIÓN [http-nio-8080-exec-305] org.apache.catalina.core.ApplicationContext.log Manager: restart: Reloading web application '/Tecnopotify'
18-Oct-2017 20:53:07.365 INFORMACIÓN [http-nio-8080-exec-298] org.apache.catalina.core.ApplicationContext.log Manager: list: Listing contexts for virtual host 'localhost'
18-Oct-2017 20:53:07.375 INFORMACIÓN [http-nio-8080-exec-306] org.apache.catalina.core.ApplicationContext.log Manager: list: Listing contexts for virtual host 'localhost'
18-Oct-2017 20:55:57.910 INFORMACIÓN [http-nio-8080-exec-9] org.apache.catalina.core.ApplicationContext.log Manager: init: Associated with Deployer 'Catalina:type=Deployer,host=localhost'
18-Oct-2017 20:55:57.910 INFORMACIÓN [http-nio-8080-exec-9] org.apache.catalina.core.ApplicationContext.log Manager: init: Global resources are available
18-Oct-2017 20:55:57.912 INFORMACIÓN [http-nio-8080-exec-9] org.apache.catalina.core.ApplicationContext.log Manager: list: Listing contexts for virtual host 'localhost'
18-Oct-2017 20:55:57.953 INFORMACIÓN [http-nio-8080-exec-10] org.apache.catalina.core.ApplicationContext.log Manager: list: Listing contexts for virtual host 'localhost'
18-Oct-2017 20:55:58.091 INFORMACIÓN [http-nio-8080-exec-6] org.apache.catalina.core.ApplicationContext.log Manager: restart: Reloading web application '/Tecnopotify'
18-Oct-2017 20:57:17.492 INFORMACIÓN [http-nio-8080-exec-9] org.apache.catalina.core.ApplicationContext.log Manager: list: Listing contexts for virtual host 'localhost'
18-Oct-2017 20:57:17.535 INFORMACIÓN [http-nio-8080-exec-3] org.apache.catalina.core.ApplicationContext.log Manager: undeploy: Undeploying web application at '/Tecnopotify'
18-Oct-2017 20:57:38.560 INFORMACIÓN [http-nio-8080-exec-3] org.apache.catalina.core.ApplicationContext.log Manager: list: Listing contexts for virtual host 'localhost'
18-Oct-2017 20:57:38.578 INFORMACIÓN [http-nio-8080-exec-17] org.apache.catalina.core.ApplicationContext.log Manager: list: Listing contexts for virtual host 'localhost'
18-Oct-2017 20:57:38.640 INFORMACIÓN [http-nio-8080-exec-18] org.apache.catalina.core.ApplicationContext.log Manager: install: Installing context configuration at 'file:/tmp/context692483602002342458.xml'
18-Oct-2017 20:57:44.093 INFORMACIÓN [http-nio-8080-exec-1] org.apache.catalina.core.ApplicationContext.log Manager: start: Starting web application '/Tecnopotify'
18-Oct-2017 21:03:08.209 INFORMACIÓN [http-nio-8080-exec-23] org.apache.catalina.core.ApplicationContext.log Manager: list: Listing contexts for virtual host 'localhost'
18-Oct-2017 21:03:08.283 INFORMACIÓN [http-nio-8080-exec-20] org.apache.catalina.core.ApplicationContext.log Manager: undeploy: Undeploying web application at '/Tecnopotify'
18-Oct-2017 21:03:26.590 INFORMACIÓN [http-nio-8080-exec-28] org.apache.catalina.core.ApplicationContext.log Manager: list: Listing contexts for virtual host 'localhost'
18-Oct-2017 21:03:26.610 INFORMACIÓN [http-nio-8080-exec-29] org.apache.catalina.core.ApplicationContext.log Manager: list: Listing contexts for virtual host 'localhost'
18-Oct-2017 21:03:26.637 INFORMACIÓN [http-nio-8080-exec-23] org.apache.catalina.core.ApplicationContext.log Manager: install: Installing context configuration at 'file:/tmp/context2721490058899047063.xml'
18-Oct-2017 21:03:31.566 INFORMACIÓN [http-nio-8080-exec-26] org.apache.catalina.core.ApplicationContext.log Manager: start: Starting web application '/Tecnopotify'
18-Oct-2017 21:04:33.620 INFORMACIÓN [http-nio-8080-exec-36] org.apache.catalina.core.ApplicationContext.log Manager: list: Listing contexts for virtual host 'localhost'
18-Oct-2017 21:04:33.727 INFORMACIÓN [http-nio-8080-exec-30] org.apache.catalina.core.ApplicationContext.log Manager: undeploy: Undeploying web application at '/Tecnopotify'
18-Oct-2017 21:04:57.721 INFORMACIÓN [http-nio-8080-exec-30] org.apache.catalina.core.ApplicationContext.log Manager: list: Listing contexts for virtual host 'localhost'
18-Oct-2017 21:04:57.736 INFORMACIÓN [http-nio-8080-exec-37] org.apache.catalina.core.ApplicationContext.log Manager: list: Listing contexts for virtual host 'localhost'
18-Oct-2017 21:04:57.773 INFORMACIÓN [http-nio-8080-exec-28] org.apache.catalina.core.ApplicationContext.log Manager: install: Installing context configuration at 'file:/tmp/context532191771424954708.xml'
18-Oct-2017 21:05:01.411 INFORMACIÓN [http-nio-8080-exec-38] org.apache.catalina.core.ApplicationContext.log Manager: start: Starting web application '/Tecnopotify'
18-Oct-2017 21:05:44.324 INFORMACIÓN [http-nio-8080-exec-37] org.apache.catalina.core.ApplicationContext.log Manager: list: Listing contexts for virtual host 'localhost'
18-Oct-2017 21:05:44.366 INFORMACIÓN [http-nio-8080-exec-38] org.apache.catalina.core.ApplicationContext.log Manager: undeploy: Undeploying web application at '/Tecnopotify'
18-Oct-2017 21:05:54.643 INFORMACIÓN [http-nio-8080-exec-38] org.apache.catalina.core.ApplicationContext.log Manager: list: Listing contexts for virtual host 'localhost'
18-Oct-2017 21:05:54.657 INFORMACIÓN [http-nio-8080-exec-47] org.apache.catalina.core.ApplicationContext.log Manager: list: Listing contexts for virtual host 'localhost'
18-Oct-2017 21:05:54.704 INFORMACIÓN [http-nio-8080-exec-40] org.apache.catalina.core.ApplicationContext.log Manager: install: Installing context configuration at 'file:/tmp/context936321108461737343.xml'
18-Oct-2017 21:05:58.351 INFORMACIÓN [http-nio-8080-exec-44] org.apache.catalina.core.ApplicationContext.log Manager: start: Starting web application '/Tecnopotify'
18-Oct-2017 21:07:17.833 INFORMACIÓN [http-nio-8080-exec-50] org.apache.catalina.core.ApplicationContext.log Manager: list: Listing contexts for virtual host 'localhost'
18-Oct-2017 21:07:17.882 INFORMACIÓN [http-nio-8080-exec-52] org.apache.catalina.core.ApplicationContext.log Manager: undeploy: Undeploying web application at '/Tecnopotify'
18-Oct-2017 21:07:44.736 INFORMACIÓN [http-nio-8080-exec-6] org.apache.catalina.core.ApplicationContext.log Manager: init: Associated with Deployer 'Catalina:type=Deployer,host=localhost'
18-Oct-2017 21:07:44.741 INFORMACIÓN [http-nio-8080-exec-6] org.apache.catalina.core.ApplicationContext.log Manager: init: Global resources are available
18-Oct-2017 21:07:44.760 INFORMACIÓN [http-nio-8080-exec-6] org.apache.catalina.core.ApplicationContext.log Manager: list: Listing contexts for virtual host 'localhost'
18-Oct-2017 21:07:44.784 INFORMACIÓN [http-nio-8080-exec-8] org.apache.catalina.core.ApplicationContext.log Manager: list: Listing contexts for virtual host 'localhost'
18-Oct-2017 21:07:44.829 INFORMACIÓN [http-nio-8080-exec-7] org.apache.catalina.core.ApplicationContext.log Manager: install: Installing context configuration at 'file:/tmp/context2329009966070192819.xml'
18-Oct-2017 21:07:51.606 INFORMACIÓN [http-nio-8080-exec-1] org.apache.catalina.core.ApplicationContext.log Manager: start: Starting web application '/Tecnopotify'
18-Oct-2017 21:36:06.988 INFORMACIÓN [http-nio-8080-exec-3] org.apache.catalina.core.ApplicationContext.log Manager: list: Listing contexts for virtual host 'localhost'
