18-Oct-2017 00:08:03.167 INFORMACIÓN [http-nio-8080-exec-318] org.apache.catalina.core.ApplicationContext.log Manager: list: Listing contexts for virtual host 'localhost'
18-Oct-2017 00:08:03.175 INFORMACIÓN [http-nio-8080-exec-324] org.apache.catalina.core.ApplicationContext.log Manager: list: Listing contexts for virtual host 'localhost'
18-Oct-2017 00:08:03.269 INFORMACIÓN [http-nio-8080-exec-320] org.apache.catalina.core.ApplicationContext.log Manager: undeploy: Undeploying web application at '/Tecnopotify'
18-Oct-2017 00:08:04.080 INFORMACIÓN [http-nio-8080-exec-318] org.apache.catalina.core.ApplicationContext.log Manager: install: Installing context configuration at 'file:/tmp/context8651471519191505856.xml'
18-Oct-2017 00:08:10.137 INFORMACIÓN [http-nio-8080-exec-319] org.apache.catalina.core.ApplicationContext.log Manager: start: Starting web application '/Tecnopotify'
18-Oct-2017 00:13:55.000 INFORMACIÓN [http-nio-8080-exec-328] org.apache.catalina.core.ApplicationContext.log Manager: list: Listing contexts for virtual host 'localhost'
18-Oct-2017 00:13:55.007 INFORMACIÓN [http-nio-8080-exec-336] org.apache.catalina.core.ApplicationContext.log Manager: list: Listing contexts for virtual host 'localhost'
18-Oct-2017 00:13:55.071 INFORMACIÓN [http-nio-8080-exec-332] org.apache.catalina.core.ApplicationContext.log Manager: restart: Reloading web application '/Tecnopotify'
18-Oct-2017 00:14:40.157 INFORMACIÓN [http-nio-8080-exec-334] org.apache.catalina.core.ApplicationContext.log Manager: list: Listing contexts for virtual host 'localhost'
18-Oct-2017 00:14:40.170 INFORMACIÓN [http-nio-8080-exec-340] org.apache.catalina.core.ApplicationContext.log Manager: list: Listing contexts for virtual host 'localhost'
18-Oct-2017 00:14:40.219 INFORMACIÓN [http-nio-8080-exec-341] org.apache.catalina.core.ApplicationContext.log Manager: restart: Reloading web application '/Tecnopotify'
18-Oct-2017 00:16:22.109 INFORMACIÓN [http-nio-8080-exec-344] org.apache.catalina.core.ApplicationContext.log Manager: list: Listing contexts for virtual host 'localhost'
18-Oct-2017 00:16:22.120 INFORMACIÓN [http-nio-8080-exec-345] org.apache.catalina.core.ApplicationContext.log Manager: list: Listing contexts for virtual host 'localhost'
18-Oct-2017 00:16:22.201 INFORMACIÓN [http-nio-8080-exec-337] org.apache.catalina.core.ApplicationContext.log Manager: undeploy: Undeploying web application at '/Tecnopotify'
18-Oct-2017 00:16:22.954 INFORMACIÓN [http-nio-8080-exec-349] org.apache.catalina.core.ApplicationContext.log Manager: install: Installing context configuration at 'file:/tmp/context3544402550122854362.xml'
18-Oct-2017 00:16:28.341 INFORMACIÓN [http-nio-8080-exec-345] org.apache.catalina.core.ApplicationContext.log Manager: start: Starting web application '/Tecnopotify'
18-Oct-2017 00:19:12.603 INFORMACIÓN [http-nio-8080-exec-348] org.apache.catalina.core.ApplicationContext.log Manager: list: Listing contexts for virtual host 'localhost'
18-Oct-2017 00:19:12.620 INFORMACIÓN [http-nio-8080-exec-353] org.apache.catalina.core.ApplicationContext.log Manager: list: Listing contexts for virtual host 'localhost'
18-Oct-2017 00:19:12.681 INFORMACIÓN [http-nio-8080-exec-354] org.apache.catalina.core.ApplicationContext.log Manager: restart: Reloading web application '/Tecnopotify'
18-Oct-2017 00:19:42.692 INFORMACIÓN [http-nio-8080-exec-360] org.apache.catalina.core.ApplicationContext.log Manager: list: Listing contexts for virtual host 'localhost'
18-Oct-2017 00:19:42.705 INFORMACIÓN [http-nio-8080-exec-362] org.apache.catalina.core.ApplicationContext.log Manager: list: Listing contexts for virtual host 'localhost'
18-Oct-2017 00:19:42.804 INFORMACIÓN [http-nio-8080-exec-359] org.apache.catalina.core.ApplicationContext.log Manager: undeploy: Undeploying web application at '/Tecnopotify'
18-Oct-2017 00:19:43.522 INFORMACIÓN [http-nio-8080-exec-361] org.apache.catalina.core.ApplicationContext.log Manager: install: Installing context configuration at 'file:/tmp/context7187698986988619735.xml'
18-Oct-2017 00:19:47.758 INFORMACIÓN [http-nio-8080-exec-366] org.apache.catalina.core.ApplicationContext.log Manager: start: Starting web application '/Tecnopotify'
18-Oct-2017 00:24:50.011 INFORMACIÓN [http-nio-8080-exec-376] org.apache.catalina.core.ApplicationContext.log Manager: list: Listing contexts for virtual host 'localhost'
18-Oct-2017 00:24:50.026 INFORMACIÓN [http-nio-8080-exec-367] org.apache.catalina.core.ApplicationContext.log Manager: list: Listing contexts for virtual host 'localhost'
18-Oct-2017 00:24:50.098 INFORMACIÓN [http-nio-8080-exec-368] org.apache.catalina.core.ApplicationContext.log Manager: restart: Reloading web application '/Tecnopotify'
18-Oct-2017 00:27:05.120 INFORMACIÓN [http-nio-8080-exec-369] org.apache.catalina.core.ApplicationContext.log Manager: list: Listing contexts for virtual host 'localhost'
18-Oct-2017 00:27:05.127 INFORMACIÓN [http-nio-8080-exec-384] org.apache.catalina.core.ApplicationContext.log Manager: list: Listing contexts for virtual host 'localhost'
18-Oct-2017 00:35:17.265 INFORMACIÓN [http-nio-8080-exec-380] org.apache.catalina.core.ApplicationContext.log Manager: list: Listing contexts for virtual host 'localhost'
18-Oct-2017 00:35:17.276 INFORMACIÓN [http-nio-8080-exec-386] org.apache.catalina.core.ApplicationContext.log Manager: list: Listing contexts for virtual host 'localhost'
18-Oct-2017 00:39:55.910 INFORMACIÓN [http-nio-8080-exec-384] org.apache.catalina.core.ApplicationContext.log Manager: list: Listing contexts for virtual host 'localhost'
18-Oct-2017 00:39:55.920 INFORMACIÓN [http-nio-8080-exec-377] org.apache.catalina.core.ApplicationContext.log Manager: list: Listing contexts for virtual host 'localhost'
18-Oct-2017 00:40:19.281 INFORMACIÓN [http-nio-8080-exec-381] org.apache.catalina.core.ApplicationContext.log Manager: list: Listing contexts for virtual host 'localhost'
18-Oct-2017 00:40:19.299 INFORMACIÓN [http-nio-8080-exec-383] org.apache.catalina.core.ApplicationContext.log Manager: list: Listing contexts for virtual host 'localhost'
18-Oct-2017 00:40:19.408 INFORMACIÓN [http-nio-8080-exec-382] org.apache.catalina.core.ApplicationContext.log Manager: undeploy: Undeploying web application at '/Tecnopotify'
18-Oct-2017 00:40:20.427 INFORMACIÓN [http-nio-8080-exec-381] org.apache.catalina.core.ApplicationContext.log Manager: install: Installing context configuration at 'file:/tmp/context4817288673520445091.xml'
18-Oct-2017 00:40:32.337 INFORMACIÓN [http-nio-8080-exec-383] org.apache.catalina.core.ApplicationContext.log Manager: start: Starting web application '/Tecnopotify'
18-Oct-2017 00:41:52.234 INFORMACIÓN [http-nio-8080-exec-392] org.apache.catalina.core.ApplicationContext.log Manager: list: Listing contexts for virtual host 'localhost'
18-Oct-2017 00:41:52.284 INFORMACIÓN [http-nio-8080-exec-395] org.apache.catalina.core.ApplicationContext.log Manager: list: Listing contexts for virtual host 'localhost'
18-Oct-2017 00:41:52.419 INFORMACIÓN [http-nio-8080-exec-379] org.apache.catalina.core.ApplicationContext.log Manager: undeploy: Undeploying web application at '/Tecnopotify'
18-Oct-2017 00:41:53.023 INFORMACIÓN [http-nio-8080-exec-391] org.apache.catalina.core.ApplicationContext.log Manager: install: Installing context configuration at 'file:/tmp/context5551750023317280708.xml'
18-Oct-2017 00:41:59.041 INFORMACIÓN [http-nio-8080-exec-390] org.apache.catalina.core.ApplicationContext.log Manager: start: Starting web application '/Tecnopotify'
18-Oct-2017 00:51:50.037 INFORMACIÓN [http-nio-8080-exec-8] org.apache.catalina.core.ApplicationContext.log Manager: init: Associated with Deployer 'Catalina:type=Deployer,host=localhost'
18-Oct-2017 00:51:50.037 INFORMACIÓN [http-nio-8080-exec-8] org.apache.catalina.core.ApplicationContext.log Manager: init: Global resources are available
18-Oct-2017 00:51:50.057 INFORMACIÓN [http-nio-8080-exec-8] org.apache.catalina.core.ApplicationContext.log Manager: list: Listing contexts for virtual host 'localhost'
18-Oct-2017 00:51:50.099 INFORMACIÓN [http-nio-8080-exec-9] org.apache.catalina.core.ApplicationContext.log Manager: list: Listing contexts for virtual host 'localhost'
18-Oct-2017 00:51:50.290 INFORMACIÓN [http-nio-8080-exec-1] org.apache.catalina.core.ApplicationContext.log Manager: restart: Reloading web application '/Tecnopotify'
18-Oct-2017 00:52:13.321 INFORMACIÓN [http-nio-8080-exec-11] org.apache.catalina.core.ApplicationContext.log Manager: list: Listing contexts for virtual host 'localhost'
18-Oct-2017 00:52:13.370 INFORMACIÓN [http-nio-8080-exec-12] org.apache.catalina.core.ApplicationContext.log Manager: stop: Stopping web application '/Tecnopotify'
18-Oct-2017 00:52:15.576 INFORMACIÓN [http-nio-8080-exec-8] org.apache.catalina.core.ApplicationContext.log Manager: start: Starting web application '/Tecnopotify'
18-Oct-2017 00:52:36.597 INFORMACIÓN [http-nio-8080-exec-9] org.apache.catalina.core.ApplicationContext.log Manager: list: Listing contexts for virtual host 'localhost'
18-Oct-2017 00:52:36.678 INFORMACIÓN [http-nio-8080-exec-13] org.apache.catalina.core.ApplicationContext.log Manager: restart: Reloading web application '/Tecnopotify'
18-Oct-2017 00:52:54.234 INFORMACIÓN [http-nio-8080-exec-21] org.apache.catalina.core.ApplicationContext.log Manager: list: Listing contexts for virtual host 'localhost'
18-Oct-2017 00:52:54.302 INFORMACIÓN [http-nio-8080-exec-19] org.apache.catalina.core.ApplicationContext.log Manager: restart: Reloading web application '/Tecnopotify'
18-Oct-2017 00:55:18.298 INFORMACIÓN [http-nio-8080-exec-23] org.apache.catalina.core.ApplicationContext.log Manager: list: Listing contexts for virtual host 'localhost'
18-Oct-2017 00:55:18.358 INFORMACIÓN [http-nio-8080-exec-4] org.apache.catalina.core.ApplicationContext.log Manager: restart: Reloading web application '/Tecnopotify'
18-Oct-2017 00:56:12.181 INFORMACIÓN [http-nio-8080-exec-25] org.apache.catalina.core.ApplicationContext.log Manager: list: Listing contexts for virtual host 'localhost'
18-Oct-2017 00:56:12.245 INFORMACIÓN [http-nio-8080-exec-26] org.apache.catalina.core.ApplicationContext.log Manager: restart: Reloading web application '/Tecnopotify'
18-Oct-2017 00:56:51.572 INFORMACIÓN [http-nio-8080-exec-23] org.apache.catalina.core.ApplicationContext.log Manager: list: Listing contexts for virtual host 'localhost'
18-Oct-2017 00:56:51.583 INFORMACIÓN [http-nio-8080-exec-34] org.apache.catalina.core.ApplicationContext.log Manager: list: Listing contexts for virtual host 'localhost'
18-Oct-2017 00:56:51.635 INFORMACIÓN [http-nio-8080-exec-35] org.apache.catalina.core.ApplicationContext.log Manager: stop: Stopping web application '/Tecnopotify'
18-Oct-2017 00:56:51.711 INFORMACIÓN [http-nio-8080-exec-33] org.apache.catalina.core.ApplicationContext.log Manager: start: Starting web application '/Tecnopotify'
18-Oct-2017 00:57:50.749 INFORMACIÓN [http-nio-8080-exec-34] org.apache.catalina.core.ApplicationContext.log Manager: list: Listing contexts for virtual host 'localhost'
18-Oct-2017 00:57:50.762 INFORMACIÓN [http-nio-8080-exec-39] org.apache.catalina.core.ApplicationContext.log Manager: list: Listing contexts for virtual host 'localhost'
18-Oct-2017 01:00:23.275 INFORMACIÓN [http-nio-8080-exec-38] org.apache.catalina.core.ApplicationContext.log Manager: list: Listing contexts for virtual host 'localhost'
