22-Oct-2017 15:38:47.388 INFORMACIÓN [http-nio-8080-exec-214] org.apache.catalina.core.ApplicationContext.log Manager: init: Associated with Deployer 'Catalina:type=Deployer,host=localhost'
22-Oct-2017 15:38:47.408 INFORMACIÓN [http-nio-8080-exec-214] org.apache.catalina.core.ApplicationContext.log Manager: init: Global resources are available
22-Oct-2017 15:38:47.461 INFORMACIÓN [http-nio-8080-exec-214] org.apache.catalina.core.ApplicationContext.log Manager: list: Listing contexts for virtual host 'localhost'
22-Oct-2017 15:38:47.518 INFORMACIÓN [http-nio-8080-exec-215] org.apache.catalina.core.ApplicationContext.log Manager: list: Listing contexts for virtual host 'localhost'
22-Oct-2017 15:38:48.155 INFORMACIÓN [http-nio-8080-exec-212] org.apache.catalina.core.ApplicationContext.log Manager: undeploy: Undeploying web application at '/Tecnopotify'
22-Oct-2017 15:38:56.075 INFORMACIÓN [http-nio-8080-exec-215] org.apache.catalina.core.ApplicationContext.log Manager: install: Installing context configuration at 'file:/tmp/context8676318118967915884.xml'
22-Oct-2017 15:42:00.519 INFORMACIÓN [http-nio-8080-exec-8] org.apache.catalina.core.ApplicationContext.log Manager: init: Associated with Deployer 'Catalina:type=Deployer,host=localhost'
22-Oct-2017 15:42:00.520 INFORMACIÓN [http-nio-8080-exec-8] org.apache.catalina.core.ApplicationContext.log Manager: init: Global resources are available
22-Oct-2017 15:42:00.523 INFORMACIÓN [http-nio-8080-exec-8] org.apache.catalina.core.ApplicationContext.log Manager: list: Listing contexts for virtual host 'localhost'
22-Oct-2017 15:42:00.561 INFORMACIÓN [http-nio-8080-exec-4] org.apache.catalina.core.ApplicationContext.log Manager: list: Listing contexts for virtual host 'localhost'
22-Oct-2017 15:42:00.603 INFORMACIÓN [http-nio-8080-exec-7] org.apache.catalina.core.ApplicationContext.log Manager: undeploy: Undeploying web application at '/Tecnopotify'
22-Oct-2017 15:42:01.290 INFORMACIÓN [http-nio-8080-exec-10] org.apache.catalina.core.ApplicationContext.log Manager: install: Installing context configuration at 'file:/tmp/context8030528896864899238.xml'
22-Oct-2017 15:42:06.117 INFORMACIÓN [http-nio-8080-exec-3] org.apache.catalina.core.ApplicationContext.log Manager: start: Starting web application '/Tecnopotify'
22-Oct-2017 15:43:25.855 INFORMACIÓN [http-nio-8080-exec-12] org.apache.catalina.core.ApplicationContext.log Manager: list: Listing contexts for virtual host 'localhost'
22-Oct-2017 15:43:25.870 INFORMACIÓN [http-nio-8080-exec-13] org.apache.catalina.core.ApplicationContext.log Manager: list: Listing contexts for virtual host 'localhost'
22-Oct-2017 15:43:25.899 INFORMACIÓN [http-nio-8080-exec-18] org.apache.catalina.core.ApplicationContext.log Manager: undeploy: Undeploying web application at '/Tecnopotify'
22-Oct-2017 15:43:26.540 INFORMACIÓN [http-nio-8080-exec-19] org.apache.catalina.core.ApplicationContext.log Manager: install: Installing context configuration at 'file:/tmp/context7062170697220586360.xml'
22-Oct-2017 15:43:30.757 INFORMACIÓN [http-nio-8080-exec-11] org.apache.catalina.core.ApplicationContext.log Manager: start: Starting web application '/Tecnopotify'
22-Oct-2017 15:53:58.710 INFORMACIÓN [http-nio-8080-exec-25] org.apache.catalina.core.ApplicationContext.log Manager: list: Listing contexts for virtual host 'localhost'
22-Oct-2017 15:53:58.745 INFORMACIÓN [http-nio-8080-exec-28] org.apache.catalina.core.ApplicationContext.log Manager: list: Listing contexts for virtual host 'localhost'
22-Oct-2017 15:53:58.779 INFORMACIÓN [http-nio-8080-exec-26] org.apache.catalina.core.ApplicationContext.log Manager: undeploy: Undeploying web application at '/Tecnopotify'
22-Oct-2017 15:53:59.412 INFORMACIÓN [http-nio-8080-exec-30] org.apache.catalina.core.ApplicationContext.log Manager: install: Installing context configuration at 'file:/tmp/context152539408873263629.xml'
22-Oct-2017 15:54:03.850 INFORMACIÓN [http-nio-8080-exec-25] org.apache.catalina.core.ApplicationContext.log Manager: start: Starting web application '/Tecnopotify'
22-Oct-2017 15:59:00.819 INFORMACIÓN [http-nio-8080-exec-39] org.apache.catalina.core.ApplicationContext.log Manager: list: Listing contexts for virtual host 'localhost'
22-Oct-2017 15:59:00.877 INFORMACIÓN [http-nio-8080-exec-40] org.apache.catalina.core.ApplicationContext.log Manager: restart: Reloading web application '/Tecnopotify'
22-Oct-2017 16:05:07.487 INFORMACIÓN [http-nio-8080-exec-44] org.apache.catalina.core.ApplicationContext.log Manager: list: Listing contexts for virtual host 'localhost'
22-Oct-2017 16:05:07.515 INFORMACIÓN [http-nio-8080-exec-46] org.apache.catalina.core.ApplicationContext.log Manager: list: Listing contexts for virtual host 'localhost'
22-Oct-2017 16:05:07.616 INFORMACIÓN [http-nio-8080-exec-45] org.apache.catalina.core.ApplicationContext.log Manager: undeploy: Undeploying web application at '/Tecnopotify'
22-Oct-2017 16:05:08.257 INFORMACIÓN [http-nio-8080-exec-43] org.apache.catalina.core.ApplicationContext.log Manager: install: Installing context configuration at 'file:/tmp/context128346776115478232.xml'
22-Oct-2017 16:05:11.951 INFORMACIÓN [http-nio-8080-exec-49] org.apache.catalina.core.ApplicationContext.log Manager: start: Starting web application '/Tecnopotify'
22-Oct-2017 16:05:22.408 INFORMACIÓN [http-nio-8080-exec-56] org.apache.catalina.core.ApplicationContext.log Manager: list: Listing contexts for virtual host 'localhost'
22-Oct-2017 16:05:22.421 INFORMACIÓN [http-nio-8080-exec-44] org.apache.catalina.core.ApplicationContext.log Manager: list: Listing contexts for virtual host 'localhost'
22-Oct-2017 16:05:22.469 INFORMACIÓN [http-nio-8080-exec-47] org.apache.catalina.core.ApplicationContext.log Manager: undeploy: Undeploying web application at '/Tecnopotify'
22-Oct-2017 16:05:23.045 INFORMACIÓN [http-nio-8080-exec-51] org.apache.catalina.core.ApplicationContext.log Manager: install: Installing context configuration at 'file:/tmp/context7467132190904872209.xml'
22-Oct-2017 16:05:26.415 INFORMACIÓN [http-nio-8080-exec-53] org.apache.catalina.core.ApplicationContext.log Manager: start: Starting web application '/Tecnopotify'
22-Oct-2017 16:12:15.051 INFORMACIÓN [http-nio-8080-exec-70] org.apache.catalina.core.ApplicationContext.log Manager: list: Listing contexts for virtual host 'localhost'
22-Oct-2017 16:12:15.073 INFORMACIÓN [http-nio-8080-exec-58] org.apache.catalina.core.ApplicationContext.log Manager: list: Listing contexts for virtual host 'localhost'
22-Oct-2017 16:12:15.159 INFORMACIÓN [http-nio-8080-exec-63] org.apache.catalina.core.ApplicationContext.log Manager: undeploy: Undeploying web application at '/Tecnopotify'
22-Oct-2017 16:12:18.004 INFORMACIÓN [http-nio-8080-exec-70] org.apache.catalina.core.ApplicationContext.log Manager: install: Installing context configuration at 'file:/tmp/context5039843978277215680.xml'
22-Oct-2017 16:12:21.519 INFORMACIÓN [http-nio-8080-exec-65] org.apache.catalina.core.ApplicationContext.log Manager: start: Starting web application '/Tecnopotify'
22-Oct-2017 16:15:59.053 INFORMACIÓN [http-nio-8080-exec-74] org.apache.catalina.core.ApplicationContext.log Manager: list: Listing contexts for virtual host 'localhost'
22-Oct-2017 16:15:59.063 INFORMACIÓN [http-nio-8080-exec-75] org.apache.catalina.core.ApplicationContext.log Manager: list: Listing contexts for virtual host 'localhost'
22-Oct-2017 16:15:59.164 INFORMACIÓN [http-nio-8080-exec-76] org.apache.catalina.core.ApplicationContext.log Manager: undeploy: Undeploying web application at '/Tecnopotify'
22-Oct-2017 16:15:59.734 INFORMACIÓN [http-nio-8080-exec-77] org.apache.catalina.core.ApplicationContext.log Manager: install: Installing context configuration at 'file:/tmp/context1821685554079141018.xml'
22-Oct-2017 16:16:03.461 INFORMACIÓN [http-nio-8080-exec-79] org.apache.catalina.core.ApplicationContext.log Manager: start: Starting web application '/Tecnopotify'
22-Oct-2017 16:20:03.159 INFORMACIÓN [http-nio-8080-exec-89] org.apache.catalina.core.ApplicationContext.log Manager: list: Listing contexts for virtual host 'localhost'
22-Oct-2017 16:20:03.171 INFORMACIÓN [http-nio-8080-exec-90] org.apache.catalina.core.ApplicationContext.log Manager: list: Listing contexts for virtual host 'localhost'
22-Oct-2017 16:20:03.236 INFORMACIÓN [http-nio-8080-exec-91] org.apache.catalina.core.ApplicationContext.log Manager: undeploy: Undeploying web application at '/Tecnopotify'
22-Oct-2017 16:20:03.870 INFORMACIÓN [http-nio-8080-exec-90] org.apache.catalina.core.ApplicationContext.log Manager: install: Installing context configuration at 'file:/tmp/context5812020700806350019.xml'
22-Oct-2017 16:20:08.189 INFORMACIÓN [http-nio-8080-exec-87] org.apache.catalina.core.ApplicationContext.log Manager: start: Starting web application '/Tecnopotify'
22-Oct-2017 16:25:32.308 INFORMACIÓN [http-nio-8080-exec-93] org.apache.catalina.core.ApplicationContext.log Manager: list: Listing contexts for virtual host 'localhost'
22-Oct-2017 16:25:32.317 INFORMACIÓN [http-nio-8080-exec-94] org.apache.catalina.core.ApplicationContext.log Manager: list: Listing contexts for virtual host 'localhost'
22-Oct-2017 16:25:32.361 INFORMACIÓN [http-nio-8080-exec-95] org.apache.catalina.core.ApplicationContext.log Manager: restart: Reloading web application '/Tecnopotify'
22-Oct-2017 16:25:45.329 INFORMACIÓN [http-nio-8080-exec-104] org.apache.catalina.core.ApplicationContext.log Manager: list: Listing contexts for virtual host 'localhost'
22-Oct-2017 16:25:45.343 INFORMACIÓN [http-nio-8080-exec-105] org.apache.catalina.core.ApplicationContext.log Manager: list: Listing contexts for virtual host 'localhost'
22-Oct-2017 16:25:45.377 INFORMACIÓN [http-nio-8080-exec-94] org.apache.catalina.core.ApplicationContext.log Manager: undeploy: Undeploying web application at '/Tecnopotify'
22-Oct-2017 16:25:45.941 INFORMACIÓN [http-nio-8080-exec-102] org.apache.catalina.core.ApplicationContext.log Manager: install: Installing context configuration at 'file:/tmp/context1923478139898255281.xml'
22-Oct-2017 16:25:48.764 INFORMACIÓN [http-nio-8080-exec-103] org.apache.catalina.core.ApplicationContext.log Manager: start: Starting web application '/Tecnopotify'
22-Oct-2017 16:30:39.645 INFORMACIÓN [http-nio-8080-exec-107] org.apache.catalina.core.ApplicationContext.log Manager: list: Listing contexts for virtual host 'localhost'
22-Oct-2017 16:30:39.666 INFORMACIÓN [http-nio-8080-exec-112] org.apache.catalina.core.ApplicationContext.log Manager: list: Listing contexts for virtual host 'localhost'
22-Oct-2017 16:30:39.692 INFORMACIÓN [http-nio-8080-exec-108] org.apache.catalina.core.ApplicationContext.log Manager: undeploy: Undeploying web application at '/Tecnopotify'
22-Oct-2017 16:30:40.246 INFORMACIÓN [http-nio-8080-exec-106] org.apache.catalina.core.ApplicationContext.log Manager: install: Installing context configuration at 'file:/tmp/context5754558338830338125.xml'
22-Oct-2017 16:30:43.649 INFORMACIÓN [http-nio-8080-exec-113] org.apache.catalina.core.ApplicationContext.log Manager: start: Starting web application '/Tecnopotify'
22-Oct-2017 16:39:23.932 INFORMACIÓN [http-nio-8080-exec-123] org.apache.catalina.core.ApplicationContext.log Manager: list: Listing contexts for virtual host 'localhost'
22-Oct-2017 16:39:23.944 INFORMACIÓN [http-nio-8080-exec-120] org.apache.catalina.core.ApplicationContext.log Manager: list: Listing contexts for virtual host 'localhost'
22-Oct-2017 16:39:24.299 INFORMACIÓN [http-nio-8080-exec-124] org.apache.catalina.core.ApplicationContext.log Manager: undeploy: Undeploying web application at '/Tecnopotify'
22-Oct-2017 16:39:30.162 INFORMACIÓN [http-nio-8080-exec-120] org.apache.catalina.core.ApplicationContext.log Manager: install: Installing context configuration at 'file:/tmp/context1269502611321702799.xml'
22-Oct-2017 16:40:06.118 INFORMACIÓN [http-nio-8080-exec-118] org.apache.catalina.core.ApplicationContext.log Manager: start: Starting web application '/Tecnopotify'
22-Oct-2017 16:53:05.784 INFORMACIÓN [http-nio-8080-exec-135] org.apache.catalina.core.ApplicationContext.log Manager: list: Listing contexts for virtual host 'localhost'
22-Oct-2017 16:53:05.794 INFORMACIÓN [http-nio-8080-exec-128] org.apache.catalina.core.ApplicationContext.log Manager: list: Listing contexts for virtual host 'localhost'
22-Oct-2017 16:53:05.854 INFORMACIÓN [http-nio-8080-exec-126] org.apache.catalina.core.ApplicationContext.log Manager: undeploy: Undeploying web application at '/Tecnopotify'
22-Oct-2017 16:53:06.625 INFORMACIÓN [http-nio-8080-exec-131] org.apache.catalina.core.ApplicationContext.log Manager: install: Installing context configuration at 'file:/tmp/context2062924093148170503.xml'
22-Oct-2017 16:53:14.158 INFORMACIÓN [http-nio-8080-exec-133] org.apache.catalina.core.ApplicationContext.log Manager: start: Starting web application '/Tecnopotify'
22-Oct-2017 16:54:42.196 INFORMACIÓN [http-nio-8080-exec-138] org.apache.catalina.core.ApplicationContext.log Manager: list: Listing contexts for virtual host 'localhost'
22-Oct-2017 16:54:42.212 INFORMACIÓN [http-nio-8080-exec-140] org.apache.catalina.core.ApplicationContext.log Manager: list: Listing contexts for virtual host 'localhost'
22-Oct-2017 16:54:42.235 INFORMACIÓN [http-nio-8080-exec-129] org.apache.catalina.core.ApplicationContext.log Manager: undeploy: Undeploying web application at '/Tecnopotify'
22-Oct-2017 16:54:42.844 INFORMACIÓN [http-nio-8080-exec-136] org.apache.catalina.core.ApplicationContext.log Manager: install: Installing context configuration at 'file:/tmp/context1133732601901067032.xml'
22-Oct-2017 16:54:49.122 INFORMACIÓN [http-nio-8080-exec-142] org.apache.catalina.core.ApplicationContext.log Manager: start: Starting web application '/Tecnopotify'
22-Oct-2017 16:56:29.341 INFORMACIÓN [http-nio-8080-exec-149] org.apache.catalina.core.ApplicationContext.log Manager: list: Listing contexts for virtual host 'localhost'
22-Oct-2017 16:56:29.356 INFORMACIÓN [http-nio-8080-exec-144] org.apache.catalina.core.ApplicationContext.log Manager: list: Listing contexts for virtual host 'localhost'
22-Oct-2017 16:56:29.384 INFORMACIÓN [http-nio-8080-exec-145] org.apache.catalina.core.ApplicationContext.log Manager: undeploy: Undeploying web application at '/Tecnopotify'
22-Oct-2017 16:56:29.958 INFORMACIÓN [http-nio-8080-exec-150] org.apache.catalina.core.ApplicationContext.log Manager: install: Installing context configuration at 'file:/tmp/context3381500313194262887.xml'
22-Oct-2017 16:56:34.044 INFORMACIÓN [http-nio-8080-exec-148] org.apache.catalina.core.ApplicationContext.log Manager: start: Starting web application '/Tecnopotify'
22-Oct-2017 17:03:47.750 INFORMACIÓN [http-nio-8080-exec-158] org.apache.catalina.core.ApplicationContext.log Manager: list: Listing contexts for virtual host 'localhost'
22-Oct-2017 17:03:47.762 INFORMACIÓN [http-nio-8080-exec-154] org.apache.catalina.core.ApplicationContext.log Manager: list: Listing contexts for virtual host 'localhost'
22-Oct-2017 17:03:47.848 INFORMACIÓN [http-nio-8080-exec-160] org.apache.catalina.core.ApplicationContext.log Manager: undeploy: Undeploying web application at '/Tecnopotify'
22-Oct-2017 17:03:48.552 INFORMACIÓN [http-nio-8080-exec-154] org.apache.catalina.core.ApplicationContext.log Manager: install: Installing context configuration at 'file:/tmp/context8353546484134192258.xml'
22-Oct-2017 17:03:54.502 INFORMACIÓN [http-nio-8080-exec-155] org.apache.catalina.core.ApplicationContext.log Manager: start: Starting web application '/Tecnopotify'
22-Oct-2017 17:05:07.414 INFORMACIÓN [http-nio-8080-exec-164] org.apache.catalina.core.ApplicationContext.log Manager: list: Listing contexts for virtual host 'localhost'
22-Oct-2017 17:05:07.425 INFORMACIÓN [http-nio-8080-exec-157] org.apache.catalina.core.ApplicationContext.log Manager: list: Listing contexts for virtual host 'localhost'
22-Oct-2017 17:05:07.510 INFORMACIÓN [http-nio-8080-exec-165] org.apache.catalina.core.ApplicationContext.log Manager: undeploy: Undeploying web application at '/Tecnopotify'
22-Oct-2017 17:05:08.299 INFORMACIÓN [http-nio-8080-exec-164] org.apache.catalina.core.ApplicationContext.log Manager: install: Installing context configuration at 'file:/tmp/context4182430014425391423.xml'
22-Oct-2017 17:05:14.961 INFORMACIÓN [http-nio-8080-exec-171] org.apache.catalina.core.ApplicationContext.log Manager: start: Starting web application '/Tecnopotify'
22-Oct-2017 17:08:40.290 INFORMACIÓN [http-nio-8080-exec-177] org.apache.catalina.core.ApplicationContext.log Manager: list: Listing contexts for virtual host 'localhost'
22-Oct-2017 17:08:40.314 INFORMACIÓN [http-nio-8080-exec-178] org.apache.catalina.core.ApplicationContext.log Manager: list: Listing contexts for virtual host 'localhost'
22-Oct-2017 17:08:40.464 INFORMACIÓN [http-nio-8080-exec-173] org.apache.catalina.core.ApplicationContext.log Manager: undeploy: Undeploying web application at '/Tecnopotify'
22-Oct-2017 17:08:41.037 INFORMACIÓN [http-nio-8080-exec-174] org.apache.catalina.core.ApplicationContext.log Manager: install: Installing context configuration at 'file:/tmp/context6171275821518921574.xml'
22-Oct-2017 17:08:45.134 INFORMACIÓN [http-nio-8080-exec-182] org.apache.catalina.core.ApplicationContext.log Manager: start: Starting web application '/Tecnopotify'
22-Oct-2017 17:11:38.857 INFORMACIÓN [http-nio-8080-exec-190] org.apache.catalina.core.ApplicationContext.log Manager: list: Listing contexts for virtual host 'localhost'
22-Oct-2017 17:11:38.868 INFORMACIÓN [http-nio-8080-exec-191] org.apache.catalina.core.ApplicationContext.log Manager: list: Listing contexts for virtual host 'localhost'
22-Oct-2017 17:11:38.892 INFORMACIÓN [http-nio-8080-exec-192] org.apache.catalina.core.ApplicationContext.log Manager: undeploy: Undeploying web application at '/Tecnopotify'
22-Oct-2017 17:11:39.471 INFORMACIÓN [http-nio-8080-exec-185] org.apache.catalina.core.ApplicationContext.log Manager: install: Installing context configuration at 'file:/tmp/context4233875489046106107.xml'
22-Oct-2017 17:11:43.521 INFORMACIÓN [http-nio-8080-exec-186] org.apache.catalina.core.ApplicationContext.log Manager: start: Starting web application '/Tecnopotify'
22-Oct-2017 17:14:19.708 INFORMACIÓN [http-nio-8080-exec-196] org.apache.catalina.core.ApplicationContext.log Manager: list: Listing contexts for virtual host 'localhost'
22-Oct-2017 17:14:19.721 INFORMACIÓN [http-nio-8080-exec-197] org.apache.catalina.core.ApplicationContext.log Manager: list: Listing contexts for virtual host 'localhost'
22-Oct-2017 17:14:19.800 INFORMACIÓN [http-nio-8080-exec-198] org.apache.catalina.core.ApplicationContext.log Manager: undeploy: Undeploying web application at '/Tecnopotify'
22-Oct-2017 17:14:20.374 INFORMACIÓN [http-nio-8080-exec-194] org.apache.catalina.core.ApplicationContext.log Manager: install: Installing context configuration at 'file:/tmp/context6759679152400345790.xml'
22-Oct-2017 17:14:24.393 INFORMACIÓN [http-nio-8080-exec-196] org.apache.catalina.core.ApplicationContext.log Manager: start: Starting web application '/Tecnopotify'
22-Oct-2017 17:17:18.643 INFORMACIÓN [http-nio-8080-exec-205] org.apache.catalina.core.ApplicationContext.log Manager: list: Listing contexts for virtual host 'localhost'
22-Oct-2017 17:17:18.659 INFORMACIÓN [http-nio-8080-exec-206] org.apache.catalina.core.ApplicationContext.log Manager: list: Listing contexts for virtual host 'localhost'
22-Oct-2017 17:17:18.702 INFORMACIÓN [http-nio-8080-exec-212] org.apache.catalina.core.ApplicationContext.log Manager: undeploy: Undeploying web application at '/Tecnopotify'
22-Oct-2017 17:17:19.350 INFORMACIÓN [http-nio-8080-exec-208] org.apache.catalina.core.ApplicationContext.log Manager: install: Installing context configuration at 'file:/tmp/context8605201087810893759.xml'
22-Oct-2017 17:17:25.164 INFORMACIÓN [http-nio-8080-exec-209] org.apache.catalina.core.ApplicationContext.log Manager: start: Starting web application '/Tecnopotify'
22-Oct-2017 17:18:23.661 INFORMACIÓN [http-nio-8080-exec-215] org.apache.catalina.core.ApplicationContext.log Manager: list: Listing contexts for virtual host 'localhost'
22-Oct-2017 17:18:23.676 INFORMACIÓN [http-nio-8080-exec-216] org.apache.catalina.core.ApplicationContext.log Manager: list: Listing contexts for virtual host 'localhost'
22-Oct-2017 17:18:23.711 INFORMACIÓN [http-nio-8080-exec-217] org.apache.catalina.core.ApplicationContext.log Manager: undeploy: Undeploying web application at '/Tecnopotify'
22-Oct-2017 17:18:24.261 INFORMACIÓN [http-nio-8080-exec-213] org.apache.catalina.core.ApplicationContext.log Manager: install: Installing context configuration at 'file:/tmp/context4158987702963696745.xml'
22-Oct-2017 17:18:33.864 INFORMACIÓN [http-nio-8080-exec-214] org.apache.catalina.core.ApplicationContext.log Manager: start: Starting web application '/Tecnopotify'
22-Oct-2017 17:23:22.366 INFORMACIÓN [http-nio-8080-exec-221] org.apache.catalina.core.ApplicationContext.log Manager: list: Listing contexts for virtual host 'localhost'
22-Oct-2017 17:23:22.380 INFORMACIÓN [http-nio-8080-exec-228] org.apache.catalina.core.ApplicationContext.log Manager: list: Listing contexts for virtual host 'localhost'
22-Oct-2017 17:23:22.469 INFORMACIÓN [http-nio-8080-exec-222] org.apache.catalina.core.ApplicationContext.log Manager: undeploy: Undeploying web application at '/Tecnopotify'
22-Oct-2017 17:23:23.344 INFORMACIÓN [http-nio-8080-exec-229] org.apache.catalina.core.ApplicationContext.log Manager: install: Installing context configuration at 'file:/tmp/context5495815492811241086.xml'
22-Oct-2017 17:23:35.910 INFORMACIÓN [http-nio-8080-exec-230] org.apache.catalina.core.ApplicationContext.log Manager: start: Starting web application '/Tecnopotify'
22-Oct-2017 17:24:11.838 INFORMACIÓN [http-nio-8080-exec-232] org.apache.catalina.core.ApplicationContext.log Manager: list: Listing contexts for virtual host 'localhost'
22-Oct-2017 17:24:11.850 INFORMACIÓN [http-nio-8080-exec-236] org.apache.catalina.core.ApplicationContext.log Manager: list: Listing contexts for virtual host 'localhost'
22-Oct-2017 17:24:12.004 INFORMACIÓN [http-nio-8080-exec-233] org.apache.catalina.core.ApplicationContext.log Manager: undeploy: Undeploying web application at '/Tecnopotify'
22-Oct-2017 17:24:12.838 INFORMACIÓN [http-nio-8080-exec-226] org.apache.catalina.core.ApplicationContext.log Manager: install: Installing context configuration at 'file:/tmp/context8834731186185329912.xml'
22-Oct-2017 17:24:19.198 INFORMACIÓN [http-nio-8080-exec-232] org.apache.catalina.core.ApplicationContext.log Manager: start: Starting web application '/Tecnopotify'
22-Oct-2017 17:25:04.873 INFORMACIÓN [http-nio-8080-exec-241] org.apache.catalina.core.ApplicationContext.log Manager: list: Listing contexts for virtual host 'localhost'
22-Oct-2017 17:25:04.904 INFORMACIÓN [http-nio-8080-exec-245] org.apache.catalina.core.ApplicationContext.log Manager: list: Listing contexts for virtual host 'localhost'
22-Oct-2017 17:25:04.959 INFORMACIÓN [http-nio-8080-exec-235] org.apache.catalina.core.ApplicationContext.log Manager: undeploy: Undeploying web application at '/Tecnopotify'
22-Oct-2017 17:25:05.706 INFORMACIÓN [http-nio-8080-exec-241] org.apache.catalina.core.ApplicationContext.log Manager: install: Installing context configuration at 'file:/tmp/context9157132876300539105.xml'
22-Oct-2017 17:25:11.896 INFORMACIÓN [http-nio-8080-exec-230] org.apache.catalina.core.ApplicationContext.log Manager: start: Starting web application '/Tecnopotify'
22-Oct-2017 17:26:41.693 INFORMACIÓN [http-nio-8080-exec-252] org.apache.catalina.core.ApplicationContext.log Manager: list: Listing contexts for virtual host 'localhost'
22-Oct-2017 17:26:41.700 INFORMACIÓN [http-nio-8080-exec-246] org.apache.catalina.core.ApplicationContext.log Manager: list: Listing contexts for virtual host 'localhost'
22-Oct-2017 17:26:41.765 INFORMACIÓN [http-nio-8080-exec-253] org.apache.catalina.core.ApplicationContext.log Manager: undeploy: Undeploying web application at '/Tecnopotify'
22-Oct-2017 17:26:42.375 INFORMACIÓN [http-nio-8080-exec-246] org.apache.catalina.core.ApplicationContext.log Manager: install: Installing context configuration at 'file:/tmp/context1456450691674313238.xml'
22-Oct-2017 17:26:46.488 INFORMACIÓN [http-nio-8080-exec-255] org.apache.catalina.core.ApplicationContext.log Manager: start: Starting web application '/Tecnopotify'
22-Oct-2017 17:36:14.411 INFORMACIÓN [http-nio-8080-exec-260] org.apache.catalina.core.ApplicationContext.log Manager: list: Listing contexts for virtual host 'localhost'
22-Oct-2017 17:36:14.613 INFORMACIÓN [http-nio-8080-exec-259] org.apache.catalina.core.ApplicationContext.log Manager: list: Listing contexts for virtual host 'localhost'
22-Oct-2017 17:36:15.612 INFORMACIÓN [http-nio-8080-exec-261] org.apache.catalina.core.ApplicationContext.log Manager: undeploy: Undeploying web application at '/Tecnopotify'
22-Oct-2017 17:36:16.672 INFORMACIÓN [http-nio-8080-exec-258] org.apache.catalina.core.ApplicationContext.log Manager: install: Installing context configuration at 'file:/tmp/context8304533118568556980.xml'
22-Oct-2017 17:36:36.307 INFORMACIÓN [http-nio-8080-exec-262] org.apache.catalina.core.ApplicationContext.log Manager: start: Starting web application '/Tecnopotify'
22-Oct-2017 18:13:24.715 INFORMACIÓN [http-nio-8080-exec-272] org.apache.catalina.core.ApplicationContext.log Manager: list: Listing contexts for virtual host 'localhost'
22-Oct-2017 18:13:26.071 INFORMACIÓN [http-nio-8080-exec-271] org.apache.catalina.core.ApplicationContext.log Manager: list: Listing contexts for virtual host 'localhost'
22-Oct-2017 18:13:26.109 INFORMACIÓN [http-nio-8080-exec-270] org.apache.catalina.core.ApplicationContext.log Manager: restart: Reloading web application '/Tecnopotify'
22-Oct-2017 18:46:08.963 INFORMACIÓN [http-nio-8080-exec-280] org.apache.catalina.core.ApplicationContext.log Manager: list: Listing contexts for virtual host 'localhost'
22-Oct-2017 18:46:09.419 INFORMACIÓN [http-nio-8080-exec-281] org.apache.catalina.core.ApplicationContext.log Manager: undeploy: Undeploying web application at '/Tecnopotify'
22-Oct-2017 18:48:38.009 INFORMACIÓN [http-nio-8080-exec-289] org.apache.catalina.core.ApplicationContext.log Manager: list: Listing contexts for virtual host 'localhost'
22-Oct-2017 18:48:48.347 INFORMACIÓN [http-nio-8080-exec-277] org.apache.catalina.core.ApplicationContext.log Manager: list: Listing contexts for virtual host 'localhost'
22-Oct-2017 18:48:54.506 INFORMACIÓN [http-nio-8080-exec-277] org.apache.catalina.core.ApplicationContext.log Manager: list: Listing contexts for virtual host 'localhost'
22-Oct-2017 18:48:54.685 INFORMACIÓN [http-nio-8080-exec-289] org.apache.catalina.core.ApplicationContext.log Manager: list: Listing contexts for virtual host 'localhost'
22-Oct-2017 18:48:54.865 INFORMACIÓN [http-nio-8080-exec-290] org.apache.catalina.core.ApplicationContext.log Manager: install: Installing context configuration at 'file:/tmp/context6734019811943459384.xml'
22-Oct-2017 18:49:26.975 INFORMACIÓN [http-nio-8080-exec-291] org.apache.catalina.core.ApplicationContext.log Manager: start: Starting web application '/Tecnopotify'
22-Oct-2017 19:05:31.569 INFORMACIÓN [http-nio-8080-exec-289] org.apache.catalina.core.ApplicationContext.log Manager: list: Listing contexts for virtual host 'localhost'
22-Oct-2017 19:05:31.965 INFORMACIÓN [http-nio-8080-exec-291] org.apache.catalina.core.ApplicationContext.log Manager: undeploy: Undeploying web application at '/Tecnopotify'
22-Oct-2017 19:06:14.264 INFORMACIÓN [http-nio-8080-exec-295] org.apache.catalina.core.ApplicationContext.log Manager: list: Listing contexts for virtual host 'localhost'
22-Oct-2017 19:06:14.415 INFORMACIÓN [http-nio-8080-exec-294] org.apache.catalina.core.ApplicationContext.log Manager: list: Listing contexts for virtual host 'localhost'
22-Oct-2017 19:06:15.217 INFORMACIÓN [http-nio-8080-exec-293] org.apache.catalina.core.ApplicationContext.log Manager: install: Installing context configuration at 'file:/tmp/context88012582548698436.xml'
22-Oct-2017 19:06:42.903 INFORMACIÓN [http-nio-8080-exec-298] org.apache.catalina.core.ApplicationContext.log Manager: start: Starting web application '/Tecnopotify'
22-Oct-2017 19:07:44.233 INFORMACIÓN [http-nio-8080-exec-286] org.apache.catalina.core.ApplicationContext.log Manager: list: Listing contexts for virtual host 'localhost'
22-Oct-2017 19:07:44.239 INFORMACIÓN [http-nio-8080-exec-304] org.apache.catalina.core.ApplicationContext.log Manager: list: Listing contexts for virtual host 'localhost'
22-Oct-2017 19:14:16.229 INFORMACIÓN [http-nio-8080-exec-297] org.apache.catalina.core.ApplicationContext.log Manager: list: Listing contexts for virtual host 'localhost'
22-Oct-2017 19:14:16.380 INFORMACIÓN [http-nio-8080-exec-301] org.apache.catalina.core.ApplicationContext.log Manager: undeploy: Undeploying web application at '/Tecnopotify'
22-Oct-2017 19:16:31.085 INFORMACIÓN [513] org.apache.catalina.core.ApplicationContext.log Manager: list: Listing contexts for virtual host 'localhost'
22-Oct-2017 19:16:31.269 INFORMACIÓN [http-nio-8080-exec-310] org.apache.catalina.core.ApplicationContext.log Manager: list: Listing contexts for virtual host 'localhost'
22-Oct-2017 19:16:31.418 INFORMACIÓN [http-nio-8080-exec-306] org.apache.catalina.core.ApplicationContext.log Manager: install: Installing context configuration at 'file:/tmp/context4781316778177075318.xml'
22-Oct-2017 19:17:29.824 INFORMACIÓN [http-nio-8080-exec-308] org.apache.catalina.core.ApplicationContext.log Manager: start: Starting web application '/Tecnopotify'
22-Oct-2017 19:28:05.945 INFORMACIÓN [http-nio-8080-exec-310] org.apache.catalina.core.ApplicationContext.log Manager: list: Listing contexts for virtual host 'localhost'
22-Oct-2017 19:28:11.387 INFORMACIÓN [http-nio-8080-exec-310] org.apache.catalina.core.ApplicationContext.log Manager: list: Listing contexts for virtual host 'localhost'
22-Oct-2017 19:29:12.852 INFORMACIÓN [http-nio-8080-exec-310] org.apache.catalina.core.ApplicationContext.log Manager: list: Listing contexts for virtual host 'localhost'
22-Oct-2017 19:52:04.074 INFORMACIÓN [http-nio-8080-exec-310] org.apache.catalina.core.ApplicationContext.log Manager: list: Listing contexts for virtual host 'localhost'
22-Oct-2017 19:52:04.359 INFORMACIÓN [http-nio-8080-exec-314] org.apache.catalina.core.ApplicationContext.log Manager: list: Listing contexts for virtual host 'localhost'
22-Oct-2017 19:52:04.915 INFORMACIÓN [http-nio-8080-exec-315] org.apache.catalina.core.ApplicationContext.log Manager: list: Listing contexts for virtual host 'localhost'
22-Oct-2017 19:52:07.654 INFORMACIÓN [http-nio-8080-exec-313] org.apache.catalina.core.ApplicationContext.log Manager: list: Listing contexts for virtual host 'localhost'
22-Oct-2017 19:52:07.914 INFORMACIÓN [http-nio-8080-exec-307] org.apache.catalina.core.ApplicationContext.log Manager: restart: Reloading web application '/Tecnopotify'
22-Oct-2017 20:15:32.276 INFORMACIÓN [http-nio-8080-exec-322] org.apache.catalina.core.ApplicationContext.log Manager: list: Listing contexts for virtual host 'localhost'
22-Oct-2017 20:15:32.394 INFORMACIÓN [http-nio-8080-exec-319] org.apache.catalina.core.ApplicationContext.log Manager: list: Listing contexts for virtual host 'localhost'
22-Oct-2017 20:15:42.956 INFORMACIÓN [http-nio-8080-exec-319] org.apache.catalina.core.ApplicationContext.log Manager: list: Listing contexts for virtual host 'localhost'
22-Oct-2017 20:15:44.055 INFORMACIÓN [http-nio-8080-exec-317] org.apache.catalina.core.ApplicationContext.log Manager: list: Listing contexts for virtual host 'localhost'
22-Oct-2017 20:15:44.266 INFORMACIÓN [http-nio-8080-exec-316] org.apache.catalina.core.ApplicationContext.log Manager: restart: Reloading web application '/Tecnopotify'
22-Oct-2017 20:20:10.368 INFORMACIÓN [http-nio-8080-exec-332] org.apache.catalina.core.ApplicationContext.log Manager: list: Listing contexts for virtual host 'localhost'
22-Oct-2017 20:29:55.984 INFORMACIÓN [http-nio-8080-exec-332] org.apache.catalina.core.ApplicationContext.log Manager: list: Listing contexts for virtual host 'localhost'
22-Oct-2017 20:29:56.363 INFORMACIÓN [http-nio-8080-exec-334] org.apache.catalina.core.ApplicationContext.log Manager: restart: Reloading web application '/Tecnopotify'
22-Oct-2017 20:39:24.435 INFORMACIÓN [http-nio-8080-exec-342] org.apache.catalina.core.ApplicationContext.log Manager: list: Listing contexts for virtual host 'localhost'
22-Oct-2017 20:39:25.363 INFORMACIÓN [http-nio-8080-exec-340] org.apache.catalina.core.ApplicationContext.log Manager: list: Listing contexts for virtual host 'localhost'
22-Oct-2017 20:39:25.399 INFORMACIÓN [http-nio-8080-exec-341] org.apache.catalina.core.ApplicationContext.log Manager: restart: Reloading web application '/Tecnopotify'
22-Oct-2017 20:42:49.369 INFORMACIÓN [http-nio-8080-exec-339] org.apache.catalina.core.ApplicationContext.log Manager: list: Listing contexts for virtual host 'localhost'
22-Oct-2017 20:42:50.351 INFORMACIÓN [http-nio-8080-exec-338] org.apache.catalina.core.ApplicationContext.log Manager: undeploy: Undeploying web application at '/Tecnopotify'
22-Oct-2017 20:42:50.588 INFORMACIÓN [http-nio-8080-exec-346] org.apache.catalina.core.ApplicationContext.log Manager: list: Listing contexts for virtual host 'localhost'
22-Oct-2017 20:44:52.987 INFORMACIÓN [609] org.apache.catalina.core.ApplicationContext.log Manager: list: Listing contexts for virtual host 'localhost'
22-Oct-2017 20:45:31.102 INFORMACIÓN [http-nio-8080-exec-357] org.apache.catalina.core.ApplicationContext.log Manager: list: Listing contexts for virtual host 'localhost'
22-Oct-2017 20:45:31.110 INFORMACIÓN [http-nio-8080-exec-358] org.apache.catalina.core.ApplicationContext.log Manager: list: Listing contexts for virtual host 'localhost'
22-Oct-2017 20:45:31.179 INFORMACIÓN [http-nio-8080-exec-343] org.apache.catalina.core.ApplicationContext.log Manager: install: Installing context configuration at 'file:/tmp/context3977461100338473098.xml'
22-Oct-2017 20:45:36.088 INFORMACIÓN [http-nio-8080-exec-359] org.apache.catalina.core.ApplicationContext.log Manager: start: Starting web application '/Tecnopotify'
22-Oct-2017 20:45:51.659 INFORMACIÓN [http-nio-8080-exec-359] org.apache.catalina.core.ApplicationContext.log Manager: list: Listing contexts for virtual host 'localhost'
22-Oct-2017 20:45:51.670 INFORMACIÓN [http-nio-8080-exec-361] org.apache.catalina.core.ApplicationContext.log Manager: list: Listing contexts for virtual host 'localhost'
22-Oct-2017 20:48:28.072 INFORMACIÓN [http-nio-8080-exec-358] org.apache.catalina.core.ApplicationContext.log Manager: list: Listing contexts for virtual host 'localhost'
22-Oct-2017 20:48:28.124 INFORMACIÓN [http-nio-8080-exec-360] org.apache.catalina.core.ApplicationContext.log Manager: undeploy: Undeploying web application at '/Tecnopotify'
22-Oct-2017 20:48:48.161 INFORMACIÓN [http-nio-8080-exec-363] org.apache.catalina.core.ApplicationContext.log Manager: list: Listing contexts for virtual host 'localhost'
22-Oct-2017 20:48:48.186 INFORMACIÓN [http-nio-8080-exec-364] org.apache.catalina.core.ApplicationContext.log Manager: list: Listing contexts for virtual host 'localhost'
22-Oct-2017 20:48:48.231 INFORMACIÓN [http-nio-8080-exec-365] org.apache.catalina.core.ApplicationContext.log Manager: install: Installing context configuration at 'file:/tmp/context7291257148916838383.xml'
22-Oct-2017 20:48:52.562 INFORMACIÓN [http-nio-8080-exec-361] org.apache.catalina.core.ApplicationContext.log Manager: start: Starting web application '/Tecnopotify'
22-Oct-2017 20:50:27.622 INFORMACIÓN [http-nio-8080-exec-1] org.apache.catalina.core.ApplicationContext.log Manager: init: Associated with Deployer 'Catalina:type=Deployer,host=localhost'
22-Oct-2017 20:50:27.628 INFORMACIÓN [http-nio-8080-exec-1] org.apache.catalina.core.ApplicationContext.log Manager: init: Global resources are available
22-Oct-2017 20:50:27.631 INFORMACIÓN [http-nio-8080-exec-1] org.apache.catalina.core.ApplicationContext.log Manager: list: Listing contexts for virtual host 'localhost'
22-Oct-2017 20:50:27.665 INFORMACIÓN [http-nio-8080-exec-4] org.apache.catalina.core.ApplicationContext.log Manager: list: Listing contexts for virtual host 'localhost'
22-Oct-2017 20:50:27.717 INFORMACIÓN [http-nio-8080-exec-3] org.apache.catalina.core.ApplicationContext.log Manager: undeploy: Undeploying web application at '/Tecnopotify'
22-Oct-2017 20:50:28.459 INFORMACIÓN [http-nio-8080-exec-1] org.apache.catalina.core.ApplicationContext.log Manager: install: Installing context configuration at 'file:/tmp/context1366515526648140984.xml'
22-Oct-2017 20:50:33.313 INFORMACIÓN [http-nio-8080-exec-7] org.apache.catalina.core.ApplicationContext.log Manager: start: Starting web application '/Tecnopotify'
22-Oct-2017 20:55:25.453 INFORMACIÓN [http-nio-8080-exec-13] org.apache.catalina.core.ApplicationContext.log Manager: list: Listing contexts for virtual host 'localhost'
22-Oct-2017 20:55:40.638 INFORMACIÓN [http-nio-8080-exec-11] org.apache.catalina.core.ApplicationContext.log Manager: list: Listing contexts for virtual host 'localhost'
22-Oct-2017 20:55:40.682 INFORMACIÓN [http-nio-8080-exec-14] org.apache.catalina.core.ApplicationContext.log Manager: list: Listing contexts for virtual host 'localhost'
22-Oct-2017 20:56:05.528 INFORMACIÓN [http-nio-8080-exec-13] org.apache.catalina.core.ApplicationContext.log Manager: list: Listing contexts for virtual host 'localhost'
22-Oct-2017 20:56:05.539 INFORMACIÓN [http-nio-8080-exec-12] org.apache.catalina.core.ApplicationContext.log Manager: list: Listing contexts for virtual host 'localhost'
22-Oct-2017 20:56:05.569 INFORMACIÓN [http-nio-8080-exec-11] org.apache.catalina.core.ApplicationContext.log Manager: undeploy: Undeploying web application at '/Tecnopotify'
22-Oct-2017 20:56:06.166 INFORMACIÓN [http-nio-8080-exec-13] org.apache.catalina.core.ApplicationContext.log Manager: install: Installing context configuration at 'file:/tmp/context3914336531027608580.xml'
22-Oct-2017 20:56:10.027 INFORMACIÓN [http-nio-8080-exec-17] org.apache.catalina.core.ApplicationContext.log Manager: start: Starting web application '/Tecnopotify'
22-Oct-2017 21:01:17.349 INFORMACIÓN [http-nio-8080-exec-21] org.apache.catalina.core.ApplicationContext.log Manager: list: Listing contexts for virtual host 'localhost'
22-Oct-2017 21:01:17.364 INFORMACIÓN [http-nio-8080-exec-22] org.apache.catalina.core.ApplicationContext.log Manager: list: Listing contexts for virtual host 'localhost'
22-Oct-2017 21:01:17.395 INFORMACIÓN [http-nio-8080-exec-23] org.apache.catalina.core.ApplicationContext.log Manager: undeploy: Undeploying web application at '/Tecnopotify'
22-Oct-2017 21:01:18.002 INFORMACIÓN [http-nio-8080-exec-26] org.apache.catalina.core.ApplicationContext.log Manager: install: Installing context configuration at 'file:/tmp/context2206016262981199830.xml'
22-Oct-2017 21:01:22.501 INFORMACIÓN [http-nio-8080-exec-25] org.apache.catalina.core.ApplicationContext.log Manager: start: Starting web application '/Tecnopotify'
22-Oct-2017 21:01:38.026 INFORMACIÓN [http-nio-8080-exec-24] org.apache.catalina.core.ApplicationContext.log Manager: list: Listing contexts for virtual host 'localhost'
22-Oct-2017 21:01:38.040 INFORMACIÓN [http-nio-8080-exec-34] org.apache.catalina.core.ApplicationContext.log Manager: list: Listing contexts for virtual host 'localhost'
22-Oct-2017 21:02:20.812 INFORMACIÓN [http-nio-8080-exec-36] org.apache.catalina.core.ApplicationContext.log Manager: list: Listing contexts for virtual host 'localhost'
22-Oct-2017 21:03:01.660 INFORMACIÓN [http-nio-8080-exec-30] org.apache.catalina.core.ApplicationContext.log Manager: list: Listing contexts for virtual host 'localhost'
22-Oct-2017 21:05:52.272 INFORMACIÓN [http-nio-8080-exec-39] org.apache.catalina.core.ApplicationContext.log Manager: list: Listing contexts for virtual host 'localhost'
22-Oct-2017 21:05:52.323 INFORMACIÓN [http-nio-8080-exec-40] org.apache.catalina.core.ApplicationContext.log Manager: undeploy: Undeploying web application at '/Tecnopotify'
22-Oct-2017 21:06:05.369 INFORMACIÓN [http-nio-8080-exec-38] org.apache.catalina.core.ApplicationContext.log Manager: list: Listing contexts for virtual host 'localhost'
22-Oct-2017 21:10:38.027 INFORMACIÓN [http-nio-8080-exec-45] org.apache.catalina.core.ApplicationContext.log Manager: list: Listing contexts for virtual host 'localhost'
22-Oct-2017 21:12:28.854 INFORMACIÓN [http-nio-8080-exec-45] org.apache.catalina.core.ApplicationContext.log Manager: list: Listing contexts for virtual host 'localhost'
22-Oct-2017 21:12:28.868 INFORMACIÓN [http-nio-8080-exec-46] org.apache.catalina.core.ApplicationContext.log Manager: list: Listing contexts for virtual host 'localhost'
22-Oct-2017 21:12:28.897 INFORMACIÓN [http-nio-8080-exec-47] org.apache.catalina.core.ApplicationContext.log Manager: install: Installing context configuration at 'file:/tmp/context2693788028647062809.xml'
22-Oct-2017 21:12:32.024 INFORMACIÓN [http-nio-8080-exec-48] org.apache.catalina.core.ApplicationContext.log Manager: start: Starting web application '/Tecnopotify'
22-Oct-2017 21:13:09.982 INFORMACIÓN [http-nio-8080-exec-45] org.apache.catalina.core.ApplicationContext.log Manager: list: Listing contexts for virtual host 'localhost'
22-Oct-2017 21:15:30.463 INFORMACIÓN [http-nio-8080-exec-51] org.apache.catalina.core.ApplicationContext.log Manager: list: Listing contexts for virtual host 'localhost'
22-Oct-2017 21:15:30.560 INFORMACIÓN [http-nio-8080-exec-41] org.apache.catalina.core.ApplicationContext.log Manager: undeploy: Undeploying web application at '/Tecnopotify'
22-Oct-2017 21:15:57.289 INFORMACIÓN [http-nio-8080-exec-54] org.apache.catalina.core.ApplicationContext.log Manager: list: Listing contexts for virtual host 'localhost'
22-Oct-2017 21:15:57.302 INFORMACIÓN [http-nio-8080-exec-55] org.apache.catalina.core.ApplicationContext.log Manager: list: Listing contexts for virtual host 'localhost'
22-Oct-2017 21:15:57.329 INFORMACIÓN [http-nio-8080-exec-56] org.apache.catalina.core.ApplicationContext.log Manager: install: Installing context configuration at 'file:/tmp/context2475181912340276443.xml'
22-Oct-2017 21:16:01.533 INFORMACIÓN [http-nio-8080-exec-47] org.apache.catalina.core.ApplicationContext.log Manager: start: Starting web application '/Tecnopotify'
22-Oct-2017 21:22:59.133 INFORMACIÓN [http-nio-8080-exec-55] org.apache.catalina.core.ApplicationContext.log Manager: list: Listing contexts for virtual host 'localhost'
22-Oct-2017 21:22:59.235 INFORMACIÓN [http-nio-8080-exec-56] org.apache.catalina.core.ApplicationContext.log Manager: undeploy: Undeploying web application at '/Tecnopotify'
22-Oct-2017 21:24:05.196 INFORMACIÓN [http-nio-8080-exec-64] org.apache.catalina.core.ApplicationContext.log Manager: list: Listing contexts for virtual host 'localhost'
22-Oct-2017 21:24:14.133 INFORMACIÓN [http-nio-8080-exec-64] org.apache.catalina.core.ApplicationContext.log Manager: list: Listing contexts for virtual host 'localhost'
22-Oct-2017 21:24:14.145 INFORMACIÓN [http-nio-8080-exec-66] org.apache.catalina.core.ApplicationContext.log Manager: list: Listing contexts for virtual host 'localhost'
22-Oct-2017 21:24:14.175 INFORMACIÓN [http-nio-8080-exec-52] org.apache.catalina.core.ApplicationContext.log Manager: install: Installing context configuration at 'file:/tmp/context1077487777688236550.xml'
22-Oct-2017 21:24:17.592 INFORMACIÓN [http-nio-8080-exec-67] org.apache.catalina.core.ApplicationContext.log Manager: start: Starting web application '/Tecnopotify'
22-Oct-2017 21:25:48.604 INFORMACIÓN [http-nio-8080-exec-67] org.apache.catalina.core.ApplicationContext.log Manager: list: Listing contexts for virtual host 'localhost'
22-Oct-2017 21:37:47.377 INFORMACIÓN [http-nio-8080-exec-71] org.apache.catalina.core.ApplicationContext.log Manager: list: Listing contexts for virtual host 'localhost'
22-Oct-2017 21:37:47.412 INFORMACIÓN [http-nio-8080-exec-67] org.apache.catalina.core.ApplicationContext.log Manager: undeploy: Undeploying web application at '/Tecnopotify'
22-Oct-2017 21:38:01.569 INFORMACIÓN [http-nio-8080-exec-72] org.apache.catalina.core.ApplicationContext.log Manager: list: Listing contexts for virtual host 'localhost'
22-Oct-2017 21:38:01.577 INFORMACIÓN [http-nio-8080-exec-73] org.apache.catalina.core.ApplicationContext.log Manager: list: Listing contexts for virtual host 'localhost'
22-Oct-2017 21:38:01.635 INFORMACIÓN [http-nio-8080-exec-66] org.apache.catalina.core.ApplicationContext.log Manager: install: Installing context configuration at 'file:/tmp/context3339133578017329369.xml'
22-Oct-2017 21:38:05.688 INFORMACIÓN [http-nio-8080-exec-74] org.apache.catalina.core.ApplicationContext.log Manager: start: Starting web application '/Tecnopotify'
22-Oct-2017 21:38:28.988 INFORMACIÓN [http-nio-8080-exec-71] org.apache.catalina.core.ApplicationContext.log Manager: list: Listing contexts for virtual host 'localhost'
22-Oct-2017 21:38:29.000 INFORMACIÓN [http-nio-8080-exec-77] org.apache.catalina.core.ApplicationContext.log Manager: list: Listing contexts for virtual host 'localhost'
22-Oct-2017 21:40:03.090 INFORMACIÓN [http-nio-8080-exec-81] org.apache.catalina.core.ApplicationContext.log Manager: list: Listing contexts for virtual host 'localhost'
22-Oct-2017 21:40:05.738 INFORMACIÓN [http-nio-8080-exec-77] org.apache.catalina.core.ApplicationContext.log Manager: list: Listing contexts for virtual host 'localhost'
22-Oct-2017 21:40:05.746 INFORMACIÓN [http-nio-8080-exec-79] org.apache.catalina.core.ApplicationContext.log Manager: list: Listing contexts for virtual host 'localhost'
22-Oct-2017 21:43:58.917 INFORMACIÓN [http-nio-8080-exec-79] org.apache.catalina.core.ApplicationContext.log Manager: list: Listing contexts for virtual host 'localhost'
22-Oct-2017 21:43:58.932 INFORMACIÓN [http-nio-8080-exec-73] org.apache.catalina.core.ApplicationContext.log Manager: list: Listing contexts for virtual host 'localhost'
22-Oct-2017 21:44:34.816 INFORMACIÓN [http-nio-8080-exec-73] org.apache.catalina.core.ApplicationContext.log Manager: list: Listing contexts for virtual host 'localhost'
22-Oct-2017 21:44:34.825 INFORMACIÓN [http-nio-8080-exec-72] org.apache.catalina.core.ApplicationContext.log Manager: list: Listing contexts for virtual host 'localhost'
22-Oct-2017 21:45:10.228 INFORMACIÓN [http-nio-8080-exec-75] org.apache.catalina.core.ApplicationContext.log Manager: list: Listing contexts for virtual host 'localhost'
22-Oct-2017 21:45:18.982 INFORMACIÓN [http-nio-8080-exec-78] org.apache.catalina.core.ApplicationContext.log Manager: list: Listing contexts for virtual host 'localhost'
22-Oct-2017 21:45:18.998 INFORMACIÓN [http-nio-8080-exec-81] org.apache.catalina.core.ApplicationContext.log Manager: list: Listing contexts for virtual host 'localhost'
22-Oct-2017 21:46:34.886 INFORMACIÓN [http-nio-8080-exec-78] org.apache.catalina.core.ApplicationContext.log Manager: list: Listing contexts for virtual host 'localhost'
22-Oct-2017 21:46:34.897 INFORMACIÓN [http-nio-8080-exec-81] org.apache.catalina.core.ApplicationContext.log Manager: list: Listing contexts for virtual host 'localhost'
22-Oct-2017 21:48:02.959 INFORMACIÓN [http-nio-8080-exec-80] org.apache.catalina.core.ApplicationContext.log Manager: list: Listing contexts for virtual host 'localhost'
22-Oct-2017 21:48:03.090 INFORMACIÓN [http-nio-8080-exec-75] org.apache.catalina.core.ApplicationContext.log Manager: undeploy: Undeploying web application at '/Tecnopotify'
22-Oct-2017 21:48:16.746 INFORMACIÓN [http-nio-8080-exec-82] org.apache.catalina.core.ApplicationContext.log Manager: list: Listing contexts for virtual host 'localhost'
22-Oct-2017 21:48:16.754 INFORMACIÓN [http-nio-8080-exec-83] org.apache.catalina.core.ApplicationContext.log Manager: list: Listing contexts for virtual host 'localhost'
22-Oct-2017 21:48:16.792 INFORMACIÓN [http-nio-8080-exec-84] org.apache.catalina.core.ApplicationContext.log Manager: install: Installing context configuration at 'file:/tmp/context7808762164449162241.xml'
22-Oct-2017 21:48:20.684 INFORMACIÓN [http-nio-8080-exec-72] org.apache.catalina.core.ApplicationContext.log Manager: start: Starting web application '/Tecnopotify'
22-Oct-2017 21:51:57.301 INFORMACIÓN [http-nio-8080-exec-86] org.apache.catalina.core.ApplicationContext.log Manager: list: Listing contexts for virtual host 'localhost'
22-Oct-2017 21:51:57.334 INFORMACIÓN [http-nio-8080-exec-87] org.apache.catalina.core.ApplicationContext.log Manager: undeploy: Undeploying web application at '/Tecnopotify'
22-Oct-2017 21:52:07.065 INFORMACIÓN [http-nio-8080-exec-92] org.apache.catalina.core.ApplicationContext.log Manager: list: Listing contexts for virtual host 'localhost'
22-Oct-2017 21:52:07.075 INFORMACIÓN [http-nio-8080-exec-90] org.apache.catalina.core.ApplicationContext.log Manager: list: Listing contexts for virtual host 'localhost'
22-Oct-2017 21:52:07.206 INFORMACIÓN [http-nio-8080-exec-91] org.apache.catalina.core.ApplicationContext.log Manager: install: Installing context configuration at 'file:/tmp/context4272577898484965207.xml'
22-Oct-2017 21:52:10.370 INFORMACIÓN [http-nio-8080-exec-85] org.apache.catalina.core.ApplicationContext.log Manager: start: Starting web application '/Tecnopotify'
22-Oct-2017 21:52:47.209 INFORMACIÓN [http-nio-8080-exec-85] org.apache.catalina.core.ApplicationContext.log Manager: list: Listing contexts for virtual host 'localhost'
22-Oct-2017 21:52:47.265 INFORMACIÓN [http-nio-8080-exec-93] org.apache.catalina.core.ApplicationContext.log Manager: undeploy: Undeploying web application at '/Tecnopotify'
22-Oct-2017 21:52:59.826 INFORMACIÓN [http-nio-8080-exec-93] org.apache.catalina.core.ApplicationContext.log Manager: list: Listing contexts for virtual host 'localhost'
22-Oct-2017 21:52:59.848 INFORMACIÓN [http-nio-8080-exec-98] org.apache.catalina.core.ApplicationContext.log Manager: list: Listing contexts for virtual host 'localhost'
22-Oct-2017 21:53:00.003 INFORMACIÓN [http-nio-8080-exec-94] org.apache.catalina.core.ApplicationContext.log Manager: install: Installing context configuration at 'file:/tmp/context1080892921029920410.xml'
22-Oct-2017 21:53:03.783 INFORMACIÓN [http-nio-8080-exec-89] org.apache.catalina.core.ApplicationContext.log Manager: start: Starting web application '/Tecnopotify'
22-Oct-2017 21:53:44.731 INFORMACIÓN [http-nio-8080-exec-103] org.apache.catalina.core.ApplicationContext.log Manager: list: Listing contexts for virtual host 'localhost'
22-Oct-2017 21:53:44.764 INFORMACIÓN [http-nio-8080-exec-98] org.apache.catalina.core.ApplicationContext.log Manager: undeploy: Undeploying web application at '/Tecnopotify'
22-Oct-2017 21:54:06.028 INFORMACIÓN [http-nio-8080-exec-103] org.apache.catalina.core.ApplicationContext.log Manager: list: Listing contexts for virtual host 'localhost'
22-Oct-2017 21:54:06.056 INFORMACIÓN [http-nio-8080-exec-90] org.apache.catalina.core.ApplicationContext.log Manager: list: Listing contexts for virtual host 'localhost'
22-Oct-2017 21:54:06.093 INFORMACIÓN [http-nio-8080-exec-93] org.apache.catalina.core.ApplicationContext.log Manager: install: Installing context configuration at 'file:/tmp/context4101038635255660624.xml'
22-Oct-2017 21:54:10.025 INFORMACIÓN [http-nio-8080-exec-105] org.apache.catalina.core.ApplicationContext.log Manager: start: Starting web application '/Tecnopotify'
22-Oct-2017 21:56:41.173 INFORMACIÓN [http-nio-8080-exec-107] org.apache.catalina.core.ApplicationContext.log Manager: list: Listing contexts for virtual host 'localhost'
22-Oct-2017 21:56:41.231 INFORMACIÓN [http-nio-8080-exec-109] org.apache.catalina.core.ApplicationContext.log Manager: undeploy: Undeploying web application at '/Tecnopotify'
22-Oct-2017 21:56:54.901 INFORMACIÓN [http-nio-8080-exec-108] org.apache.catalina.core.ApplicationContext.log Manager: list: Listing contexts for virtual host 'localhost'
22-Oct-2017 21:56:54.923 INFORMACIÓN [http-nio-8080-exec-119] org.apache.catalina.core.ApplicationContext.log Manager: list: Listing contexts for virtual host 'localhost'
22-Oct-2017 21:56:54.957 INFORMACIÓN [http-nio-8080-exec-115] org.apache.catalina.core.ApplicationContext.log Manager: install: Installing context configuration at 'file:/tmp/context369570290263634803.xml'
22-Oct-2017 21:57:00.117 INFORMACIÓN [http-nio-8080-exec-113] org.apache.catalina.core.ApplicationContext.log Manager: start: Starting web application '/Tecnopotify'
22-Oct-2017 21:58:27.058 INFORMACIÓN [http-nio-8080-exec-116] org.apache.catalina.core.ApplicationContext.log Manager: list: Listing contexts for virtual host 'localhost'
22-Oct-2017 21:58:27.084 INFORMACIÓN [http-nio-8080-exec-117] org.apache.catalina.core.ApplicationContext.log Manager: list: Listing contexts for virtual host 'localhost'
22-Oct-2017 21:58:27.133 INFORMACIÓN [http-nio-8080-exec-123] org.apache.catalina.core.ApplicationContext.log Manager: undeploy: Undeploying web application at '/Tecnopotify'
22-Oct-2017 21:58:27.681 INFORMACIÓN [http-nio-8080-exec-118] org.apache.catalina.core.ApplicationContext.log Manager: install: Installing context configuration at 'file:/tmp/context4524840405622047756.xml'
22-Oct-2017 21:58:30.720 INFORMACIÓN [http-nio-8080-exec-119] org.apache.catalina.core.ApplicationContext.log Manager: start: Starting web application '/Tecnopotify'
22-Oct-2017 21:58:54.821 INFORMACIÓN [http-nio-8080-exec-130] org.apache.catalina.core.ApplicationContext.log Manager: list: Listing contexts for virtual host 'localhost'
22-Oct-2017 21:58:54.853 INFORMACIÓN [http-nio-8080-exec-126] org.apache.catalina.core.ApplicationContext.log Manager: undeploy: Undeploying web application at '/Tecnopotify'
22-Oct-2017 21:59:14.513 INFORMACIÓN [http-nio-8080-exec-128] org.apache.catalina.core.ApplicationContext.log Manager: list: Listing contexts for virtual host 'localhost'
22-Oct-2017 21:59:14.521 INFORMACIÓN [http-nio-8080-exec-130] org.apache.catalina.core.ApplicationContext.log Manager: list: Listing contexts for virtual host 'localhost'
22-Oct-2017 21:59:14.592 INFORMACIÓN [http-nio-8080-exec-134] org.apache.catalina.core.ApplicationContext.log Manager: install: Installing context configuration at 'file:/tmp/context5696760232601795546.xml'
22-Oct-2017 21:59:20.115 INFORMACIÓN [http-nio-8080-exec-131] org.apache.catalina.core.ApplicationContext.log Manager: start: Starting web application '/Tecnopotify'
22-Oct-2017 22:00:49.142 INFORMACIÓN [http-nio-8080-exec-137] org.apache.catalina.core.ApplicationContext.log Manager: list: Listing contexts for virtual host 'localhost'
22-Oct-2017 22:00:49.150 INFORMACIÓN [http-nio-8080-exec-132] org.apache.catalina.core.ApplicationContext.log Manager: list: Listing contexts for virtual host 'localhost'
22-Oct-2017 22:00:49.223 INFORMACIÓN [http-nio-8080-exec-138] org.apache.catalina.core.ApplicationContext.log Manager: undeploy: Undeploying web application at '/Tecnopotify'
22-Oct-2017 22:00:49.828 INFORMACIÓN [http-nio-8080-exec-133] org.apache.catalina.core.ApplicationContext.log Manager: install: Installing context configuration at 'file:/tmp/context7815655106089742231.xml'
22-Oct-2017 22:00:53.174 INFORMACIÓN [http-nio-8080-exec-135] org.apache.catalina.core.ApplicationContext.log Manager: start: Starting web application '/Tecnopotify'
22-Oct-2017 22:03:06.571 INFORMACIÓN [http-nio-8080-exec-142] org.apache.catalina.core.ApplicationContext.log Manager: list: Listing contexts for virtual host 'localhost'
22-Oct-2017 22:03:06.717 INFORMACIÓN [http-nio-8080-exec-147] org.apache.catalina.core.ApplicationContext.log Manager: undeploy: Undeploying web application at '/Tecnopotify'
22-Oct-2017 22:03:37.657 INFORMACIÓN [http-nio-8080-exec-151] org.apache.catalina.core.ApplicationContext.log Manager: list: Listing contexts for virtual host 'localhost'
22-Oct-2017 22:03:37.673 INFORMACIÓN [http-nio-8080-exec-130] org.apache.catalina.core.ApplicationContext.log Manager: list: Listing contexts for virtual host 'localhost'
22-Oct-2017 22:03:37.990 INFORMACIÓN [http-nio-8080-exec-148] org.apache.catalina.core.ApplicationContext.log Manager: install: Installing context configuration at 'file:/tmp/context6510277332279677556.xml'
22-Oct-2017 22:03:43.882 INFORMACIÓN [http-nio-8080-exec-143] org.apache.catalina.core.ApplicationContext.log Manager: start: Starting web application '/Tecnopotify'
22-Oct-2017 22:04:08.454 INFORMACIÓN [http-nio-8080-exec-150] org.apache.catalina.core.ApplicationContext.log Manager: list: Listing contexts for virtual host 'localhost'
22-Oct-2017 22:04:08.474 INFORMACIÓN [247] org.apache.catalina.core.ApplicationContext.log Manager: list: Listing contexts for virtual host 'localhost'
22-Oct-2017 22:04:08.824 INFORMACIÓN [http-nio-8080-exec-149] org.apache.catalina.core.ApplicationContext.log Manager: undeploy: Undeploying web application at '/Tecnopotify'
22-Oct-2017 22:04:12.361 INFORMACIÓN [http-nio-8080-exec-130] org.apache.catalina.core.ApplicationContext.log Manager: install: Installing context configuration at 'file:/tmp/context317718761060132792.xml'
22-Oct-2017 22:04:16.680 INFORMACIÓN [http-nio-8080-exec-151] org.apache.catalina.core.ApplicationContext.log Manager: start: Starting web application '/Tecnopotify'
22-Oct-2017 22:06:34.755 INFORMACIÓN [http-nio-8080-exec-157] org.apache.catalina.core.ApplicationContext.log Manager: list: Listing contexts for virtual host 'localhost'
22-Oct-2017 22:06:34.763 INFORMACIÓN [http-nio-8080-exec-158] org.apache.catalina.core.ApplicationContext.log Manager: list: Listing contexts for virtual host 'localhost'
22-Oct-2017 22:06:34.900 INFORMACIÓN [http-nio-8080-exec-162] org.apache.catalina.core.ApplicationContext.log Manager: undeploy: Undeploying web application at '/Tecnopotify'
22-Oct-2017 22:06:35.683 INFORMACIÓN [http-nio-8080-exec-165] org.apache.catalina.core.ApplicationContext.log Manager: install: Installing context configuration at 'file:/tmp/context9114581623006481330.xml'
22-Oct-2017 22:06:42.556 INFORMACIÓN [http-nio-8080-exec-163] org.apache.catalina.core.ApplicationContext.log Manager: start: Starting web application '/Tecnopotify'
22-Oct-2017 22:14:01.253 INFORMACIÓN [http-nio-8080-exec-168] org.apache.catalina.core.ApplicationContext.log Manager: list: Listing contexts for virtual host 'localhost'
22-Oct-2017 22:14:01.352 INFORMACIÓN [http-nio-8080-exec-174] org.apache.catalina.core.ApplicationContext.log Manager: undeploy: Undeploying web application at '/Tecnopotify'
22-Oct-2017 22:15:37.665 INFORMACIÓN [http-nio-8080-exec-175] org.apache.catalina.core.ApplicationContext.log Manager: list: Listing contexts for virtual host 'localhost'
22-Oct-2017 22:15:37.725 INFORMACIÓN [http-nio-8080-exec-178] org.apache.catalina.core.ApplicationContext.log Manager: list: Listing contexts for virtual host 'localhost'
22-Oct-2017 22:17:19.192 INFORMACIÓN [http-nio-8080-exec-173] org.apache.catalina.core.ApplicationContext.log Manager: list: Listing contexts for virtual host 'localhost'
22-Oct-2017 22:17:19.199 INFORMACIÓN [http-nio-8080-exec-171] org.apache.catalina.core.ApplicationContext.log Manager: list: Listing contexts for virtual host 'localhost'
22-Oct-2017 22:17:19.254 INFORMACIÓN [http-nio-8080-exec-180] org.apache.catalina.core.ApplicationContext.log Manager: install: Installing context configuration at 'file:/tmp/context7775844125448897947.xml'
22-Oct-2017 22:17:38.005 INFORMACIÓN [http-nio-8080-exec-179] org.apache.catalina.core.ApplicationContext.log Manager: start: Starting web application '/Tecnopotify'
22-Oct-2017 22:17:45.080 INFORMACIÓN [http-nio-8080-exec-179] org.apache.catalina.core.ApplicationContext.log Manager: list: Listing contexts for virtual host 'localhost'
22-Oct-2017 22:17:45.086 INFORMACIÓN [http-nio-8080-exec-177] org.apache.catalina.core.ApplicationContext.log Manager: list: Listing contexts for virtual host 'localhost'
22-Oct-2017 22:26:54.827 INFORMACIÓN [http-nio-8080-exec-181] org.apache.catalina.core.ApplicationContext.log Manager: list: Listing contexts for virtual host 'localhost'
22-Oct-2017 22:26:54.974 INFORMACIÓN [http-nio-8080-exec-185] org.apache.catalina.core.ApplicationContext.log Manager: restart: Reloading web application '/Tecnopotify'
22-Oct-2017 22:27:02.906 INFORMACIÓN [http-nio-8080-exec-178] org.apache.catalina.core.ApplicationContext.log Manager: list: Listing contexts for virtual host 'localhost'
22-Oct-2017 22:27:02.934 INFORMACIÓN [http-nio-8080-exec-183] org.apache.catalina.core.ApplicationContext.log Manager: restart: Reloading web application '/Tecnopotify'
22-Oct-2017 22:27:05.990 INFORMACIÓN [http-nio-8080-exec-185] org.apache.catalina.core.ApplicationContext.log Manager: list: Listing contexts for virtual host 'localhost'
22-Oct-2017 22:27:06.055 INFORMACIÓN [http-nio-8080-exec-178] org.apache.catalina.core.ApplicationContext.log Manager: list: Listing contexts for virtual host 'localhost'
22-Oct-2017 22:27:06.516 INFORMACIÓN [http-nio-8080-exec-187] org.apache.catalina.core.ApplicationContext.log Manager: restart: Reloading web application '/Tecnopotify'
22-Oct-2017 22:37:14.553 INFORMACIÓN [http-nio-8080-exec-196] org.apache.catalina.core.ApplicationContext.log Manager: list: Listing contexts for virtual host 'localhost'
22-Oct-2017 22:38:38.448 INFORMACIÓN [http-nio-8080-exec-196] org.apache.catalina.core.ApplicationContext.log Manager: list: Listing contexts for virtual host 'localhost'
22-Oct-2017 22:56:59.959 INFORMACIÓN [http-nio-8080-exec-196] org.apache.catalina.core.ApplicationContext.log Manager: list: Listing contexts for virtual host 'localhost'
22-Oct-2017 22:57:02.240 INFORMACIÓN [http-nio-8080-exec-195] org.apache.catalina.core.ApplicationContext.log Manager: list: Listing contexts for virtual host 'localhost'
22-Oct-2017 23:13:14.660 INFORMACIÓN [http-nio-8080-exec-192] org.apache.catalina.core.ApplicationContext.log Manager: list: Listing contexts for virtual host 'localhost'
22-Oct-2017 23:13:15.196 INFORMACIÓN [http-nio-8080-exec-196] org.apache.catalina.core.ApplicationContext.log Manager: restart: Reloading web application '/Tecnopotify'
22-Oct-2017 23:13:59.202 INFORMACIÓN [http-nio-8080-exec-200] org.apache.catalina.core.ApplicationContext.log Manager: list: Listing contexts for virtual host 'localhost'
22-Oct-2017 23:25:29.636 INFORMACIÓN [http-nio-8080-exec-206] org.apache.catalina.core.ApplicationContext.log Manager: list: Listing contexts for virtual host 'localhost'
22-Oct-2017 23:25:30.386 INFORMACIÓN [http-nio-8080-exec-203] org.apache.catalina.core.ApplicationContext.log Manager: list: Listing contexts for virtual host 'localhost'
22-Oct-2017 23:25:30.430 INFORMACIÓN [http-nio-8080-exec-204] org.apache.catalina.core.ApplicationContext.log Manager: restart: Reloading web application '/Tecnopotify'
