17-Oct-2017 17:31:39.453 INFORMACIÓN [http-nio-8080-exec-8] org.apache.catalina.core.ApplicationContext.log Manager: init: Associated with Deployer 'Catalina:type=Deployer,host=localhost'
17-Oct-2017 17:31:39.467 INFORMACIÓN [http-nio-8080-exec-8] org.apache.catalina.core.ApplicationContext.log Manager: init: Global resources are available
17-Oct-2017 17:31:39.470 INFORMACIÓN [http-nio-8080-exec-8] org.apache.catalina.core.ApplicationContext.log Manager: list: Listing contexts for virtual host 'localhost'
17-Oct-2017 17:31:39.505 INFORMACIÓN [http-nio-8080-exec-7] org.apache.catalina.core.ApplicationContext.log Manager: list: Listing contexts for virtual host 'localhost'
17-Oct-2017 17:31:39.605 INFORMACIÓN [http-nio-8080-exec-6] org.apache.catalina.core.ApplicationContext.log Manager: undeploy: Undeploying web application at '/Tecnopotify'
17-Oct-2017 17:31:40.879 INFORMACIÓN [http-nio-8080-exec-4] org.apache.catalina.core.ApplicationContext.log Manager: install: Installing context configuration at 'file:/tmp/context8332057121707724285.xml'
17-Oct-2017 17:31:47.354 INFORMACIÓN [http-nio-8080-exec-5] org.apache.catalina.core.ApplicationContext.log Manager: start: Starting web application '/Tecnopotify'
17-Oct-2017 17:51:54.431 INFORMACIÓN [http-nio-8080-exec-15] org.apache.catalina.core.ApplicationContext.log Manager: list: Listing contexts for virtual host 'localhost'
17-Oct-2017 17:51:54.454 INFORMACIÓN [http-nio-8080-exec-12] org.apache.catalina.core.ApplicationContext.log Manager: list: Listing contexts for virtual host 'localhost'
17-Oct-2017 17:51:54.491 INFORMACIÓN [http-nio-8080-exec-13] org.apache.catalina.core.ApplicationContext.log Manager: undeploy: Undeploying web application at '/Tecnopotify'
17-Oct-2017 17:51:55.109 INFORMACIÓN [http-nio-8080-exec-15] org.apache.catalina.core.ApplicationContext.log Manager: install: Installing context configuration at 'file:/tmp/context921284723842867316.xml'
17-Oct-2017 17:52:00.277 INFORMACIÓN [http-nio-8080-exec-12] org.apache.catalina.core.ApplicationContext.log Manager: start: Starting web application '/Tecnopotify'
17-Oct-2017 18:00:26.267 INFORMACIÓN [http-nio-8080-exec-30] org.apache.catalina.core.ApplicationContext.log Manager: list: Listing contexts for virtual host 'localhost'
17-Oct-2017 18:00:26.281 INFORMACIÓN [http-nio-8080-exec-21] org.apache.catalina.core.ApplicationContext.log Manager: list: Listing contexts for virtual host 'localhost'
17-Oct-2017 18:00:26.310 INFORMACIÓN [http-nio-8080-exec-22] org.apache.catalina.core.ApplicationContext.log Manager: undeploy: Undeploying web application at '/Tecnopotify'
17-Oct-2017 18:00:26.896 INFORMACIÓN [http-nio-8080-exec-26] org.apache.catalina.core.ApplicationContext.log Manager: install: Installing context configuration at 'file:/tmp/context3095500659862633822.xml'
17-Oct-2017 18:00:30.972 INFORMACIÓN [http-nio-8080-exec-21] org.apache.catalina.core.ApplicationContext.log Manager: start: Starting web application '/Tecnopotify'
17-Oct-2017 18:01:57.838 INFORMACIÓN [http-nio-8080-exec-33] org.apache.catalina.core.ApplicationContext.log Manager: list: Listing contexts for virtual host 'localhost'
17-Oct-2017 18:01:57.855 INFORMACIÓN [http-nio-8080-exec-34] org.apache.catalina.core.ApplicationContext.log Manager: list: Listing contexts for virtual host 'localhost'
17-Oct-2017 18:01:57.885 INFORMACIÓN [http-nio-8080-exec-35] org.apache.catalina.core.ApplicationContext.log Manager: undeploy: Undeploying web application at '/Tecnopotify'
17-Oct-2017 18:01:58.459 INFORMACIÓN [http-nio-8080-exec-40] org.apache.catalina.core.ApplicationContext.log Manager: install: Installing context configuration at 'file:/tmp/context7572920055294401510.xml'
17-Oct-2017 18:02:01.944 INFORMACIÓN [http-nio-8080-exec-36] org.apache.catalina.core.ApplicationContext.log Manager: start: Starting web application '/Tecnopotify'
17-Oct-2017 18:04:02.854 INFORMACIÓN [http-nio-8080-exec-43] org.apache.catalina.core.ApplicationContext.log Manager: list: Listing contexts for virtual host 'localhost'
17-Oct-2017 18:04:02.880 INFORMACIÓN [http-nio-8080-exec-44] org.apache.catalina.core.ApplicationContext.log Manager: list: Listing contexts for virtual host 'localhost'
17-Oct-2017 18:04:02.921 INFORMACIÓN [http-nio-8080-exec-45] org.apache.catalina.core.ApplicationContext.log Manager: undeploy: Undeploying web application at '/Tecnopotify'
17-Oct-2017 18:04:03.484 INFORMACIÓN [http-nio-8080-exec-48] org.apache.catalina.core.ApplicationContext.log Manager: install: Installing context configuration at 'file:/tmp/context2231808391505371288.xml'
17-Oct-2017 18:04:07.174 INFORMACIÓN [http-nio-8080-exec-50] org.apache.catalina.core.ApplicationContext.log Manager: start: Starting web application '/Tecnopotify'
17-Oct-2017 18:09:09.700 INFORMACIÓN [http-nio-8080-exec-58] org.apache.catalina.core.ApplicationContext.log Manager: list: Listing contexts for virtual host 'localhost'
17-Oct-2017 18:09:09.724 INFORMACIÓN [http-nio-8080-exec-59] org.apache.catalina.core.ApplicationContext.log Manager: list: Listing contexts for virtual host 'localhost'
17-Oct-2017 18:09:09.768 INFORMACIÓN [http-nio-8080-exec-51] org.apache.catalina.core.ApplicationContext.log Manager: install: Installing context configuration at 'file:/tmp/context1535412319725359802.xml'
17-Oct-2017 18:09:09.935 INFORMACIÓN [http-nio-8080-exec-52] org.apache.catalina.core.ApplicationContext.log Manager: start: Starting web application '/AplicacionWebPrueba'
17-Oct-2017 18:11:48.135 INFORMACIÓN [http-nio-8080-exec-59] org.apache.catalina.core.ApplicationContext.log Manager: list: Listing contexts for virtual host 'localhost'
17-Oct-2017 18:11:48.165 INFORMACIÓN [http-nio-8080-exec-52] org.apache.catalina.core.ApplicationContext.log Manager: list: Listing contexts for virtual host 'localhost'
17-Oct-2017 18:11:48.226 INFORMACIÓN [http-nio-8080-exec-51] org.apache.catalina.core.ApplicationContext.log Manager: undeploy: Undeploying web application at '/Tecnopotify'
17-Oct-2017 18:11:48.860 INFORMACIÓN [http-nio-8080-exec-58] org.apache.catalina.core.ApplicationContext.log Manager: install: Installing context configuration at 'file:/tmp/context4716587785440218847.xml'
17-Oct-2017 18:11:52.797 INFORMACIÓN [http-nio-8080-exec-54] org.apache.catalina.core.ApplicationContext.log Manager: start: Starting web application '/Tecnopotify'
17-Oct-2017 18:18:53.705 INFORMACIÓN [http-nio-8080-exec-67] org.apache.catalina.core.ApplicationContext.log Manager: list: Listing contexts for virtual host 'localhost'
17-Oct-2017 18:18:53.929 INFORMACIÓN [http-nio-8080-exec-68] org.apache.catalina.core.ApplicationContext.log Manager: restart: Reloading web application '/Tecnopotify'
17-Oct-2017 18:19:01.712 INFORMACIÓN [http-nio-8080-exec-62] org.apache.catalina.core.ApplicationContext.log Manager: list: Listing contexts for virtual host 'localhost'
17-Oct-2017 18:19:01.733 INFORMACIÓN [http-nio-8080-exec-65] org.apache.catalina.core.ApplicationContext.log Manager: restart: Reloading web application '/Tecnopotify'
17-Oct-2017 18:20:05.944 INFORMACIÓN [http-nio-8080-exec-73] org.apache.catalina.core.ApplicationContext.log Manager: list: Listing contexts for virtual host 'localhost'
17-Oct-2017 18:20:05.966 INFORMACIÓN [http-nio-8080-exec-75] org.apache.catalina.core.ApplicationContext.log Manager: list: Listing contexts for virtual host 'localhost'
17-Oct-2017 18:20:06.011 INFORMACIÓN [http-nio-8080-exec-66] org.apache.catalina.core.ApplicationContext.log Manager: undeploy: Undeploying web application at '/Tecnopotify'
17-Oct-2017 18:20:06.598 INFORMACIÓN [http-nio-8080-exec-64] org.apache.catalina.core.ApplicationContext.log Manager: install: Installing context configuration at 'file:/tmp/context994592546302273363.xml'
17-Oct-2017 18:20:10.319 INFORMACIÓN [http-nio-8080-exec-75] org.apache.catalina.core.ApplicationContext.log Manager: start: Starting web application '/Tecnopotify'
17-Oct-2017 18:30:55.429 INFORMACIÓN [http-nio-8080-exec-76] org.apache.catalina.core.ApplicationContext.log Manager: list: Listing contexts for virtual host 'localhost'
17-Oct-2017 18:30:55.459 INFORMACIÓN [http-nio-8080-exec-84] org.apache.catalina.core.ApplicationContext.log Manager: list: Listing contexts for virtual host 'localhost'
17-Oct-2017 18:31:28.654 INFORMACIÓN [http-nio-8080-exec-84] org.apache.catalina.core.ApplicationContext.log Manager: list: Listing contexts for virtual host 'localhost'
17-Oct-2017 18:31:28.662 INFORMACIÓN [http-nio-8080-exec-82] org.apache.catalina.core.ApplicationContext.log Manager: list: Listing contexts for virtual host 'localhost'
17-Oct-2017 19:52:28.740 INFORMACIÓN [http-nio-8080-exec-76] org.apache.catalina.core.ApplicationContext.log Manager: list: Listing contexts for virtual host 'localhost'
17-Oct-2017 19:52:28.866 INFORMACIÓN [http-nio-8080-exec-84] org.apache.catalina.core.ApplicationContext.log Manager: restart: Reloading web application '/Tecnopotify'
17-Oct-2017 19:52:36.895 INFORMACIÓN [http-nio-8080-exec-78] org.apache.catalina.core.ApplicationContext.log Manager: list: Listing contexts for virtual host 'localhost'
17-Oct-2017 19:52:36.911 INFORMACIÓN [http-nio-8080-exec-86] org.apache.catalina.core.ApplicationContext.log Manager: restart: Reloading web application '/Tecnopotify'
17-Oct-2017 20:13:36.201 INFORMACIÓN [http-nio-8080-exec-94] org.apache.catalina.core.ApplicationContext.log Manager: list: Listing contexts for virtual host 'localhost'
17-Oct-2017 20:13:37.213 INFORMACIÓN [http-nio-8080-exec-91] org.apache.catalina.core.ApplicationContext.log Manager: list: Listing contexts for virtual host 'localhost'
17-Oct-2017 20:13:37.323 INFORMACIÓN [http-nio-8080-exec-92] org.apache.catalina.core.ApplicationContext.log Manager: restart: Reloading web application '/Tecnopotify'
17-Oct-2017 20:34:38.960 INFORMACIÓN [http-nio-8080-exec-104] org.apache.catalina.core.ApplicationContext.log Manager: list: Listing contexts for virtual host 'localhost'
17-Oct-2017 20:34:40.415 INFORMACIÓN [http-nio-8080-exec-102] org.apache.catalina.core.ApplicationContext.log Manager: list: Listing contexts for virtual host 'localhost'
17-Oct-2017 20:34:40.473 INFORMACIÓN [http-nio-8080-exec-101] org.apache.catalina.core.ApplicationContext.log Manager: restart: Reloading web application '/Tecnopotify'
17-Oct-2017 20:34:58.329 INFORMACIÓN [http-nio-8080-exec-103] org.apache.catalina.core.ApplicationContext.log Manager: list: Listing contexts for virtual host 'localhost'
17-Oct-2017 20:34:58.341 INFORMACIÓN [http-nio-8080-exec-106] org.apache.catalina.core.ApplicationContext.log Manager: restart: Reloading web application '/Tecnopotify'
17-Oct-2017 20:35:43.928 INFORMACIÓN [http-nio-8080-exec-109] org.apache.catalina.core.ApplicationContext.log Manager: list: Listing contexts for virtual host 'localhost'
17-Oct-2017 20:35:43.970 INFORMACIÓN [http-nio-8080-exec-107] org.apache.catalina.core.ApplicationContext.log Manager: restart: Reloading web application '/Tecnopotify'
17-Oct-2017 20:36:37.874 INFORMACIÓN [http-nio-8080-exec-108] org.apache.catalina.core.ApplicationContext.log Manager: list: Listing contexts for virtual host 'localhost'
17-Oct-2017 20:36:37.960 INFORMACIÓN [http-nio-8080-exec-112] org.apache.catalina.core.ApplicationContext.log Manager: list: Listing contexts for virtual host 'localhost'
17-Oct-2017 20:36:38.203 INFORMACIÓN [http-nio-8080-exec-113] org.apache.catalina.core.ApplicationContext.log Manager: undeploy: Undeploying web application at '/Tecnopotify'
17-Oct-2017 20:36:42.119 INFORMACIÓN [http-nio-8080-exec-115] org.apache.catalina.core.ApplicationContext.log Manager: install: Installing context configuration at 'file:/tmp/context5885868730298917644.xml'
17-Oct-2017 20:41:40.107 INFORMACIÓN [http-nio-8080-exec-122] org.apache.catalina.core.ApplicationContext.log Manager: list: Listing contexts for virtual host 'localhost'
17-Oct-2017 20:41:40.116 INFORMACIÓN [http-nio-8080-exec-118] org.apache.catalina.core.ApplicationContext.log Manager: list: Listing contexts for virtual host 'localhost'
17-Oct-2017 20:41:40.223 INFORMACIÓN [http-nio-8080-exec-120] org.apache.catalina.core.ApplicationContext.log Manager: undeploy: Undeploying web application at '/Tecnopotify'
17-Oct-2017 20:41:40.970 INFORMACIÓN [http-nio-8080-exec-116] org.apache.catalina.core.ApplicationContext.log Manager: install: Installing context configuration at 'file:/tmp/context6059271962561654264.xml'
17-Oct-2017 20:41:48.820 INFORMACIÓN [http-nio-8080-exec-125] org.apache.catalina.core.ApplicationContext.log Manager: start: Starting web application '/Tecnopotify'
17-Oct-2017 20:41:58.275 INFORMACIÓN [http-nio-8080-exec-125] org.apache.catalina.core.ApplicationContext.log Manager: list: Listing contexts for virtual host 'localhost'
17-Oct-2017 20:41:58.309 INFORMACIÓN [http-nio-8080-exec-117] org.apache.catalina.core.ApplicationContext.log Manager: list: Listing contexts for virtual host 'localhost'
17-Oct-2017 20:51:27.329 INFORMACIÓN [http-nio-8080-exec-135] org.apache.catalina.core.ApplicationContext.log Manager: list: Listing contexts for virtual host 'localhost'
17-Oct-2017 20:51:30.142 INFORMACIÓN [http-nio-8080-exec-133] org.apache.catalina.core.ApplicationContext.log Manager: restart: Reloading web application '/Tecnopotify'
17-Oct-2017 21:42:08.921 INFORMACIÓN [http-nio-8080-exec-143] org.apache.catalina.core.ApplicationContext.log Manager: list: Listing contexts for virtual host 'localhost'
17-Oct-2017 21:42:09.025 INFORMACIÓN [http-nio-8080-exec-144] org.apache.catalina.core.ApplicationContext.log Manager: restart: Reloading web application '/Tecnopotify'
